Unable to capture context for thread 4792 in process 14544, can not generate back trace
Unable to capture context for thread 6348 in process 14544, can not generate back trace
Unable to capture context for thread 9424 in process 14544, can not generate back trace
Exception at PC 0x00007FFCFC2BBB93
Printing stacktrace...

[0]  [0x00007FFCFC2BBB93]
[1]  [0x00007FFCFC2BBB93]
[2]  [0x00007FFCFC2BB4A1]
[3]  [0x00007FFCFC2BB3EF]
[4]  [0x00007FFCFC2A19FE]
[5]  [0x00007FFCFC2A0ED1]
[6]  [0x00007FFCFC2A0D76]
[7]  [0x00007FFCFC2479F6]
[8]  [0x00007FFCFC237AFB]
[9]  [0x00007FFCFC35E90A]
[10]  [0x00007FFCFC379F87]
[11]  [0x00007FFCFC37A05F]
[12] (BaseThreadInitThunk+0x14) [0x00007FFD2DA12774]
[13] (RtlUserThreadStart+0x21) [0x00007FFD2DCA0D51]
Done
Exception at PC 0x00007FFCFBFC1A52
Attemped to write at address 0x00007FFCF40DABA4
Printing stacktrace...

[0]  [0x00007FFCFBFC1A52]
[1]  [0x00007FFCFBFC1A52]
[2]  [0x00007FFCFBFC1AD4]
[3]  [0x00007FFCFC103FF7]
[4]  [0x00007FFCFBFE9128]
[5]  [0x00007FFCFC29DFB9]
[6]  [0x00007FFCFC46EF23]
[7]  [0x00007FFCFC37B06B]
[8]  [0x00007FFCFC3708AF]
[9]  [0x00007FFCFC370A32]
[10] (RtlDeactivateActivationContextUnsafeFast+0x1af) [0x00007FFD2DC5485F]
[11] (LdrShutdownProcess+0x12c) [0x00007FFD2DC7D43C]
[12] (RtlExitUserProcess+0xb4) [0x00007FFD2DC7D2F4]
[13] (FatalExit+0xa) [0x00007FFD2DA1C0DA]
[14] (exit+0x75) [0x00007FFD2DB1A045]
[15] (initterm_e+0x21d) [0x00007FFD2DB1A68D]
[16]  [0x00000000004014CD]
[17]  [0x000000000040151B]
[18] (BaseThreadInitThunk+0x14) [0x00007FFD2DA12774]
[19] (RtlUserThreadStart+0x21) [0x00007FFD2DCA0D51]
Done
