INFO: [VRFC 10-2263] Analyzing Verilog file "C:/College/Thesis/AES_2018/aes256 - pipetest/aes128.srcs/sources_1/new/AES_TOP.v" into library xil_defaultlib
INFO: [VRFC 10-311] analyzing module AES_TOP
INFO: [VRFC 10-2458] undeclared symbol finaldone, assumed default net type wire [C:/College/Thesis/AES_2018/aes256 - pipetest/aes128.srcs/sources_1/new/AES_TOP.v:25]
INFO: [VRFC 10-2263] Analyzing Verilog file "C:/College/Thesis/AES_2018/aes256 - pipetest/aes128.srcs/sources_1/new/KeyGeneration.v" into library xil_defaultlib
INFO: [VRFC 10-311] analyzing module KeyGeneration
INFO: [VRFC 10-2263] Analyzing Verilog file "C:/College/Thesis/AES_2018/aes256 - pipetest/aes128.srcs/sources_1/new/aescipher.v" into library xil_defaultlib
INFO: [VRFC 10-311] analyzing module aescipher
INFO: [VRFC 10-2263] Analyzing Verilog file "C:/College/Thesis/AES_2018/aes256 - pipetest/aes128.srcs/sources_1/new/mixcolumn.v" into library xil_defaultlib
INFO: [VRFC 10-311] analyzing module mixcolumn
INFO: [VRFC 10-2263] Analyzing Verilog file "C:/College/Thesis/AES_2018/aes256 - pipetest/aes128.srcs/sources_1/new/rounds.v" into library xil_defaultlib
INFO: [VRFC 10-311] analyzing module rounds
INFO: [VRFC 10-2263] Analyzing Verilog file "C:/College/Thesis/AES_2018/aes256 - pipetest/aes128.srcs/sources_1/new/rounndlast.v" into library xil_defaultlib
INFO: [VRFC 10-311] analyzing module rounndlast
INFO: [VRFC 10-2263] Analyzing Verilog file "C:/College/Thesis/AES_2018/aes256 - pipetest/aes128.srcs/sources_1/new/sbox.v" into library xil_defaultlib
INFO: [VRFC 10-311] analyzing module sbox
INFO: [VRFC 10-2263] Analyzing Verilog file "C:/College/Thesis/AES_2018/aes256 - pipetest/aes128.srcs/sources_1/new/shiftrow.v" into library xil_defaultlib
INFO: [VRFC 10-311] analyzing module shiftrow
INFO: [VRFC 10-2263] Analyzing Verilog file "C:/College/Thesis/AES_2018/aes256 - pipetest/aes128.srcs/sources_1/new/subbytes.v" into library xil_defaultlib
INFO: [VRFC 10-311] analyzing module subbytes
INFO: [VRFC 10-2263] Analyzing Verilog file "C:/College/Thesis/AES_2018/aes256 - pipetest/aes128.srcs/sources_1/new/uart_tx.v" into library xil_defaultlib
INFO: [VRFC 10-311] analyzing module uart_tx
INFO: [VRFC 10-2263] Analyzing Verilog file "C:/College/Thesis/AES_2018/aes256 - pipetest/aes128.srcs/sim_1/new/AES_TB.v" into library xil_defaultlib
INFO: [VRFC 10-311] analyzing module AES_TB
INFO: [VRFC 10-2263] Analyzing Verilog file "C:/College/Thesis/AES_2018/aes256 - pipetest/aes128.sim/sim_1/behav/glbl.v" into library xil_defaultlib
INFO: [VRFC 10-311] analyzing module glbl
