#-----------------------------------------------------------
# Vivado v2017.1 (64-bit)
# SW Build 1846317 on Fri Apr 14 18:55:03 MDT 2017
# IP Build 1846188 on Fri Apr 14 20:52:08 MDT 2017
# Start of session at: Thu Sep  6 22:59:57 2018
# Process ID: 5580
# Current directory: C:/College/Thesis/AES_2018/aes256
# Command line: vivado.exe -gui_launcher_event rodinguilauncherevent7260 C:\College\Thesis\AES_2018\aes256\aes128.xpr
# Log file: C:/College/Thesis/AES_2018/aes256/vivado.log
# Journal file: C:/College/Thesis/AES_2018/aes256\vivado.jou
#-----------------------------------------------------------
start_gui
open_project C:/College/Thesis/AES_2018/aes256/aes128.xpr
Scanning sources...
Finished scanning sources
INFO: [IP_Flow 19-234] Refreshing IP repositories
INFO: [IP_Flow 19-1704] No user IP repositories specified
INFO: [IP_Flow 19-2313] Loaded Vivado IP repository 'C:/Xilinx/Vivado/2017.1/data/ip'.
open_project: Time (s): cpu = 00:00:15 ; elapsed = 00:00:07 . Memory (MB): peak = 771.699 ; gain = 113.195
update_compile_order -fileset sources_1
exit
INFO: [Common 17-206] Exiting Vivado at Fri Sep  7 01:42:57 2018...
