#-----------------------------------------------------------
# Vivado v2017.1 (64-bit)
# SW Build 1846317 on Fri Apr 14 18:55:03 MDT 2017
# IP Build 1846188 on Fri Apr 14 20:52:08 MDT 2017
# Start of session at: Wed Sep 12 18:33:34 2018
# Process ID: 644
# Current directory: C:/College/Thesis/AES_2018/AES_After 9_10_2018/aes256_pipeline
# Command line: vivado.exe -gui_launcher_event rodinguilauncherevent32 C:\College\Thesis\AES_2018\AES_After 9_10_2018\aes256_pipeline\aes256_pipeline.xpr
# Log file: C:/College/Thesis/AES_2018/AES_After 9_10_2018/aes256_pipeline/vivado.log
# Journal file: C:/College/Thesis/AES_2018/AES_After 9_10_2018/aes256_pipeline\vivado.jou
#-----------------------------------------------------------
start_gui
open_project {C:/College/Thesis/AES_2018/AES_After 9_10_2018/aes256_pipeline/aes256_pipeline.xpr}
Scanning sources...
Finished scanning sources
INFO: [IP_Flow 19-234] Refreshing IP repositories
INFO: [IP_Flow 19-1704] No user IP repositories specified
INFO: [IP_Flow 19-2313] Loaded Vivado IP repository 'C:/Xilinx/Vivado/2017.1/data/ip'.
open_project: Time (s): cpu = 00:00:20 ; elapsed = 00:00:09 . Memory (MB): peak = 773.973 ; gain = 100.148
update_compile_order -fileset sources_1
update_compile_order -fileset sources_1
INFO: [Device 21-403] Loading part xc7a100tcsg324-1
WARNING: [IP_Flow 19-4067] Ignoring invalid widget type specified checkbox.Providing a default widget
WARNING: [IP_Flow 19-4067] Ignoring invalid widget type specified checkbox.Providing a default widget
WARNING: [IP_Flow 19-4067] Ignoring invalid widget type specified checkbox.Providing a default widget
WARNING: [IP_Flow 19-4067] Ignoring invalid widget type specified checkbox.Providing a default widget
WARNING: [IP_Flow 19-4067] Ignoring invalid widget type specified checkbox.Providing a default widget
WARNING: [IP_Flow 19-4067] Ignoring invalid widget type specified checkbox.Providing a default widget
set_property -dict [list CONFIG.Enable_A {Use_ENA_Pin}] [get_ips sbox_mem_gen_0]
generate_target all [get_files  {{C:/College/Thesis/AES_2018/AES_After 9_10_2018/aes256_pipeline/aes256_pipeline.srcs/sources_1/ip/sbox_mem_gen_0/sbox_mem_gen_0.xci}}]
INFO: [IP_Flow 19-1686] Generating 'Instantiation Template' target for IP 'sbox_mem_gen_0'...
INFO: [IP_Flow 19-1686] Generating 'Synthesis' target for IP 'sbox_mem_gen_0'...
INFO: [IP_Flow 19-1686] Generating 'Simulation' target for IP 'sbox_mem_gen_0'...
INFO: [IP_Flow 19-1686] Generating 'Miscellaneous' target for IP 'sbox_mem_gen_0'...
INFO: [IP_Flow 19-1686] Generating 'Change Log' target for IP 'sbox_mem_gen_0'...
catch { config_ip_cache -export [get_ips -all sbox_mem_gen_0] }
INFO: [IP_Flow 19-4993] Using cached IP synthesis design for IP sbox_mem_gen_0, cache-ID = 4187fd7d70316175; cache size = 0.943 MB.
catch { [ delete_ip_run [get_ips -all sbox_mem_gen_0] ] }
INFO: [Project 1-386] Moving file 'C:/College/Thesis/AES_2018/AES_After 9_10_2018/aes256_pipeline/aes256_pipeline.srcs/sources_1/ip/sbox_mem_gen_0/sbox_mem_gen_0.xci' from fileset 'sbox_mem_gen_0' to fileset 'sources_1'.
export_ip_user_files -of_objects [get_files {{C:/College/Thesis/AES_2018/AES_After 9_10_2018/aes256_pipeline/aes256_pipeline.srcs/sources_1/ip/sbox_mem_gen_0/sbox_mem_gen_0.xci}}] -no_script -sync -force -quiet
create_ip_run [get_files -of_objects [get_fileset sources_1] {{C:/College/Thesis/AES_2018/AES_After 9_10_2018/aes256_pipeline/aes256_pipeline.srcs/sources_1/ip/sbox_mem_gen_0/sbox_mem_gen_0.xci}}]
INFO: [Vivado 12-3453] The given sub-design is up-to-date, no action was taken.  If a run is still desired, use the '-force' option for the file:'C:/College/Thesis/AES_2018/AES_After 9_10_2018/aes256_pipeline/aes256_pipeline.srcs/sources_1/ip/sbox_mem_gen_0/sbox_mem_gen_0.xci'
export_simulation -of_objects [get_files {{C:/College/Thesis/AES_2018/AES_After 9_10_2018/aes256_pipeline/aes256_pipeline.srcs/sources_1/ip/sbox_mem_gen_0/sbox_mem_gen_0.xci}}] -directory {C:/College/Thesis/AES_2018/AES_After 9_10_2018/aes256_pipeline/aes256_pipeline.ip_user_files/sim_scripts} -ip_user_files_dir {C:/College/Thesis/AES_2018/AES_After 9_10_2018/aes256_pipeline/aes256_pipeline.ip_user_files} -ipstatic_source_dir {C:/College/Thesis/AES_2018/AES_After 9_10_2018/aes256_pipeline/aes256_pipeline.ip_user_files/ipstatic} -lib_map_path [list {modelsim=C:/College/Thesis/AES_2018/AES_After 9_10_2018/aes256_pipeline/aes256_pipeline.cache/compile_simlib/modelsim} {questa=C:/College/Thesis/AES_2018/AES_After 9_10_2018/aes256_pipeline/aes256_pipeline.cache/compile_simlib/questa} {riviera=C:/College/Thesis/AES_2018/AES_After 9_10_2018/aes256_pipeline/aes256_pipeline.cache/compile_simlib/riviera} {activehdl=C:/College/Thesis/AES_2018/AES_After 9_10_2018/aes256_pipeline/aes256_pipeline.cache/compile_simlib/activehdl}] -use_ip_compiled_libs -force -quiet
update_compile_order -fileset sources_1
WARNING: [IP_Flow 19-4067] Ignoring invalid widget type specified checkbox.Providing a default widget
WARNING: [IP_Flow 19-4067] Ignoring invalid widget type specified checkbox.Providing a default widget
set_property -dict [list CONFIG.Enable_A {Use_ENA_Pin}] [get_ips invSbox_mem_gen_0]
generate_target all [get_files  {{C:/College/Thesis/AES_2018/AES_After 9_10_2018/aes256_pipeline/aes256_pipeline.srcs/sources_1/ip/invSbox_mem_gen_0/invSbox_mem_gen_0.xci}}]
INFO: [IP_Flow 19-1686] Generating 'Instantiation Template' target for IP 'invSbox_mem_gen_0'...
INFO: [IP_Flow 19-1686] Generating 'Synthesis' target for IP 'invSbox_mem_gen_0'...
INFO: [IP_Flow 19-1686] Generating 'Simulation' target for IP 'invSbox_mem_gen_0'...
INFO: [IP_Flow 19-1686] Generating 'Miscellaneous' target for IP 'invSbox_mem_gen_0'...
INFO: [IP_Flow 19-1686] Generating 'Change Log' target for IP 'invSbox_mem_gen_0'...
catch { config_ip_cache -export [get_ips -all invSbox_mem_gen_0] }
INFO: [IP_Flow 19-4993] Using cached IP synthesis design for IP invSbox_mem_gen_0, cache-ID = c7c86e73b3b05527; cache size = 0.943 MB.
catch { [ delete_ip_run [get_ips -all invSbox_mem_gen_0] ] }
INFO: [Project 1-386] Moving file 'C:/College/Thesis/AES_2018/AES_After 9_10_2018/aes256_pipeline/aes256_pipeline.srcs/sources_1/ip/invSbox_mem_gen_0/invSbox_mem_gen_0.xci' from fileset 'invSbox_mem_gen_0' to fileset 'sources_1'.
export_ip_user_files -of_objects [get_files {{C:/College/Thesis/AES_2018/AES_After 9_10_2018/aes256_pipeline/aes256_pipeline.srcs/sources_1/ip/invSbox_mem_gen_0/invSbox_mem_gen_0.xci}}] -no_script -sync -force -quiet
create_ip_run [get_files -of_objects [get_fileset sources_1] {{C:/College/Thesis/AES_2018/AES_After 9_10_2018/aes256_pipeline/aes256_pipeline.srcs/sources_1/ip/invSbox_mem_gen_0/invSbox_mem_gen_0.xci}}]
INFO: [Vivado 12-3453] The given sub-design is up-to-date, no action was taken.  If a run is still desired, use the '-force' option for the file:'C:/College/Thesis/AES_2018/AES_After 9_10_2018/aes256_pipeline/aes256_pipeline.srcs/sources_1/ip/invSbox_mem_gen_0/invSbox_mem_gen_0.xci'
export_simulation -of_objects [get_files {{C:/College/Thesis/AES_2018/AES_After 9_10_2018/aes256_pipeline/aes256_pipeline.srcs/sources_1/ip/invSbox_mem_gen_0/invSbox_mem_gen_0.xci}}] -directory {C:/College/Thesis/AES_2018/AES_After 9_10_2018/aes256_pipeline/aes256_pipeline.ip_user_files/sim_scripts} -ip_user_files_dir {C:/College/Thesis/AES_2018/AES_After 9_10_2018/aes256_pipeline/aes256_pipeline.ip_user_files} -ipstatic_source_dir {C:/College/Thesis/AES_2018/AES_After 9_10_2018/aes256_pipeline/aes256_pipeline.ip_user_files/ipstatic} -lib_map_path [list {modelsim=C:/College/Thesis/AES_2018/AES_After 9_10_2018/aes256_pipeline/aes256_pipeline.cache/compile_simlib/modelsim} {questa=C:/College/Thesis/AES_2018/AES_After 9_10_2018/aes256_pipeline/aes256_pipeline.cache/compile_simlib/questa} {riviera=C:/College/Thesis/AES_2018/AES_After 9_10_2018/aes256_pipeline/aes256_pipeline.cache/compile_simlib/riviera} {activehdl=C:/College/Thesis/AES_2018/AES_After 9_10_2018/aes256_pipeline/aes256_pipeline.cache/compile_simlib/activehdl}] -use_ip_compiled_libs -force -quiet
update_compile_order -fileset sources_1
update_compile_order -fileset sources_1
reset_run synth_1
launch_runs impl_1 -to_step write_bitstream -jobs 2
INFO: [Vivado 12-4149] The synthesis checkpoint for IP 'C:/College/Thesis/AES_2018/AES_After 9_10_2018/aes256_pipeline/aes256_pipeline.srcs/sources_1/ip/sbox_mem_gen_0/sbox_mem_gen_0.xci' is already up-to-date
[Wed Sep 12 18:44:47 2018] Launched synth_1...
Run output will be captured here: C:/College/Thesis/AES_2018/AES_After 9_10_2018/aes256_pipeline/aes256_pipeline.runs/synth_1/runme.log
[Wed Sep 12 18:44:47 2018] Launched impl_1...
Run output will be captured here: C:/College/Thesis/AES_2018/AES_After 9_10_2018/aes256_pipeline/aes256_pipeline.runs/impl_1/runme.log
open_hw
INFO: [Labtools 27-2285] Connecting to hw_server url TCP:localhost:3121
INFO: [Labtools 27-2222] Launching hw_server...
INFO: [Labtools 27-2221] Launch Output:

****** Xilinx hw_server v2017.1
  **** Build date : Apr 14 2017-19:11:07
    ** Copyright 1986-2017 Xilinx, Inc. All Rights Reserved.


connect_hw_server -url localhost:3121
INFO: [Labtools 27-2285] Connecting to hw_server url TCP:localhost:3121
current_hw_target [get_hw_targets */xilinx_tcf/Digilent/210274592338A]
set_property PARAM.FREQUENCY 15000000 [get_hw_targets */xilinx_tcf/Digilent/210274592338A]
open_hw_target
INFO: [Labtoolstcl 44-466] Opening hw_target localhost:3121/xilinx_tcf/Digilent/210274592338A
set_property PROGRAM.FILE {C:/College/Thesis/AES_2018/AES_After 9_10_2018/aes256_pipeline/aes256_pipeline.runs/impl_1/top.bit} [get_hw_devices xc7a100t_0]
current_hw_device [get_hw_devices xc7a100t_0]
refresh_hw_device -update_hw_probes false [lindex [get_hw_devices xc7a100t_0] 0]
INFO: [Labtools 27-1434] Device xc7a100t (JTAG device index = 0) is programmed with a design that has no supported debug core(s) in it.
WARNING: [Labtools 27-3361] The debug hub core was not detected.
Resolution: 
1. Make sure the clock connected to the debug hub (dbg_hub) core is a free running clock and is active.
2. Make sure the BSCAN_SWITCH_USER_MASK device property in Vivado Hardware Manager reflects the user scan chain setting in the design and refresh the device.  To determine the user scan chain setting in the design, open the implemented design and use 'get_property C_USER_SCAN_CHAIN [get_debug_cores dbg_hub]'.
For more details on setting the scan chain property, consult the Vivado Debug and Programming User Guide (UG908).
set_property PROBES.FILE {} [get_hw_devices xc7a100t_0]
set_property FULL_PROBES.FILE {} [get_hw_devices xc7a100t_0]
set_property PROGRAM.FILE {C:/College/Thesis/AES_2018/AES_After 9_10_2018/aes256_pipeline/aes256_pipeline.runs/impl_1/top.bit} [get_hw_devices xc7a100t_0]
program_hw_devices [get_hw_devices xc7a100t_0]
INFO: [Labtools 27-3164] End of startup status: HIGH
refresh_hw_device [lindex [get_hw_devices xc7a100t_0] 0]
INFO: [Labtools 27-1434] Device xc7a100t (JTAG device index = 0) is programmed with a design that has no supported debug core(s) in it.
WARNING: [Labtools 27-3361] The debug hub core was not detected.
Resolution: 
1. Make sure the clock connected to the debug hub (dbg_hub) core is a free running clock and is active.
2. Make sure the BSCAN_SWITCH_USER_MASK device property in Vivado Hardware Manager reflects the user scan chain setting in the design and refresh the device.  To determine the user scan chain setting in the design, open the implemented design and use 'get_property C_USER_SCAN_CHAIN [get_debug_cores dbg_hub]'.
For more details on setting the scan chain property, consult the Vivado Debug and Programming User Guide (UG908).
update_compile_order -fileset sources_1
reset_run synth_1
launch_runs impl_1 -to_step write_bitstream -jobs 2
INFO: [Vivado 12-4149] The synthesis checkpoint for IP 'C:/College/Thesis/AES_2018/AES_After 9_10_2018/aes256_pipeline/aes256_pipeline.srcs/sources_1/ip/invSbox_mem_gen_0/invSbox_mem_gen_0.xci' is already up-to-date
[Wed Sep 12 18:56:22 2018] Launched synth_1...
Run output will be captured here: C:/College/Thesis/AES_2018/AES_After 9_10_2018/aes256_pipeline/aes256_pipeline.runs/synth_1/runme.log
[Wed Sep 12 18:56:23 2018] Launched impl_1...
Run output will be captured here: C:/College/Thesis/AES_2018/AES_After 9_10_2018/aes256_pipeline/aes256_pipeline.runs/impl_1/runme.log
set_property PROBES.FILE {} [get_hw_devices xc7a100t_0]
set_property FULL_PROBES.FILE {} [get_hw_devices xc7a100t_0]
set_property PROGRAM.FILE {C:/College/Thesis/AES_2018/AES_After 9_10_2018/aes256_pipeline/aes256_pipeline.runs/impl_1/top.bit} [get_hw_devices xc7a100t_0]
program_hw_devices [get_hw_devices xc7a100t_0]
INFO: [Labtools 27-3164] End of startup status: HIGH
refresh_hw_device [lindex [get_hw_devices xc7a100t_0] 0]
INFO: [Labtools 27-1434] Device xc7a100t (JTAG device index = 0) is programmed with a design that has no supported debug core(s) in it.
WARNING: [Labtools 27-3361] The debug hub core was not detected.
Resolution: 
1. Make sure the clock connected to the debug hub (dbg_hub) core is a free running clock and is active.
2. Make sure the BSCAN_SWITCH_USER_MASK device property in Vivado Hardware Manager reflects the user scan chain setting in the design and refresh the device.  To determine the user scan chain setting in the design, open the implemented design and use 'get_property C_USER_SCAN_CHAIN [get_debug_cores dbg_hub]'.
For more details on setting the scan chain property, consult the Vivado Debug and Programming User Guide (UG908).
update_compile_order -fileset sources_1
reset_run synth_1
launch_runs impl_1 -to_step write_bitstream -jobs 2
INFO: [Vivado 12-4149] The synthesis checkpoint for IP 'C:/College/Thesis/AES_2018/AES_After 9_10_2018/aes256_pipeline/aes256_pipeline.srcs/sources_1/ip/invSbox_mem_gen_0/invSbox_mem_gen_0.xci' is already up-to-date
INFO: [Vivado 12-4149] The synthesis checkpoint for IP 'C:/College/Thesis/AES_2018/AES_After 9_10_2018/aes256_pipeline/aes256_pipeline.srcs/sources_1/ip/sbox_mem_gen_0/sbox_mem_gen_0.xci' is already up-to-date
[Wed Sep 12 19:10:39 2018] Launched synth_1...
Run output will be captured here: C:/College/Thesis/AES_2018/AES_After 9_10_2018/aes256_pipeline/aes256_pipeline.runs/synth_1/runme.log
[Wed Sep 12 19:10:39 2018] Launched impl_1...
Run output will be captured here: C:/College/Thesis/AES_2018/AES_After 9_10_2018/aes256_pipeline/aes256_pipeline.runs/impl_1/runme.log
close_hw
reset_run synth_1
launch_runs impl_1 -to_step write_bitstream -jobs 2
INFO: [Vivado 12-4149] The synthesis checkpoint for IP 'C:/College/Thesis/AES_2018/AES_After 9_10_2018/aes256_pipeline/aes256_pipeline.srcs/sources_1/ip/invSbox_mem_gen_0/invSbox_mem_gen_0.xci' is already up-to-date
INFO: [Vivado 12-4149] The synthesis checkpoint for IP 'C:/College/Thesis/AES_2018/AES_After 9_10_2018/aes256_pipeline/aes256_pipeline.srcs/sources_1/ip/sbox_mem_gen_0/sbox_mem_gen_0.xci' is already up-to-date
[Wed Sep 12 19:32:16 2018] Launched synth_1...
Run output will be captured here: C:/College/Thesis/AES_2018/AES_After 9_10_2018/aes256_pipeline/aes256_pipeline.runs/synth_1/runme.log
[Wed Sep 12 19:32:16 2018] Launched impl_1...
Run output will be captured here: C:/College/Thesis/AES_2018/AES_After 9_10_2018/aes256_pipeline/aes256_pipeline.runs/impl_1/runme.log
reset_run synth_1
launch_runs impl_1 -to_step write_bitstream -jobs 2
INFO: [Vivado 12-4149] The synthesis checkpoint for IP 'C:/College/Thesis/AES_2018/AES_After 9_10_2018/aes256_pipeline/aes256_pipeline.srcs/sources_1/ip/invSbox_mem_gen_0/invSbox_mem_gen_0.xci' is already up-to-date
INFO: [Vivado 12-4149] The synthesis checkpoint for IP 'C:/College/Thesis/AES_2018/AES_After 9_10_2018/aes256_pipeline/aes256_pipeline.srcs/sources_1/ip/sbox_mem_gen_0/sbox_mem_gen_0.xci' is already up-to-date
[Wed Sep 12 19:33:31 2018] Launched synth_1...
Run output will be captured here: C:/College/Thesis/AES_2018/AES_After 9_10_2018/aes256_pipeline/aes256_pipeline.runs/synth_1/runme.log
[Wed Sep 12 19:33:31 2018] Launched impl_1...
Run output will be captured here: C:/College/Thesis/AES_2018/AES_After 9_10_2018/aes256_pipeline/aes256_pipeline.runs/impl_1/runme.log
reset_run synth_1
launch_runs impl_1 -to_step write_bitstream -jobs 2
INFO: [Vivado 12-4149] The synthesis checkpoint for IP 'C:/College/Thesis/AES_2018/AES_After 9_10_2018/aes256_pipeline/aes256_pipeline.srcs/sources_1/ip/invSbox_mem_gen_0/invSbox_mem_gen_0.xci' is already up-to-date
INFO: [Vivado 12-4149] The synthesis checkpoint for IP 'C:/College/Thesis/AES_2018/AES_After 9_10_2018/aes256_pipeline/aes256_pipeline.srcs/sources_1/ip/sbox_mem_gen_0/sbox_mem_gen_0.xci' is already up-to-date
[Wed Sep 12 19:40:43 2018] Launched synth_1...
Run output will be captured here: C:/College/Thesis/AES_2018/AES_After 9_10_2018/aes256_pipeline/aes256_pipeline.runs/synth_1/runme.log
[Wed Sep 12 19:40:43 2018] Launched impl_1...
Run output will be captured here: C:/College/Thesis/AES_2018/AES_After 9_10_2018/aes256_pipeline/aes256_pipeline.runs/impl_1/runme.log
open_hw
INFO: [Labtools 27-2285] Connecting to hw_server url TCP:localhost:3121
INFO: [Labtools 27-2222] Launching hw_server...
INFO: [Labtools 27-2221] Launch Output:

****** Xilinx hw_server v2017.1
  **** Build date : Apr 14 2017-19:11:07
    ** Copyright 1986-2017 Xilinx, Inc. All Rights Reserved.


connect_hw_server -url localhost:3121
INFO: [Labtools 27-2285] Connecting to hw_server url TCP:localhost:3121
current_hw_target [get_hw_targets */xilinx_tcf/Digilent/210274592338A]
set_property PARAM.FREQUENCY 15000000 [get_hw_targets */xilinx_tcf/Digilent/210274592338A]
open_hw_target
INFO: [Labtoolstcl 44-466] Opening hw_target localhost:3121/xilinx_tcf/Digilent/210274592338A
set_property PROGRAM.FILE {C:/College/Thesis/AES_2018/AES_After 9_10_2018/aes256_pipeline/aes256_pipeline.runs/impl_1/top.bit} [get_hw_devices xc7a100t_0]
current_hw_device [get_hw_devices xc7a100t_0]
refresh_hw_device -update_hw_probes false [lindex [get_hw_devices xc7a100t_0] 0]
INFO: [Labtools 27-1434] Device xc7a100t (JTAG device index = 0) is programmed with a design that has no supported debug core(s) in it.
WARNING: [Labtools 27-3361] The debug hub core was not detected.
Resolution: 
1. Make sure the clock connected to the debug hub (dbg_hub) core is a free running clock and is active.
2. Make sure the BSCAN_SWITCH_USER_MASK device property in Vivado Hardware Manager reflects the user scan chain setting in the design and refresh the device.  To determine the user scan chain setting in the design, open the implemented design and use 'get_property C_USER_SCAN_CHAIN [get_debug_cores dbg_hub]'.
For more details on setting the scan chain property, consult the Vivado Debug and Programming User Guide (UG908).
set_property PROBES.FILE {} [get_hw_devices xc7a100t_0]
set_property FULL_PROBES.FILE {} [get_hw_devices xc7a100t_0]
set_property PROGRAM.FILE {C:/College/Thesis/AES_2018/AES_After 9_10_2018/aes256_pipeline/aes256_pipeline.runs/impl_1/top.bit} [get_hw_devices xc7a100t_0]
program_hw_devices [get_hw_devices xc7a100t_0]
INFO: [Labtools 27-3164] End of startup status: HIGH
refresh_hw_device [lindex [get_hw_devices xc7a100t_0] 0]
INFO: [Labtools 27-1434] Device xc7a100t (JTAG device index = 0) is programmed with a design that has no supported debug core(s) in it.
WARNING: [Labtools 27-3361] The debug hub core was not detected.
Resolution: 
1. Make sure the clock connected to the debug hub (dbg_hub) core is a free running clock and is active.
2. Make sure the BSCAN_SWITCH_USER_MASK device property in Vivado Hardware Manager reflects the user scan chain setting in the design and refresh the device.  To determine the user scan chain setting in the design, open the implemented design and use 'get_property C_USER_SCAN_CHAIN [get_debug_cores dbg_hub]'.
For more details on setting the scan chain property, consult the Vivado Debug and Programming User Guide (UG908).
close_hw
update_compile_order -fileset sources_1
update_compile_order -fileset sources_1
reset_run synth_1
launch_runs impl_1 -to_step write_bitstream -jobs 2
INFO: [Vivado 12-4149] The synthesis checkpoint for IP 'C:/College/Thesis/AES_2018/AES_After 9_10_2018/aes256_pipeline/aes256_pipeline.srcs/sources_1/ip/invSbox_mem_gen_0/invSbox_mem_gen_0.xci' is already up-to-date
INFO: [Vivado 12-4149] The synthesis checkpoint for IP 'C:/College/Thesis/AES_2018/AES_After 9_10_2018/aes256_pipeline/aes256_pipeline.srcs/sources_1/ip/sbox_mem_gen_0/sbox_mem_gen_0.xci' is already up-to-date
[Wed Sep 12 20:06:31 2018] Launched synth_1...
Run output will be captured here: C:/College/Thesis/AES_2018/AES_After 9_10_2018/aes256_pipeline/aes256_pipeline.runs/synth_1/runme.log
[Wed Sep 12 20:06:31 2018] Launched impl_1...
Run output will be captured here: C:/College/Thesis/AES_2018/AES_After 9_10_2018/aes256_pipeline/aes256_pipeline.runs/impl_1/runme.log
open_hw
INFO: [Labtools 27-2285] Connecting to hw_server url TCP:localhost:3121
INFO: [Labtools 27-2222] Launching hw_server...
INFO: [Labtools 27-2221] Launch Output:

****** Xilinx hw_server v2017.1
  **** Build date : Apr 14 2017-19:11:07
    ** Copyright 1986-2017 Xilinx, Inc. All Rights Reserved.


connect_hw_server -url localhost:3121
INFO: [Labtools 27-2285] Connecting to hw_server url TCP:localhost:3121
current_hw_target [get_hw_targets */xilinx_tcf/Digilent/210274592338A]
set_property PARAM.FREQUENCY 15000000 [get_hw_targets */xilinx_tcf/Digilent/210274592338A]
open_hw_target
INFO: [Labtoolstcl 44-466] Opening hw_target localhost:3121/xilinx_tcf/Digilent/210274592338A
set_property PROGRAM.FILE {C:/College/Thesis/AES_2018/AES_After 9_10_2018/aes256_pipeline/aes256_pipeline.runs/impl_1/top.bit} [get_hw_devices xc7a100t_0]
current_hw_device [get_hw_devices xc7a100t_0]
refresh_hw_device -update_hw_probes false [lindex [get_hw_devices xc7a100t_0] 0]
INFO: [Labtools 27-1434] Device xc7a100t (JTAG device index = 0) is programmed with a design that has no supported debug core(s) in it.
WARNING: [Labtools 27-3361] The debug hub core was not detected.
Resolution: 
1. Make sure the clock connected to the debug hub (dbg_hub) core is a free running clock and is active.
2. Make sure the BSCAN_SWITCH_USER_MASK device property in Vivado Hardware Manager reflects the user scan chain setting in the design and refresh the device.  To determine the user scan chain setting in the design, open the implemented design and use 'get_property C_USER_SCAN_CHAIN [get_debug_cores dbg_hub]'.
For more details on setting the scan chain property, consult the Vivado Debug and Programming User Guide (UG908).
set_property PROBES.FILE {} [get_hw_devices xc7a100t_0]
set_property FULL_PROBES.FILE {} [get_hw_devices xc7a100t_0]
set_property PROGRAM.FILE {C:/College/Thesis/AES_2018/AES_After 9_10_2018/aes256_pipeline/aes256_pipeline.runs/impl_1/top.bit} [get_hw_devices xc7a100t_0]
program_hw_devices [get_hw_devices xc7a100t_0]
INFO: [Labtools 27-3164] End of startup status: HIGH
refresh_hw_device [lindex [get_hw_devices xc7a100t_0] 0]
INFO: [Labtools 27-1434] Device xc7a100t (JTAG device index = 0) is programmed with a design that has no supported debug core(s) in it.
WARNING: [Labtools 27-3361] The debug hub core was not detected.
Resolution: 
1. Make sure the clock connected to the debug hub (dbg_hub) core is a free running clock and is active.
2. Make sure the BSCAN_SWITCH_USER_MASK device property in Vivado Hardware Manager reflects the user scan chain setting in the design and refresh the device.  To determine the user scan chain setting in the design, open the implemented design and use 'get_property C_USER_SCAN_CHAIN [get_debug_cores dbg_hub]'.
For more details on setting the scan chain property, consult the Vivado Debug and Programming User Guide (UG908).
ERROR: [Labtoolstcl 44-513] HW Target shutdown. Closing target: localhost:3121/xilinx_tcf/Digilent/210274592338A
INFO: [Labtoolstcl 44-466] Opening hw_target localhost:3121/xilinx_tcf/Digilent/210274592338A
INFO: [Labtools 27-1434] Device xc7a100t (JTAG device index = 0) is programmed with a design that has no supported debug core(s) in it.
WARNING: [Labtools 27-3361] The debug hub core was not detected.
Resolution: 
1. Make sure the clock connected to the debug hub (dbg_hub) core is a free running clock and is active.
2. Make sure the BSCAN_SWITCH_USER_MASK device property in Vivado Hardware Manager reflects the user scan chain setting in the design and refresh the device.  To determine the user scan chain setting in the design, open the implemented design and use 'get_property C_USER_SCAN_CHAIN [get_debug_cores dbg_hub]'.
For more details on setting the scan chain property, consult the Vivado Debug and Programming User Guide (UG908).
WARNING: [Labtoolstcl 44-129] No matching hw_ila_data was found.
