#-----------------------------------------------------------
# Vivado v2017.1 (64-bit)
# SW Build 1846317 on Fri Apr 14 18:55:03 MDT 2017
# IP Build 1846188 on Fri Apr 14 20:52:08 MDT 2017
# Start of session at: Sun Jun 17 23:18:28 2018
# Process ID: 4624
# Current directory: C:/College/Thesis/AES_2018/aes_enc_only
# Command line: vivado.exe -gui_launcher_event rodinguilauncherevent6864 C:\College\Thesis\AES_2018\aes_enc_only\aes_enc_only.xpr
# Log file: C:/College/Thesis/AES_2018/aes_enc_only/vivado.log
# Journal file: C:/College/Thesis/AES_2018/aes_enc_only\vivado.jou
#-----------------------------------------------------------
start_gui
open_project C:/College/Thesis/AES_2018/aes_enc_only/aes_enc_only.xpr
Scanning sources...
Finished scanning sources
INFO: [IP_Flow 19-234] Refreshing IP repositories
INFO: [IP_Flow 19-1704] No user IP repositories specified
INFO: [IP_Flow 19-2313] Loaded Vivado IP repository 'C:/Xilinx/Vivado/2017.1/data/ip'.
open_project: Time (s): cpu = 00:00:19 ; elapsed = 00:00:08 . Memory (MB): peak = 744.461 ; gain = 99.754
update_compile_order -fileset sources_1
exit
INFO: [Common 17-206] Exiting Vivado at Sun Jun 17 23:30:25 2018...
