#-----------------------------------------------------------
# Vivado v2017.1 (64-bit)
# SW Build 1846317 on Fri Apr 14 18:55:03 MDT 2017
# IP Build 1846188 on Fri Apr 14 20:52:08 MDT 2017
# Start of session at: Sun Sep  9 16:19:48 2018
# Process ID: 10576
# Current directory: C:/College/Thesis/AES_2018/fall2018/pipeline_try1 - clk_enc-44-decND
# Command line: vivado.exe -gui_launcher_event rodinguilauncherevent10368 C:\College\Thesis\AES_2018\fall2018\pipeline_try1 - clk_enc-44-decND\pipeline_try1.xpr
# Log file: C:/College/Thesis/AES_2018/fall2018/pipeline_try1 - clk_enc-44-decND/vivado.log
# Journal file: C:/College/Thesis/AES_2018/fall2018/pipeline_try1 - clk_enc-44-decND\vivado.jou
#-----------------------------------------------------------
start_gui
open_project {C:/College/Thesis/AES_2018/fall2018/pipeline_try1 - clk_enc-44-decND/pipeline_try1.xpr}
INFO: [Project 1-313] Project file moved from 'C:/Users/ATAL/Desktop/pipeline_try1 - clk_enc-44-decND' since last save.
Scanning sources...
Finished scanning sources
INFO: [IP_Flow 19-234] Refreshing IP repositories
INFO: [IP_Flow 19-1704] No user IP repositories specified
INFO: [IP_Flow 19-2313] Loaded Vivado IP repository 'C:/Xilinx/Vivado/2017.1/data/ip'.
open_project: Time (s): cpu = 00:00:16 ; elapsed = 00:00:09 . Memory (MB): peak = 732.684 ; gain = 68.484
update_compile_order -fileset sources_1
launch_simulation
INFO: [Vivado 12-4795] Using compiled simulation libraries for IPs
INFO: [SIM-utils-51] Simulation object is 'sim_1'
INFO: [USF-XSim-7] Finding pre-compiled libraries...
INFO: [USF-XSim-11] File 'C:/Xilinx/Vivado/2017.1/data/xsim/ip/xsim_ip.ini' copied to run dir:'C:/College/Thesis/AES_2018/fall2018/pipeline_try1 - clk_enc-44-decND/pipeline_try1.sim/sim_1/behav'
INFO: [SIM-utils-54] Inspecting design source files for 'tb' in fileset 'sim_1'...
INFO: [SIM-utils-43] Exported 'C:/College/Thesis/AES_2018/fall2018/pipeline_try1 - clk_enc-44-decND/pipeline_try1.sim/sim_1/behav/data_mem_gen_0.mif'
INFO: [SIM-utils-43] Exported 'C:/College/Thesis/AES_2018/fall2018/pipeline_try1 - clk_enc-44-decND/pipeline_try1.sim/sim_1/behav/data.coe'
INFO: [USF-XSim-97] Finding global include files...
INFO: [USF-XSim-98] Fetching design files from 'sim_1'...
INFO: [USF-XSim-2] XSim::Compile design
INFO: [USF-XSim-61] Executing 'COMPILE and ANALYZE' step in 'C:/College/Thesis/AES_2018/fall2018/pipeline_try1 - clk_enc-44-decND/pipeline_try1.sim/sim_1/behav'
"xvlog -m64 --relax -prj tb_vlog.prj"
INFO: [VRFC 10-2263] Analyzing Verilog file "C:/College/Thesis/AES_2018/fall2018/pipeline_try1 - clk_enc-44-decND/pipeline_try1.srcs/sources_1/ip/data_mem_gen_0/sim/data_mem_gen_0.v" into library xil_defaultlib
INFO: [VRFC 10-311] analyzing module data_mem_gen_0
INFO: [VRFC 10-2263] Analyzing Verilog file "C:/College/Thesis/AES_2018/fall2018/pipeline_try1 - clk_enc-44-decND/pipeline_try1.srcs/sources_1/new/KeyGeneration.v" into library xil_defaultlib
INFO: [VRFC 10-311] analyzing module KeyGeneration
INFO: [VRFC 10-2263] Analyzing Verilog file "C:/College/Thesis/AES_2018/fall2018/pipeline_try1 - clk_enc-44-decND/pipeline_try1.srcs/sources_1/new/aescipher.v" into library xil_defaultlib
INFO: [VRFC 10-311] analyzing module aescipher
INFO: [VRFC 10-2263] Analyzing Verilog file "C:/College/Thesis/AES_2018/fall2018/pipeline_try1 - clk_enc-44-decND/pipeline_try1.srcs/sources_1/new/databuffer.v" into library xil_defaultlib
INFO: [VRFC 10-311] analyzing module databuffer
INFO: [VRFC 10-2263] Analyzing Verilog file "C:/College/Thesis/AES_2018/fall2018/pipeline_try1 - clk_enc-44-decND/pipeline_try1.srcs/sources_1/new/mixcolumn.v" into library xil_defaultlib
INFO: [VRFC 10-311] analyzing module mixcolumn
INFO: [VRFC 10-2263] Analyzing Verilog file "C:/College/Thesis/AES_2018/fall2018/pipeline_try1 - clk_enc-44-decND/pipeline_try1.srcs/sources_1/new/rounds.v" into library xil_defaultlib
INFO: [VRFC 10-311] analyzing module rounds
INFO: [VRFC 10-2263] Analyzing Verilog file "C:/College/Thesis/AES_2018/fall2018/pipeline_try1 - clk_enc-44-decND/pipeline_try1.srcs/sources_1/new/rounndlast.v" into library xil_defaultlib
INFO: [VRFC 10-311] analyzing module rounndlast
INFO: [VRFC 10-2263] Analyzing Verilog file "C:/College/Thesis/AES_2018/fall2018/pipeline_try1 - clk_enc-44-decND/pipeline_try1.srcs/sources_1/new/sbox.v" into library xil_defaultlib
INFO: [VRFC 10-311] analyzing module sbox
INFO: [VRFC 10-2263] Analyzing Verilog file "C:/College/Thesis/AES_2018/fall2018/pipeline_try1 - clk_enc-44-decND/pipeline_try1.srcs/sources_1/new/shiftrow.v" into library xil_defaultlib
INFO: [VRFC 10-311] analyzing module shiftrow
INFO: [VRFC 10-2263] Analyzing Verilog file "C:/College/Thesis/AES_2018/fall2018/pipeline_try1 - clk_enc-44-decND/pipeline_try1.srcs/sources_1/new/subbytes.v" into library xil_defaultlib
INFO: [VRFC 10-311] analyzing module subbytes
INFO: [VRFC 10-2263] Analyzing Verilog file "C:/College/Thesis/AES_2018/fall2018/pipeline_try1 - clk_enc-44-decND/pipeline_try1.srcs/sources_1/new/top.v" into library xil_defaultlib
INFO: [VRFC 10-311] analyzing module top
INFO: [VRFC 10-2263] Analyzing Verilog file "C:/College/Thesis/AES_2018/fall2018/pipeline_try1 - clk_enc-44-decND/pipeline_try1.srcs/sim_1/new/tb.v" into library xil_defaultlib
INFO: [VRFC 10-311] analyzing module tb
INFO: [VRFC 10-2263] Analyzing Verilog file "C:/College/Thesis/AES_2018/fall2018/pipeline_try1 - clk_enc-44-decND/pipeline_try1.sim/sim_1/behav/glbl.v" into library xil_defaultlib
INFO: [VRFC 10-311] analyzing module glbl
INFO: [USF-XSim-69] 'compile' step finished in '1' seconds
INFO: [USF-XSim-3] XSim::Elaborate design
INFO: [USF-XSim-61] Executing 'ELABORATE' step in 'C:/College/Thesis/AES_2018/fall2018/pipeline_try1 - clk_enc-44-decND/pipeline_try1.sim/sim_1/behav'
Vivado Simulator 2017.1
Copyright 1986-1999, 2001-2016 Xilinx, Inc. All Rights Reserved.
Running: C:/Xilinx/Vivado/2017.1/bin/unwrapped/win64.o/xelab.exe -wto 2f53f4ae96bc4d3f8dfda049cdc7c0f4 --debug typical --relax --mt 2 -L blk_mem_gen_v8_3_6 -L xil_defaultlib -L unisims_ver -L unimacro_ver -L secureip -L xpm --snapshot tb_behav xil_defaultlib.tb xil_defaultlib.glbl -log elaborate.log 
Using 2 slave threads.
Starting static elaboration
WARNING: [VRFC 10-278] actual bit length 32 differs from formal bit length 1 for port wea [C:/College/Thesis/AES_2018/fall2018/pipeline_try1 - clk_enc-44-decND/pipeline_try1.srcs/sources_1/new/top.v:55]
WARNING: [VRFC 10-278] actual bit length 32 differs from formal bit length 128 for port key [C:/College/Thesis/AES_2018/fall2018/pipeline_try1 - clk_enc-44-decND/pipeline_try1.srcs/sources_1/new/rounds.v:17]
WARNING: [VRFC 10-1783] select index 62 into current_contents is out of bounds [/wrk/2017.1/nightly/2017_04_14_1846317/packages/customer/vivado/data/ip/xilinx/blk_mem_gen_v8_3/simulation/blk_mem_gen_v8_3.v:2420]
Completed static elaboration
Starting simulation data flow analysis
Completed simulation data flow analysis
Time Resolution for simulation is 1ps
Compiling module blk_mem_gen_v8_3_6.blk_mem_gen_v8_3_6_output_stage(...
Compiling module blk_mem_gen_v8_3_6.blk_mem_gen_v8_3_6_output_stage(...
Compiling module blk_mem_gen_v8_3_6.blk_mem_gen_v8_3_6_softecc_outpu...
Compiling module blk_mem_gen_v8_3_6.blk_mem_gen_v8_3_6_mem_module(C_...
Compiling module blk_mem_gen_v8_3_6.blk_mem_gen_v8_3_6(C_FAMILY="art...
Compiling module xil_defaultlib.data_mem_gen_0
Compiling module xil_defaultlib.databuffer
Compiling module xil_defaultlib.KeyGeneration
Compiling module xil_defaultlib.sbox
Compiling module xil_defaultlib.subbytes
Compiling module xil_defaultlib.shiftrow
Compiling module xil_defaultlib.mixcolumn
Compiling module xil_defaultlib.rounds
Compiling module xil_defaultlib.rounndlast
Compiling module xil_defaultlib.aescipher
Compiling module xil_defaultlib.top
Compiling module xil_defaultlib.tb
Compiling module xil_defaultlib.glbl
Built simulation snapshot tb_behav
ERROR: [Common 17-165] Too many positional options when parsing '-notrace', please type 'webtalk -help' for usage info.

INFO: [USF-XSim-69] 'elaborate' step finished in '4' seconds
INFO: [USF-XSim-4] XSim::Simulate design
INFO: [USF-XSim-61] Executing 'SIMULATE' step in 'C:/College/Thesis/AES_2018/fall2018/pipeline_try1 - clk_enc-44-decND/pipeline_try1.sim/sim_1/behav'
INFO: [USF-XSim-98] *** Running xsim
   with args "tb_behav -key {Behavioral:sim_1:Functional:tb} -tclbatch {tb.tcl} -log {simulate.log}"
INFO: [USF-XSim-8] Loading simulator feature
Vivado Simulator 2017.1
Time resolution is 1 ps
source tb.tcl
# set curr_wave [current_wave_config]
# if { [string length $curr_wave] == 0 } {
#   if { [llength [get_objects]] > 0} {
#     add_wave /
#     set_property needs_save false [current_wave_config]
#   } else {
#      send_msg_id Add_Wave-1 WARNING "No top level signals found. Simulator will start without a wave window. If you want to open a wave window go to 'File->New Waveform Configuration' or type 'create_wave_config' in the TCL console."
#   }
# }
# run 1000ns
 Block Memory Generator module loading initial data...
 Block Memory Generator data initialization complete.
Block Memory Generator module tb.T.DATA1.inst.native_mem_module.blk_mem_gen_v8_3_6_inst is using a behavioral model for simulation which will not precisely model memory collision behavior.
INFO: [USF-XSim-96] XSim completed. Design snapshot 'tb_behav' loaded.
INFO: [USF-XSim-97] XSim simulation ran for 1000ns
launch_simulation: Time (s): cpu = 00:00:08 ; elapsed = 00:00:09 . Memory (MB): peak = 763.926 ; gain = 11.238
close_sim
INFO: [Simtcl 6-16] Simulation closed
reset_run synth_1
launch_runs synth_1 -jobs 2
[Sun Sep  9 16:23:23 2018] Launched synth_1...
Run output will be captured here: C:/College/Thesis/AES_2018/fall2018/pipeline_try1 - clk_enc-44-decND/pipeline_try1.runs/synth_1/runme.log
launch_simulation
INFO: [Vivado 12-4795] Using compiled simulation libraries for IPs
INFO: [SIM-utils-51] Simulation object is 'sim_1'
INFO: [USF-XSim-7] Finding pre-compiled libraries...
INFO: [USF-XSim-11] File 'C:/Xilinx/Vivado/2017.1/data/xsim/ip/xsim_ip.ini' copied to run dir:'C:/College/Thesis/AES_2018/fall2018/pipeline_try1 - clk_enc-44-decND/pipeline_try1.sim/sim_1/behav'
INFO: [SIM-utils-54] Inspecting design source files for 'tb' in fileset 'sim_1'...
INFO: [SIM-utils-43] Exported 'C:/College/Thesis/AES_2018/fall2018/pipeline_try1 - clk_enc-44-decND/pipeline_try1.sim/sim_1/behav/data_mem_gen_0.mif'
INFO: [SIM-utils-43] Exported 'C:/College/Thesis/AES_2018/fall2018/pipeline_try1 - clk_enc-44-decND/pipeline_try1.sim/sim_1/behav/data.coe'
INFO: [USF-XSim-97] Finding global include files...
INFO: [USF-XSim-98] Fetching design files from 'sim_1'...
INFO: [USF-XSim-2] XSim::Compile design
INFO: [USF-XSim-61] Executing 'COMPILE and ANALYZE' step in 'C:/College/Thesis/AES_2018/fall2018/pipeline_try1 - clk_enc-44-decND/pipeline_try1.sim/sim_1/behav'
"xvlog -m64 --relax -prj tb_vlog.prj"
INFO: [VRFC 10-2263] Analyzing Verilog file "C:/College/Thesis/AES_2018/fall2018/pipeline_try1 - clk_enc-44-decND/pipeline_try1.srcs/sources_1/ip/data_mem_gen_0/sim/data_mem_gen_0.v" into library xil_defaultlib
INFO: [VRFC 10-311] analyzing module data_mem_gen_0
INFO: [VRFC 10-2263] Analyzing Verilog file "C:/College/Thesis/AES_2018/fall2018/pipeline_try1 - clk_enc-44-decND/pipeline_try1.srcs/sources_1/new/KeyGeneration.v" into library xil_defaultlib
INFO: [VRFC 10-311] analyzing module KeyGeneration
INFO: [VRFC 10-2263] Analyzing Verilog file "C:/College/Thesis/AES_2018/fall2018/pipeline_try1 - clk_enc-44-decND/pipeline_try1.srcs/sources_1/new/aescipher.v" into library xil_defaultlib
INFO: [VRFC 10-311] analyzing module aescipher
INFO: [VRFC 10-2263] Analyzing Verilog file "C:/College/Thesis/AES_2018/fall2018/pipeline_try1 - clk_enc-44-decND/pipeline_try1.srcs/sources_1/new/databuffer.v" into library xil_defaultlib
INFO: [VRFC 10-311] analyzing module databuffer
INFO: [VRFC 10-2263] Analyzing Verilog file "C:/College/Thesis/AES_2018/fall2018/pipeline_try1 - clk_enc-44-decND/pipeline_try1.srcs/sources_1/new/mixcolumn.v" into library xil_defaultlib
INFO: [VRFC 10-311] analyzing module mixcolumn
INFO: [VRFC 10-2263] Analyzing Verilog file "C:/College/Thesis/AES_2018/fall2018/pipeline_try1 - clk_enc-44-decND/pipeline_try1.srcs/sources_1/new/rounds.v" into library xil_defaultlib
INFO: [VRFC 10-311] analyzing module rounds
INFO: [VRFC 10-2263] Analyzing Verilog file "C:/College/Thesis/AES_2018/fall2018/pipeline_try1 - clk_enc-44-decND/pipeline_try1.srcs/sources_1/new/rounndlast.v" into library xil_defaultlib
INFO: [VRFC 10-311] analyzing module rounndlast
INFO: [VRFC 10-2263] Analyzing Verilog file "C:/College/Thesis/AES_2018/fall2018/pipeline_try1 - clk_enc-44-decND/pipeline_try1.srcs/sources_1/new/sbox.v" into library xil_defaultlib
INFO: [VRFC 10-311] analyzing module sbox
INFO: [VRFC 10-2263] Analyzing Verilog file "C:/College/Thesis/AES_2018/fall2018/pipeline_try1 - clk_enc-44-decND/pipeline_try1.srcs/sources_1/new/shiftrow.v" into library xil_defaultlib
INFO: [VRFC 10-311] analyzing module shiftrow
INFO: [VRFC 10-2263] Analyzing Verilog file "C:/College/Thesis/AES_2018/fall2018/pipeline_try1 - clk_enc-44-decND/pipeline_try1.srcs/sources_1/new/subbytes.v" into library xil_defaultlib
INFO: [VRFC 10-311] analyzing module subbytes
INFO: [VRFC 10-2263] Analyzing Verilog file "C:/College/Thesis/AES_2018/fall2018/pipeline_try1 - clk_enc-44-decND/pipeline_try1.srcs/sources_1/new/top.v" into library xil_defaultlib
INFO: [VRFC 10-311] analyzing module top
INFO: [VRFC 10-2263] Analyzing Verilog file "C:/College/Thesis/AES_2018/fall2018/pipeline_try1 - clk_enc-44-decND/pipeline_try1.srcs/sim_1/new/tb.v" into library xil_defaultlib
INFO: [VRFC 10-311] analyzing module tb
INFO: [VRFC 10-2263] Analyzing Verilog file "C:/College/Thesis/AES_2018/fall2018/pipeline_try1 - clk_enc-44-decND/pipeline_try1.sim/sim_1/behav/glbl.v" into library xil_defaultlib
INFO: [VRFC 10-311] analyzing module glbl
INFO: [USF-XSim-69] 'compile' step finished in '1' seconds
INFO: [USF-XSim-3] XSim::Elaborate design
INFO: [USF-XSim-61] Executing 'ELABORATE' step in 'C:/College/Thesis/AES_2018/fall2018/pipeline_try1 - clk_enc-44-decND/pipeline_try1.sim/sim_1/behav'
Vivado Simulator 2017.1
Copyright 1986-1999, 2001-2016 Xilinx, Inc. All Rights Reserved.
Running: C:/Xilinx/Vivado/2017.1/bin/unwrapped/win64.o/xelab.exe -wto 2f53f4ae96bc4d3f8dfda049cdc7c0f4 --debug typical --relax --mt 2 -L blk_mem_gen_v8_3_6 -L xil_defaultlib -L unisims_ver -L unimacro_ver -L secureip -L xpm --snapshot tb_behav xil_defaultlib.tb xil_defaultlib.glbl -log elaborate.log 
Using 2 slave threads.
Starting static elaboration
WARNING: [VRFC 10-278] actual bit length 32 differs from formal bit length 1 for port wea [C:/College/Thesis/AES_2018/fall2018/pipeline_try1 - clk_enc-44-decND/pipeline_try1.srcs/sources_1/new/top.v:55]
WARNING: [VRFC 10-278] actual bit length 32 differs from formal bit length 128 for port key [C:/College/Thesis/AES_2018/fall2018/pipeline_try1 - clk_enc-44-decND/pipeline_try1.srcs/sources_1/new/rounds.v:18]
WARNING: [VRFC 10-278] actual bit length 128 differs from formal bit length 1 for port decrypt [C:/College/Thesis/AES_2018/fall2018/pipeline_try1 - clk_enc-44-decND/pipeline_try1.srcs/sources_1/new/rounndlast.v:12]
WARNING: [VRFC 10-1783] select index 62 into current_contents is out of bounds [/wrk/2017.1/nightly/2017_04_14_1846317/packages/customer/vivado/data/ip/xilinx/blk_mem_gen_v8_3/simulation/blk_mem_gen_v8_3.v:2420]
Completed static elaboration
Starting simulation data flow analysis
Completed simulation data flow analysis
Time Resolution for simulation is 1ps
Compiling module blk_mem_gen_v8_3_6.blk_mem_gen_v8_3_6_output_stage(...
Compiling module blk_mem_gen_v8_3_6.blk_mem_gen_v8_3_6_output_stage(...
Compiling module blk_mem_gen_v8_3_6.blk_mem_gen_v8_3_6_softecc_outpu...
Compiling module blk_mem_gen_v8_3_6.blk_mem_gen_v8_3_6_mem_module(C_...
Compiling module blk_mem_gen_v8_3_6.blk_mem_gen_v8_3_6(C_FAMILY="art...
Compiling module xil_defaultlib.data_mem_gen_0
Compiling module xil_defaultlib.databuffer
Compiling module xil_defaultlib.KeyGeneration
Compiling module xil_defaultlib.sbox
Compiling module xil_defaultlib.subbytes
Compiling module xil_defaultlib.shiftrow
Compiling module xil_defaultlib.mixcolumn
Compiling module xil_defaultlib.rounds
Compiling module xil_defaultlib.rounndlast
Compiling module xil_defaultlib.aescipher
Compiling module xil_defaultlib.top
Compiling module xil_defaultlib.tb
Compiling module xil_defaultlib.glbl
Built simulation snapshot tb_behav
ERROR: [Common 17-165] Too many positional options when parsing '-notrace', please type 'webtalk -help' for usage info.

INFO: [USF-XSim-69] 'elaborate' step finished in '4' seconds
INFO: [USF-XSim-4] XSim::Simulate design
INFO: [USF-XSim-61] Executing 'SIMULATE' step in 'C:/College/Thesis/AES_2018/fall2018/pipeline_try1 - clk_enc-44-decND/pipeline_try1.sim/sim_1/behav'
INFO: [USF-XSim-98] *** Running xsim
   with args "tb_behav -key {Behavioral:sim_1:Functional:tb} -tclbatch {tb.tcl} -log {simulate.log}"
INFO: [USF-XSim-8] Loading simulator feature
Vivado Simulator 2017.1
Time resolution is 1 ps
source tb.tcl
# set curr_wave [current_wave_config]
# if { [string length $curr_wave] == 0 } {
#   if { [llength [get_objects]] > 0} {
#     add_wave /
#     set_property needs_save false [current_wave_config]
#   } else {
#      send_msg_id Add_Wave-1 WARNING "No top level signals found. Simulator will start without a wave window. If you want to open a wave window go to 'File->New Waveform Configuration' or type 'create_wave_config' in the TCL console."
#   }
# }
# run 1000ns
 Block Memory Generator module loading initial data...
 Block Memory Generator data initialization complete.
Block Memory Generator module tb.T.DATA1.inst.native_mem_module.blk_mem_gen_v8_3_6_inst is using a behavioral model for simulation which will not precisely model memory collision behavior.
INFO: [USF-XSim-96] XSim completed. Design snapshot 'tb_behav' loaded.
INFO: [USF-XSim-97] XSim simulation ran for 1000ns
launch_simulation: Time (s): cpu = 00:00:04 ; elapsed = 00:00:08 . Memory (MB): peak = 797.910 ; gain = 4.676
close_sim
INFO: [Simtcl 6-16] Simulation closed
launch_simulation
INFO: [Vivado 12-4795] Using compiled simulation libraries for IPs
INFO: [SIM-utils-51] Simulation object is 'sim_1'
INFO: [USF-XSim-7] Finding pre-compiled libraries...
INFO: [USF-XSim-11] File 'C:/Xilinx/Vivado/2017.1/data/xsim/ip/xsim_ip.ini' copied to run dir:'C:/College/Thesis/AES_2018/fall2018/pipeline_try1 - clk_enc-44-decND/pipeline_try1.sim/sim_1/behav'
INFO: [SIM-utils-54] Inspecting design source files for 'tb' in fileset 'sim_1'...
INFO: [SIM-utils-43] Exported 'C:/College/Thesis/AES_2018/fall2018/pipeline_try1 - clk_enc-44-decND/pipeline_try1.sim/sim_1/behav/data_mem_gen_0.mif'
INFO: [SIM-utils-43] Exported 'C:/College/Thesis/AES_2018/fall2018/pipeline_try1 - clk_enc-44-decND/pipeline_try1.sim/sim_1/behav/data.coe'
INFO: [USF-XSim-97] Finding global include files...
INFO: [USF-XSim-98] Fetching design files from 'sim_1'...
INFO: [USF-XSim-2] XSim::Compile design
INFO: [USF-XSim-61] Executing 'COMPILE and ANALYZE' step in 'C:/College/Thesis/AES_2018/fall2018/pipeline_try1 - clk_enc-44-decND/pipeline_try1.sim/sim_1/behav'
"xvlog -m64 --relax -prj tb_vlog.prj"
INFO: [VRFC 10-2263] Analyzing Verilog file "C:/College/Thesis/AES_2018/fall2018/pipeline_try1 - clk_enc-44-decND/pipeline_try1.srcs/sources_1/ip/data_mem_gen_0/sim/data_mem_gen_0.v" into library xil_defaultlib
INFO: [VRFC 10-311] analyzing module data_mem_gen_0
INFO: [VRFC 10-2263] Analyzing Verilog file "C:/College/Thesis/AES_2018/fall2018/pipeline_try1 - clk_enc-44-decND/pipeline_try1.srcs/sources_1/new/KeyGeneration.v" into library xil_defaultlib
INFO: [VRFC 10-311] analyzing module KeyGeneration
INFO: [VRFC 10-2263] Analyzing Verilog file "C:/College/Thesis/AES_2018/fall2018/pipeline_try1 - clk_enc-44-decND/pipeline_try1.srcs/sources_1/new/aescipher.v" into library xil_defaultlib
INFO: [VRFC 10-311] analyzing module aescipher
INFO: [VRFC 10-2263] Analyzing Verilog file "C:/College/Thesis/AES_2018/fall2018/pipeline_try1 - clk_enc-44-decND/pipeline_try1.srcs/sources_1/new/databuffer.v" into library xil_defaultlib
INFO: [VRFC 10-311] analyzing module databuffer
INFO: [VRFC 10-2263] Analyzing Verilog file "C:/College/Thesis/AES_2018/fall2018/pipeline_try1 - clk_enc-44-decND/pipeline_try1.srcs/sources_1/new/mixcolumn.v" into library xil_defaultlib
INFO: [VRFC 10-311] analyzing module mixcolumn
INFO: [VRFC 10-2263] Analyzing Verilog file "C:/College/Thesis/AES_2018/fall2018/pipeline_try1 - clk_enc-44-decND/pipeline_try1.srcs/sources_1/new/rounds.v" into library xil_defaultlib
INFO: [VRFC 10-311] analyzing module rounds
INFO: [VRFC 10-2263] Analyzing Verilog file "C:/College/Thesis/AES_2018/fall2018/pipeline_try1 - clk_enc-44-decND/pipeline_try1.srcs/sources_1/new/rounndlast.v" into library xil_defaultlib
INFO: [VRFC 10-311] analyzing module rounndlast
INFO: [VRFC 10-2263] Analyzing Verilog file "C:/College/Thesis/AES_2018/fall2018/pipeline_try1 - clk_enc-44-decND/pipeline_try1.srcs/sources_1/new/sbox.v" into library xil_defaultlib
INFO: [VRFC 10-311] analyzing module sbox
INFO: [VRFC 10-2263] Analyzing Verilog file "C:/College/Thesis/AES_2018/fall2018/pipeline_try1 - clk_enc-44-decND/pipeline_try1.srcs/sources_1/new/shiftrow.v" into library xil_defaultlib
INFO: [VRFC 10-311] analyzing module shiftrow
INFO: [VRFC 10-2263] Analyzing Verilog file "C:/College/Thesis/AES_2018/fall2018/pipeline_try1 - clk_enc-44-decND/pipeline_try1.srcs/sources_1/new/subbytes.v" into library xil_defaultlib
INFO: [VRFC 10-311] analyzing module subbytes
INFO: [VRFC 10-2263] Analyzing Verilog file "C:/College/Thesis/AES_2018/fall2018/pipeline_try1 - clk_enc-44-decND/pipeline_try1.srcs/sources_1/new/top.v" into library xil_defaultlib
INFO: [VRFC 10-311] analyzing module top
INFO: [VRFC 10-2263] Analyzing Verilog file "C:/College/Thesis/AES_2018/fall2018/pipeline_try1 - clk_enc-44-decND/pipeline_try1.srcs/sim_1/new/tb.v" into library xil_defaultlib
INFO: [VRFC 10-311] analyzing module tb
INFO: [VRFC 10-2263] Analyzing Verilog file "C:/College/Thesis/AES_2018/fall2018/pipeline_try1 - clk_enc-44-decND/pipeline_try1.sim/sim_1/behav/glbl.v" into library xil_defaultlib
INFO: [VRFC 10-311] analyzing module glbl
INFO: [USF-XSim-69] 'compile' step finished in '1' seconds
INFO: [USF-XSim-3] XSim::Elaborate design
INFO: [USF-XSim-61] Executing 'ELABORATE' step in 'C:/College/Thesis/AES_2018/fall2018/pipeline_try1 - clk_enc-44-decND/pipeline_try1.sim/sim_1/behav'
Vivado Simulator 2017.1
Copyright 1986-1999, 2001-2016 Xilinx, Inc. All Rights Reserved.
Running: C:/Xilinx/Vivado/2017.1/bin/unwrapped/win64.o/xelab.exe -wto 2f53f4ae96bc4d3f8dfda049cdc7c0f4 --debug typical --relax --mt 2 -L blk_mem_gen_v8_3_6 -L xil_defaultlib -L unisims_ver -L unimacro_ver -L secureip -L xpm --snapshot tb_behav xil_defaultlib.tb xil_defaultlib.glbl -log elaborate.log 
Using 2 slave threads.
Starting static elaboration
WARNING: [VRFC 10-278] actual bit length 32 differs from formal bit length 1 for port wea [C:/College/Thesis/AES_2018/fall2018/pipeline_try1 - clk_enc-44-decND/pipeline_try1.srcs/sources_1/new/top.v:55]
WARNING: [VRFC 10-278] actual bit length 32 differs from formal bit length 128 for port key [C:/College/Thesis/AES_2018/fall2018/pipeline_try1 - clk_enc-44-decND/pipeline_try1.srcs/sources_1/new/rounds.v:18]
WARNING: [VRFC 10-278] actual bit length 128 differs from formal bit length 1 for port decrypt [C:/College/Thesis/AES_2018/fall2018/pipeline_try1 - clk_enc-44-decND/pipeline_try1.srcs/sources_1/new/rounndlast.v:12]
WARNING: [VRFC 10-1783] select index 62 into current_contents is out of bounds [/wrk/2017.1/nightly/2017_04_14_1846317/packages/customer/vivado/data/ip/xilinx/blk_mem_gen_v8_3/simulation/blk_mem_gen_v8_3.v:2420]
Completed static elaboration
Starting simulation data flow analysis
Completed simulation data flow analysis
Time Resolution for simulation is 1ps
Compiling module blk_mem_gen_v8_3_6.blk_mem_gen_v8_3_6_output_stage(...
Compiling module blk_mem_gen_v8_3_6.blk_mem_gen_v8_3_6_output_stage(...
Compiling module blk_mem_gen_v8_3_6.blk_mem_gen_v8_3_6_softecc_outpu...
Compiling module blk_mem_gen_v8_3_6.blk_mem_gen_v8_3_6_mem_module(C_...
Compiling module blk_mem_gen_v8_3_6.blk_mem_gen_v8_3_6(C_FAMILY="art...
Compiling module xil_defaultlib.data_mem_gen_0
Compiling module xil_defaultlib.databuffer
Compiling module xil_defaultlib.KeyGeneration
Compiling module xil_defaultlib.sbox
Compiling module xil_defaultlib.subbytes
Compiling module xil_defaultlib.shiftrow
Compiling module xil_defaultlib.mixcolumn
Compiling module xil_defaultlib.rounds
Compiling module xil_defaultlib.rounndlast
Compiling module xil_defaultlib.aescipher
Compiling module xil_defaultlib.top
Compiling module xil_defaultlib.tb
Compiling module xil_defaultlib.glbl
Built simulation snapshot tb_behav
ERROR: [Common 17-165] Too many positional options when parsing '-notrace', please type 'webtalk -help' for usage info.

INFO: [USF-XSim-69] 'elaborate' step finished in '4' seconds
INFO: [USF-XSim-4] XSim::Simulate design
INFO: [USF-XSim-61] Executing 'SIMULATE' step in 'C:/College/Thesis/AES_2018/fall2018/pipeline_try1 - clk_enc-44-decND/pipeline_try1.sim/sim_1/behav'
INFO: [USF-XSim-98] *** Running xsim
   with args "tb_behav -key {Behavioral:sim_1:Functional:tb} -tclbatch {tb.tcl} -log {simulate.log}"
INFO: [USF-XSim-8] Loading simulator feature
Vivado Simulator 2017.1
Time resolution is 1 ps
source tb.tcl
# set curr_wave [current_wave_config]
# if { [string length $curr_wave] == 0 } {
#   if { [llength [get_objects]] > 0} {
#     add_wave /
#     set_property needs_save false [current_wave_config]
#   } else {
#      send_msg_id Add_Wave-1 WARNING "No top level signals found. Simulator will start without a wave window. If you want to open a wave window go to 'File->New Waveform Configuration' or type 'create_wave_config' in the TCL console."
#   }
# }
# run 1000ns
 Block Memory Generator module loading initial data...
 Block Memory Generator data initialization complete.
Block Memory Generator module tb.T.DATA1.inst.native_mem_module.blk_mem_gen_v8_3_6_inst is using a behavioral model for simulation which will not precisely model memory collision behavior.
INFO: [USF-XSim-96] XSim completed. Design snapshot 'tb_behav' loaded.
INFO: [USF-XSim-97] XSim simulation ran for 1000ns
launch_simulation: Time (s): cpu = 00:00:04 ; elapsed = 00:00:08 . Memory (MB): peak = 804.543 ; gain = 6.309
close_sim
INFO: [Simtcl 6-16] Simulation closed
reset_run synth_1
launch_runs synth_1 -jobs 2
[Sun Sep  9 16:31:25 2018] Launched synth_1...
Run output will be captured here: C:/College/Thesis/AES_2018/fall2018/pipeline_try1 - clk_enc-44-decND/pipeline_try1.runs/synth_1/runme.log
launch_simulation
INFO: [Vivado 12-4795] Using compiled simulation libraries for IPs
INFO: [SIM-utils-51] Simulation object is 'sim_1'
INFO: [USF-XSim-7] Finding pre-compiled libraries...
INFO: [USF-XSim-11] File 'C:/Xilinx/Vivado/2017.1/data/xsim/ip/xsim_ip.ini' copied to run dir:'C:/College/Thesis/AES_2018/fall2018/pipeline_try1 - clk_enc-44-decND/pipeline_try1.sim/sim_1/behav'
INFO: [SIM-utils-54] Inspecting design source files for 'tb' in fileset 'sim_1'...
INFO: [SIM-utils-43] Exported 'C:/College/Thesis/AES_2018/fall2018/pipeline_try1 - clk_enc-44-decND/pipeline_try1.sim/sim_1/behav/data_mem_gen_0.mif'
INFO: [SIM-utils-43] Exported 'C:/College/Thesis/AES_2018/fall2018/pipeline_try1 - clk_enc-44-decND/pipeline_try1.sim/sim_1/behav/data.coe'
INFO: [USF-XSim-97] Finding global include files...
INFO: [USF-XSim-98] Fetching design files from 'sim_1'...
INFO: [USF-XSim-2] XSim::Compile design
INFO: [USF-XSim-61] Executing 'COMPILE and ANALYZE' step in 'C:/College/Thesis/AES_2018/fall2018/pipeline_try1 - clk_enc-44-decND/pipeline_try1.sim/sim_1/behav'
"xvlog -m64 --relax -prj tb_vlog.prj"
INFO: [VRFC 10-2263] Analyzing Verilog file "C:/College/Thesis/AES_2018/fall2018/pipeline_try1 - clk_enc-44-decND/pipeline_try1.srcs/sources_1/ip/data_mem_gen_0/sim/data_mem_gen_0.v" into library xil_defaultlib
INFO: [VRFC 10-311] analyzing module data_mem_gen_0
INFO: [VRFC 10-2263] Analyzing Verilog file "C:/College/Thesis/AES_2018/fall2018/pipeline_try1 - clk_enc-44-decND/pipeline_try1.srcs/sources_1/new/KeyGeneration.v" into library xil_defaultlib
INFO: [VRFC 10-311] analyzing module KeyGeneration
INFO: [VRFC 10-2263] Analyzing Verilog file "C:/College/Thesis/AES_2018/fall2018/pipeline_try1 - clk_enc-44-decND/pipeline_try1.srcs/sources_1/new/aescipher.v" into library xil_defaultlib
INFO: [VRFC 10-311] analyzing module aescipher
INFO: [VRFC 10-2263] Analyzing Verilog file "C:/College/Thesis/AES_2018/fall2018/pipeline_try1 - clk_enc-44-decND/pipeline_try1.srcs/sources_1/new/databuffer.v" into library xil_defaultlib
INFO: [VRFC 10-311] analyzing module databuffer
INFO: [VRFC 10-2263] Analyzing Verilog file "C:/College/Thesis/AES_2018/fall2018/pipeline_try1 - clk_enc-44-decND/pipeline_try1.srcs/sources_1/new/mixcolumn.v" into library xil_defaultlib
INFO: [VRFC 10-311] analyzing module mixcolumn
INFO: [VRFC 10-2263] Analyzing Verilog file "C:/College/Thesis/AES_2018/fall2018/pipeline_try1 - clk_enc-44-decND/pipeline_try1.srcs/sources_1/new/rounds.v" into library xil_defaultlib
INFO: [VRFC 10-311] analyzing module rounds
INFO: [VRFC 10-2263] Analyzing Verilog file "C:/College/Thesis/AES_2018/fall2018/pipeline_try1 - clk_enc-44-decND/pipeline_try1.srcs/sources_1/new/rounndlast.v" into library xil_defaultlib
INFO: [VRFC 10-311] analyzing module rounndlast
INFO: [VRFC 10-2263] Analyzing Verilog file "C:/College/Thesis/AES_2018/fall2018/pipeline_try1 - clk_enc-44-decND/pipeline_try1.srcs/sources_1/new/sbox.v" into library xil_defaultlib
INFO: [VRFC 10-311] analyzing module sbox
INFO: [VRFC 10-2263] Analyzing Verilog file "C:/College/Thesis/AES_2018/fall2018/pipeline_try1 - clk_enc-44-decND/pipeline_try1.srcs/sources_1/new/shiftrow.v" into library xil_defaultlib
INFO: [VRFC 10-311] analyzing module shiftrow
INFO: [VRFC 10-2263] Analyzing Verilog file "C:/College/Thesis/AES_2018/fall2018/pipeline_try1 - clk_enc-44-decND/pipeline_try1.srcs/sources_1/new/subbytes.v" into library xil_defaultlib
INFO: [VRFC 10-311] analyzing module subbytes
INFO: [VRFC 10-2263] Analyzing Verilog file "C:/College/Thesis/AES_2018/fall2018/pipeline_try1 - clk_enc-44-decND/pipeline_try1.srcs/sources_1/new/top.v" into library xil_defaultlib
INFO: [VRFC 10-311] analyzing module top
INFO: [VRFC 10-2263] Analyzing Verilog file "C:/College/Thesis/AES_2018/fall2018/pipeline_try1 - clk_enc-44-decND/pipeline_try1.srcs/sim_1/new/tb.v" into library xil_defaultlib
INFO: [VRFC 10-311] analyzing module tb
INFO: [VRFC 10-2263] Analyzing Verilog file "C:/College/Thesis/AES_2018/fall2018/pipeline_try1 - clk_enc-44-decND/pipeline_try1.sim/sim_1/behav/glbl.v" into library xil_defaultlib
INFO: [VRFC 10-311] analyzing module glbl
INFO: [USF-XSim-69] 'compile' step finished in '1' seconds
INFO: [USF-XSim-3] XSim::Elaborate design
INFO: [USF-XSim-61] Executing 'ELABORATE' step in 'C:/College/Thesis/AES_2018/fall2018/pipeline_try1 - clk_enc-44-decND/pipeline_try1.sim/sim_1/behav'
Vivado Simulator 2017.1
Copyright 1986-1999, 2001-2016 Xilinx, Inc. All Rights Reserved.
Running: C:/Xilinx/Vivado/2017.1/bin/unwrapped/win64.o/xelab.exe -wto 2f53f4ae96bc4d3f8dfda049cdc7c0f4 --debug typical --relax --mt 2 -L blk_mem_gen_v8_3_6 -L xil_defaultlib -L unisims_ver -L unimacro_ver -L secureip -L xpm --snapshot tb_behav xil_defaultlib.tb xil_defaultlib.glbl -log elaborate.log 
Using 2 slave threads.
Starting static elaboration
WARNING: [VRFC 10-278] actual bit length 32 differs from formal bit length 1 for port wea [C:/College/Thesis/AES_2018/fall2018/pipeline_try1 - clk_enc-44-decND/pipeline_try1.srcs/sources_1/new/top.v:55]
WARNING: [VRFC 10-278] actual bit length 32 differs from formal bit length 128 for port key [C:/College/Thesis/AES_2018/fall2018/pipeline_try1 - clk_enc-44-decND/pipeline_try1.srcs/sources_1/new/rounds.v:18]
WARNING: [VRFC 10-1783] select index 62 into current_contents is out of bounds [/wrk/2017.1/nightly/2017_04_14_1846317/packages/customer/vivado/data/ip/xilinx/blk_mem_gen_v8_3/simulation/blk_mem_gen_v8_3.v:2420]
Completed static elaboration
Starting simulation data flow analysis
Completed simulation data flow analysis
Time Resolution for simulation is 1ps
Compiling module blk_mem_gen_v8_3_6.blk_mem_gen_v8_3_6_output_stage(...
Compiling module blk_mem_gen_v8_3_6.blk_mem_gen_v8_3_6_output_stage(...
Compiling module blk_mem_gen_v8_3_6.blk_mem_gen_v8_3_6_softecc_outpu...
Compiling module blk_mem_gen_v8_3_6.blk_mem_gen_v8_3_6_mem_module(C_...
Compiling module blk_mem_gen_v8_3_6.blk_mem_gen_v8_3_6(C_FAMILY="art...
Compiling module xil_defaultlib.data_mem_gen_0
Compiling module xil_defaultlib.databuffer
Compiling module xil_defaultlib.KeyGeneration
Compiling module xil_defaultlib.sbox
Compiling module xil_defaultlib.subbytes
Compiling module xil_defaultlib.shiftrow
Compiling module xil_defaultlib.mixcolumn
Compiling module xil_defaultlib.rounds
Compiling module xil_defaultlib.rounndlast
Compiling module xil_defaultlib.aescipher
Compiling module xil_defaultlib.top
Compiling module xil_defaultlib.tb
Compiling module xil_defaultlib.glbl
Built simulation snapshot tb_behav
ERROR: [Common 17-165] Too many positional options when parsing '-notrace', please type 'webtalk -help' for usage info.

INFO: [USF-XSim-69] 'elaborate' step finished in '4' seconds
INFO: [USF-XSim-4] XSim::Simulate design
INFO: [USF-XSim-61] Executing 'SIMULATE' step in 'C:/College/Thesis/AES_2018/fall2018/pipeline_try1 - clk_enc-44-decND/pipeline_try1.sim/sim_1/behav'
INFO: [USF-XSim-98] *** Running xsim
   with args "tb_behav -key {Behavioral:sim_1:Functional:tb} -tclbatch {tb.tcl} -log {simulate.log}"
INFO: [USF-XSim-8] Loading simulator feature
Vivado Simulator 2017.1
Time resolution is 1 ps
source tb.tcl
# set curr_wave [current_wave_config]
# if { [string length $curr_wave] == 0 } {
#   if { [llength [get_objects]] > 0} {
#     add_wave /
#     set_property needs_save false [current_wave_config]
#   } else {
#      send_msg_id Add_Wave-1 WARNING "No top level signals found. Simulator will start without a wave window. If you want to open a wave window go to 'File->New Waveform Configuration' or type 'create_wave_config' in the TCL console."
#   }
# }
# run 1000ns
 Block Memory Generator module loading initial data...
 Block Memory Generator data initialization complete.
Block Memory Generator module tb.T.DATA1.inst.native_mem_module.blk_mem_gen_v8_3_6_inst is using a behavioral model for simulation which will not precisely model memory collision behavior.
INFO: [USF-XSim-96] XSim completed. Design snapshot 'tb_behav' loaded.
INFO: [USF-XSim-97] XSim simulation ran for 1000ns
launch_simulation: Time (s): cpu = 00:00:03 ; elapsed = 00:00:08 . Memory (MB): peak = 811.551 ; gain = 5.656
close_sim
INFO: [Simtcl 6-16] Simulation closed
launch_simulation
INFO: [Vivado 12-4795] Using compiled simulation libraries for IPs
INFO: [SIM-utils-51] Simulation object is 'sim_1'
INFO: [USF-XSim-7] Finding pre-compiled libraries...
INFO: [USF-XSim-11] File 'C:/Xilinx/Vivado/2017.1/data/xsim/ip/xsim_ip.ini' copied to run dir:'C:/College/Thesis/AES_2018/fall2018/pipeline_try1 - clk_enc-44-decND/pipeline_try1.sim/sim_1/behav'
INFO: [SIM-utils-54] Inspecting design source files for 'tb' in fileset 'sim_1'...
INFO: [SIM-utils-43] Exported 'C:/College/Thesis/AES_2018/fall2018/pipeline_try1 - clk_enc-44-decND/pipeline_try1.sim/sim_1/behav/data_mem_gen_0.mif'
INFO: [SIM-utils-43] Exported 'C:/College/Thesis/AES_2018/fall2018/pipeline_try1 - clk_enc-44-decND/pipeline_try1.sim/sim_1/behav/data.coe'
INFO: [USF-XSim-97] Finding global include files...
INFO: [USF-XSim-98] Fetching design files from 'sim_1'...
INFO: [USF-XSim-2] XSim::Compile design
INFO: [USF-XSim-61] Executing 'COMPILE and ANALYZE' step in 'C:/College/Thesis/AES_2018/fall2018/pipeline_try1 - clk_enc-44-decND/pipeline_try1.sim/sim_1/behav'
"xvlog -m64 --relax -prj tb_vlog.prj"
INFO: [VRFC 10-2263] Analyzing Verilog file "C:/College/Thesis/AES_2018/fall2018/pipeline_try1 - clk_enc-44-decND/pipeline_try1.srcs/sources_1/ip/data_mem_gen_0/sim/data_mem_gen_0.v" into library xil_defaultlib
INFO: [VRFC 10-311] analyzing module data_mem_gen_0
INFO: [VRFC 10-2263] Analyzing Verilog file "C:/College/Thesis/AES_2018/fall2018/pipeline_try1 - clk_enc-44-decND/pipeline_try1.srcs/sources_1/new/KeyGeneration.v" into library xil_defaultlib
INFO: [VRFC 10-311] analyzing module KeyGeneration
INFO: [VRFC 10-2263] Analyzing Verilog file "C:/College/Thesis/AES_2018/fall2018/pipeline_try1 - clk_enc-44-decND/pipeline_try1.srcs/sources_1/new/aescipher.v" into library xil_defaultlib
INFO: [VRFC 10-311] analyzing module aescipher
INFO: [VRFC 10-2263] Analyzing Verilog file "C:/College/Thesis/AES_2018/fall2018/pipeline_try1 - clk_enc-44-decND/pipeline_try1.srcs/sources_1/new/databuffer.v" into library xil_defaultlib
INFO: [VRFC 10-311] analyzing module databuffer
INFO: [VRFC 10-2263] Analyzing Verilog file "C:/College/Thesis/AES_2018/fall2018/pipeline_try1 - clk_enc-44-decND/pipeline_try1.srcs/sources_1/new/mixcolumn.v" into library xil_defaultlib
INFO: [VRFC 10-311] analyzing module mixcolumn
INFO: [VRFC 10-2263] Analyzing Verilog file "C:/College/Thesis/AES_2018/fall2018/pipeline_try1 - clk_enc-44-decND/pipeline_try1.srcs/sources_1/new/rounds.v" into library xil_defaultlib
INFO: [VRFC 10-311] analyzing module rounds
INFO: [VRFC 10-2263] Analyzing Verilog file "C:/College/Thesis/AES_2018/fall2018/pipeline_try1 - clk_enc-44-decND/pipeline_try1.srcs/sources_1/new/rounndlast.v" into library xil_defaultlib
INFO: [VRFC 10-311] analyzing module rounndlast
INFO: [VRFC 10-2263] Analyzing Verilog file "C:/College/Thesis/AES_2018/fall2018/pipeline_try1 - clk_enc-44-decND/pipeline_try1.srcs/sources_1/new/sbox.v" into library xil_defaultlib
INFO: [VRFC 10-311] analyzing module sbox
INFO: [VRFC 10-2263] Analyzing Verilog file "C:/College/Thesis/AES_2018/fall2018/pipeline_try1 - clk_enc-44-decND/pipeline_try1.srcs/sources_1/new/shiftrow.v" into library xil_defaultlib
INFO: [VRFC 10-311] analyzing module shiftrow
INFO: [VRFC 10-2263] Analyzing Verilog file "C:/College/Thesis/AES_2018/fall2018/pipeline_try1 - clk_enc-44-decND/pipeline_try1.srcs/sources_1/new/subbytes.v" into library xil_defaultlib
INFO: [VRFC 10-311] analyzing module subbytes
INFO: [VRFC 10-2263] Analyzing Verilog file "C:/College/Thesis/AES_2018/fall2018/pipeline_try1 - clk_enc-44-decND/pipeline_try1.srcs/sources_1/new/top.v" into library xil_defaultlib
INFO: [VRFC 10-311] analyzing module top
INFO: [VRFC 10-2263] Analyzing Verilog file "C:/College/Thesis/AES_2018/fall2018/pipeline_try1 - clk_enc-44-decND/pipeline_try1.srcs/sim_1/new/tb.v" into library xil_defaultlib
INFO: [VRFC 10-311] analyzing module tb
INFO: [VRFC 10-2263] Analyzing Verilog file "C:/College/Thesis/AES_2018/fall2018/pipeline_try1 - clk_enc-44-decND/pipeline_try1.sim/sim_1/behav/glbl.v" into library xil_defaultlib
INFO: [VRFC 10-311] analyzing module glbl
INFO: [USF-XSim-69] 'compile' step finished in '1' seconds
INFO: [USF-XSim-3] XSim::Elaborate design
INFO: [USF-XSim-61] Executing 'ELABORATE' step in 'C:/College/Thesis/AES_2018/fall2018/pipeline_try1 - clk_enc-44-decND/pipeline_try1.sim/sim_1/behav'
Vivado Simulator 2017.1
Copyright 1986-1999, 2001-2016 Xilinx, Inc. All Rights Reserved.
Running: C:/Xilinx/Vivado/2017.1/bin/unwrapped/win64.o/xelab.exe -wto 2f53f4ae96bc4d3f8dfda049cdc7c0f4 --debug typical --relax --mt 2 -L blk_mem_gen_v8_3_6 -L xil_defaultlib -L unisims_ver -L unimacro_ver -L secureip -L xpm --snapshot tb_behav xil_defaultlib.tb xil_defaultlib.glbl -log elaborate.log 
Using 2 slave threads.
Starting static elaboration
WARNING: [VRFC 10-278] actual bit length 32 differs from formal bit length 1 for port wea [C:/College/Thesis/AES_2018/fall2018/pipeline_try1 - clk_enc-44-decND/pipeline_try1.srcs/sources_1/new/top.v:55]
WARNING: [VRFC 10-278] actual bit length 32 differs from formal bit length 128 for port key [C:/College/Thesis/AES_2018/fall2018/pipeline_try1 - clk_enc-44-decND/pipeline_try1.srcs/sources_1/new/rounds.v:18]
WARNING: [VRFC 10-1783] select index 62 into current_contents is out of bounds [/wrk/2017.1/nightly/2017_04_14_1846317/packages/customer/vivado/data/ip/xilinx/blk_mem_gen_v8_3/simulation/blk_mem_gen_v8_3.v:2420]
Completed static elaboration
Starting simulation data flow analysis
Completed simulation data flow analysis
Time Resolution for simulation is 1ps
Compiling module blk_mem_gen_v8_3_6.blk_mem_gen_v8_3_6_output_stage(...
Compiling module blk_mem_gen_v8_3_6.blk_mem_gen_v8_3_6_output_stage(...
Compiling module blk_mem_gen_v8_3_6.blk_mem_gen_v8_3_6_softecc_outpu...
Compiling module blk_mem_gen_v8_3_6.blk_mem_gen_v8_3_6_mem_module(C_...
Compiling module blk_mem_gen_v8_3_6.blk_mem_gen_v8_3_6(C_FAMILY="art...
Compiling module xil_defaultlib.data_mem_gen_0
Compiling module xil_defaultlib.databuffer
Compiling module xil_defaultlib.KeyGeneration
Compiling module xil_defaultlib.sbox
Compiling module xil_defaultlib.subbytes
Compiling module xil_defaultlib.shiftrow
Compiling module xil_defaultlib.mixcolumn
Compiling module xil_defaultlib.rounds
Compiling module xil_defaultlib.rounndlast
Compiling module xil_defaultlib.aescipher
Compiling module xil_defaultlib.top
Compiling module xil_defaultlib.tb
Compiling module xil_defaultlib.glbl
Built simulation snapshot tb_behav
ERROR: [Common 17-165] Too many positional options when parsing '-notrace', please type 'webtalk -help' for usage info.

INFO: [USF-XSim-69] 'elaborate' step finished in '4' seconds
INFO: [USF-XSim-4] XSim::Simulate design
INFO: [USF-XSim-61] Executing 'SIMULATE' step in 'C:/College/Thesis/AES_2018/fall2018/pipeline_try1 - clk_enc-44-decND/pipeline_try1.sim/sim_1/behav'
INFO: [USF-XSim-98] *** Running xsim
   with args "tb_behav -key {Behavioral:sim_1:Functional:tb} -tclbatch {tb.tcl} -log {simulate.log}"
INFO: [USF-XSim-8] Loading simulator feature
Vivado Simulator 2017.1
Time resolution is 1 ps
source tb.tcl
# set curr_wave [current_wave_config]
# if { [string length $curr_wave] == 0 } {
#   if { [llength [get_objects]] > 0} {
#     add_wave /
#     set_property needs_save false [current_wave_config]
#   } else {
#      send_msg_id Add_Wave-1 WARNING "No top level signals found. Simulator will start without a wave window. If you want to open a wave window go to 'File->New Waveform Configuration' or type 'create_wave_config' in the TCL console."
#   }
# }
# run 1000ns
 Block Memory Generator module loading initial data...
 Block Memory Generator data initialization complete.
Block Memory Generator module tb.T.DATA1.inst.native_mem_module.blk_mem_gen_v8_3_6_inst is using a behavioral model for simulation which will not precisely model memory collision behavior.
INFO: [USF-XSim-96] XSim completed. Design snapshot 'tb_behav' loaded.
INFO: [USF-XSim-97] XSim simulation ran for 1000ns
launch_simulation: Time (s): cpu = 00:00:02 ; elapsed = 00:00:08 . Memory (MB): peak = 814.328 ; gain = 0.000
close_sim
INFO: [Simtcl 6-16] Simulation closed
