#-----------------------------------------------------------
# Vivado v2017.1 (64-bit)
# SW Build 1846317 on Fri Apr 14 18:55:03 MDT 2017
# IP Build 1846188 on Fri Apr 14 20:52:08 MDT 2017
# Start of session at: Tue May  1 21:38:14 2018
# Process ID: 9612
# Current directory: C:/College/Thesis/AES_2018/aes_enc_only
# Command line: vivado.exe -gui_launcher_event rodinguilauncherevent8800 C:\College\Thesis\AES_2018\aes_enc_only\aes_enc_only.xpr
# Log file: C:/College/Thesis/AES_2018/aes_enc_only/vivado.log
# Journal file: C:/College/Thesis/AES_2018/aes_enc_only\vivado.jou
#-----------------------------------------------------------
start_gui
open_project C:/College/Thesis/AES_2018/aes_enc_only/aes_enc_only.xpr
Scanning sources...
Finished scanning sources
INFO: [IP_Flow 19-234] Refreshing IP repositories
INFO: [IP_Flow 19-1704] No user IP repositories specified
INFO: [IP_Flow 19-2313] Loaded Vivado IP repository 'C:/Xilinx/Vivado/2017.1/data/ip'.
open_project: Time (s): cpu = 00:00:15 ; elapsed = 00:00:07 . Memory (MB): peak = 750.355 ; gain = 74.180
update_compile_order -fileset sources_1
reset_run synth_1
launch_runs synth_1 -jobs 2
[Thu May  3 23:58:55 2018] Launched synth_1...
Run output will be captured here: C:/College/Thesis/AES_2018/aes_enc_only/aes_enc_only.runs/synth_1/runme.log
launch_runs impl_1 -to_step write_bitstream -jobs 2
[Fri May  4 00:01:42 2018] Launched impl_1...
Run output will be captured here: C:/College/Thesis/AES_2018/aes_enc_only/aes_enc_only.runs/impl_1/runme.log
open_hw
INFO: [Labtools 27-2285] Connecting to hw_server url TCP:localhost:3121
INFO: [Labtools 27-2222] Launching hw_server...
INFO: [Labtools 27-2221] Launch Output:

****** Xilinx hw_server v2017.1
  **** Build date : Apr 14 2017-19:11:07
    ** Copyright 1986-2017 Xilinx, Inc. All Rights Reserved.


connect_hw_server -url localhost:3121
INFO: [Labtools 27-2285] Connecting to hw_server url TCP:localhost:3121
current_hw_target [get_hw_targets */xilinx_tcf/Digilent/210274592278A]
set_property PARAM.FREQUENCY 15000000 [get_hw_targets */xilinx_tcf/Digilent/210274592278A]
open_hw_target
INFO: [Labtoolstcl 44-466] Opening hw_target localhost:3121/xilinx_tcf/Digilent/210274592278A
set_property PROGRAM.FILE {C:/College/Thesis/AES_2018/aes_enc_only/aes_enc_only.runs/impl_1/top.bit} [get_hw_devices xc7a100t_0]
current_hw_device [get_hw_devices xc7a100t_0]
refresh_hw_device -update_hw_probes false [lindex [get_hw_devices xc7a100t_0] 0]
INFO: [Labtools 27-1435] Device xc7a100t (JTAG device index = 0) is not programmed (DONE status = 0).
set_property PROBES.FILE {} [get_hw_devices xc7a100t_0]
set_property FULL_PROBES.FILE {} [get_hw_devices xc7a100t_0]
set_property PROGRAM.FILE {C:/College/Thesis/AES_2018/aes_enc_only/aes_enc_only.runs/impl_1/top.bit} [get_hw_devices xc7a100t_0]
program_hw_devices [get_hw_devices xc7a100t_0]
INFO: [Labtools 27-3164] End of startup status: HIGH
refresh_hw_device [lindex [get_hw_devices xc7a100t_0] 0]
INFO: [Labtools 27-1434] Device xc7a100t (JTAG device index = 0) is programmed with a design that has no supported debug core(s) in it.
WARNING: [Labtools 27-3361] The debug hub core was not detected.
Resolution: 
1. Make sure the clock connected to the debug hub (dbg_hub) core is a free running clock and is active.
2. Make sure the BSCAN_SWITCH_USER_MASK device property in Vivado Hardware Manager reflects the user scan chain setting in the design and refresh the device.  To determine the user scan chain setting in the design, open the implemented design and use 'get_property C_USER_SCAN_CHAIN [get_debug_cores dbg_hub]'.
For more details on setting the scan chain property, consult the Vivado Debug and Programming User Guide (UG908).
reset_run synth_1
launch_runs synth_1 -jobs 2
[Fri May  4 00:10:09 2018] Launched synth_1...
Run output will be captured here: C:/College/Thesis/AES_2018/aes_enc_only/aes_enc_only.runs/synth_1/runme.log
close_hw
close_hw: Time (s): cpu = 00:00:23 ; elapsed = 00:00:26 . Memory (MB): peak = 972.117 ; gain = 0.000
launch_runs impl_1 -to_step write_bitstream -jobs 2
[Fri May  4 00:11:27 2018] Launched impl_1...
Run output will be captured here: C:/College/Thesis/AES_2018/aes_enc_only/aes_enc_only.runs/impl_1/runme.log
launch_simulation
INFO: [SIM-utils-51] Simulation object is 'sim_1'
INFO: [SIM-utils-54] Inspecting design source files for 'enc_testbench' in fileset 'sim_1'...
INFO: [USF-XSim-97] Finding global include files...
INFO: [USF-XSim-98] Fetching design files from 'sim_1'...
INFO: [USF-XSim-2] XSim::Compile design
INFO: [USF-XSim-61] Executing 'COMPILE and ANALYZE' step in 'C:/College/Thesis/AES_2018/aes_enc_only/aes_enc_only.sim/sim_1/behav'
"xvlog -m64 --relax -prj enc_testbench_vlog.prj"
INFO: [VRFC 10-2263] Analyzing Verilog file "C:/College/Thesis/AES_2018/aes_enc_only/aes_enc_only.srcs/sources_1/new/aes_enc_core.v" into library xil_defaultlib
INFO: [VRFC 10-311] analyzing module aes_enc_core
INFO: [VRFC 10-2263] Analyzing Verilog file "C:/College/Thesis/AES_2018/aes_enc_only/aes_enc_only.srcs/sim_1/new/enc_testbench.v" into library xil_defaultlib
INFO: [VRFC 10-311] analyzing module enc_testbench
INFO: [VRFC 10-2263] Analyzing Verilog file "C:/College/Thesis/AES_2018/aes_enc_only/aes_enc_only.sim/sim_1/behav/glbl.v" into library xil_defaultlib
INFO: [VRFC 10-311] analyzing module glbl
INFO: [USF-XSim-69] 'compile' step finished in '1' seconds
INFO: [USF-XSim-3] XSim::Elaborate design
INFO: [USF-XSim-61] Executing 'ELABORATE' step in 'C:/College/Thesis/AES_2018/aes_enc_only/aes_enc_only.sim/sim_1/behav'
Vivado Simulator 2017.1
Copyright 1986-1999, 2001-2016 Xilinx, Inc. All Rights Reserved.
Running: C:/Xilinx/Vivado/2017.1/bin/unwrapped/win64.o/xelab.exe -wto 0f5bd61fbb634e5bbf834367541f3d91 --debug typical --relax --mt 2 -L xil_defaultlib -L unisims_ver -L unimacro_ver -L secureip --snapshot enc_testbench_behav xil_defaultlib.enc_testbench xil_defaultlib.glbl -log elaborate.log 
Using 2 slave threads.
Starting static elaboration
WARNING: [VRFC 10-278] actual bit length 32 differs from formal bit length 1920 for port keyIn [C:/College/Thesis/AES_2018/aes_enc_only/aes_enc_only.srcs/sim_1/new/enc_testbench.v:37]
ERROR: [VRFC 10-851] illegal output port connection to ledDone [C:/College/Thesis/AES_2018/aes_enc_only/aes_enc_only.srcs/sim_1/new/enc_testbench.v:37]
ERROR: [XSIM 43-3322] Static elaboration of top level Verilog design unit(s) in library work failed.
INFO: [USF-XSim-69] 'elaborate' step finished in '2' seconds
INFO: [USF-XSim-99] Step results log file:'C:/College/Thesis/AES_2018/aes_enc_only/aes_enc_only.sim/sim_1/behav/elaborate.log'
ERROR: [USF-XSim-62] 'elaborate' step failed with error(s). Please check the Tcl console output or 'C:/College/Thesis/AES_2018/aes_enc_only/aes_enc_only.sim/sim_1/behav/elaborate.log' file for more information.
ERROR: [Vivado 12-4473] Detected error while running simulation. Please correct the issue and retry this operation.
ERROR: [Common 17-39] 'launch_simulation' failed due to earlier errors.
launch_simulation
INFO: [SIM-utils-51] Simulation object is 'sim_1'
INFO: [SIM-utils-54] Inspecting design source files for 'enc_testbench' in fileset 'sim_1'...
INFO: [USF-XSim-97] Finding global include files...
INFO: [USF-XSim-98] Fetching design files from 'sim_1'...
INFO: [USF-XSim-2] XSim::Compile design
INFO: [USF-XSim-61] Executing 'COMPILE and ANALYZE' step in 'C:/College/Thesis/AES_2018/aes_enc_only/aes_enc_only.sim/sim_1/behav'
"xvlog -m64 --relax -prj enc_testbench_vlog.prj"
INFO: [VRFC 10-2263] Analyzing Verilog file "C:/College/Thesis/AES_2018/aes_enc_only/aes_enc_only.srcs/sources_1/new/aes_enc_core.v" into library xil_defaultlib
INFO: [VRFC 10-311] analyzing module aes_enc_core
INFO: [VRFC 10-2263] Analyzing Verilog file "C:/College/Thesis/AES_2018/aes_enc_only/aes_enc_only.srcs/sim_1/new/enc_testbench.v" into library xil_defaultlib
INFO: [VRFC 10-311] analyzing module enc_testbench
INFO: [VRFC 10-2263] Analyzing Verilog file "C:/College/Thesis/AES_2018/aes_enc_only/aes_enc_only.sim/sim_1/behav/glbl.v" into library xil_defaultlib
INFO: [VRFC 10-311] analyzing module glbl
INFO: [USF-XSim-69] 'compile' step finished in '1' seconds
INFO: [USF-XSim-3] XSim::Elaborate design
INFO: [USF-XSim-61] Executing 'ELABORATE' step in 'C:/College/Thesis/AES_2018/aes_enc_only/aes_enc_only.sim/sim_1/behav'
Vivado Simulator 2017.1
Copyright 1986-1999, 2001-2016 Xilinx, Inc. All Rights Reserved.
Running: C:/Xilinx/Vivado/2017.1/bin/unwrapped/win64.o/xelab.exe -wto 0f5bd61fbb634e5bbf834367541f3d91 --debug typical --relax --mt 2 -L xil_defaultlib -L unisims_ver -L unimacro_ver -L secureip --snapshot enc_testbench_behav xil_defaultlib.enc_testbench xil_defaultlib.glbl -log elaborate.log 
Using 2 slave threads.
Starting static elaboration
WARNING: [VRFC 10-278] actual bit length 32 differs from formal bit length 1920 for port keyIn [C:/College/Thesis/AES_2018/aes_enc_only/aes_enc_only.srcs/sim_1/new/enc_testbench.v:37]
Completed static elaboration
Starting simulation data flow analysis
Completed simulation data flow analysis
Time Resolution for simulation is 1ps
Compiling module xil_defaultlib.aes_enc_core
Compiling module xil_defaultlib.enc_testbench
Compiling module xil_defaultlib.glbl
Built simulation snapshot enc_testbench_behav

****** Webtalk v2017.1 (64-bit)
  **** SW Build 1846317 on Fri Apr 14 18:55:03 MDT 2017
  **** IP Build 1846188 on Fri Apr 14 20:52:08 MDT 2017
    ** Copyright 1986-2017 Xilinx, Inc. All Rights Reserved.

source C:/College/Thesis/AES_2018/aes_enc_only/aes_enc_only.sim/sim_1/behav/xsim.dir/enc_testbench_behav/webtalk/xsim_webtalk.tcl -notrace
INFO: [Common 17-186] 'C:/College/Thesis/AES_2018/aes_enc_only/aes_enc_only.sim/sim_1/behav/xsim.dir/enc_testbench_behav/webtalk/usage_statistics_ext_xsim.xml' has been successfully sent to Xilinx on Fri May  4 00:17:12 2018. For additional details about this file, please refer to the WebTalk help file at C:/Xilinx/Vivado/2017.1/doc/webtalk_introduction.html.
INFO: [Common 17-206] Exiting Webtalk at Fri May  4 00:17:12 2018...
run_program: Time (s): cpu = 00:00:01 ; elapsed = 00:00:06 . Memory (MB): peak = 987.633 ; gain = 0.000
INFO: [USF-XSim-69] 'elaborate' step finished in '6' seconds
INFO: [USF-XSim-4] XSim::Simulate design
INFO: [USF-XSim-61] Executing 'SIMULATE' step in 'C:/College/Thesis/AES_2018/aes_enc_only/aes_enc_only.sim/sim_1/behav'
INFO: [USF-XSim-98] *** Running xsim
   with args "enc_testbench_behav -key {Behavioral:sim_1:Functional:enc_testbench} -tclbatch {enc_testbench.tcl} -log {simulate.log}"
INFO: [USF-XSim-8] Loading simulator feature
Vivado Simulator 2017.1
Time resolution is 1 ps
source enc_testbench.tcl
# set curr_wave [current_wave_config]
# if { [string length $curr_wave] == 0 } {
#   if { [llength [get_objects]] > 0} {
#     add_wave /
#     set_property needs_save false [current_wave_config]
#   } else {
#      send_msg_id Add_Wave-1 WARNING "No top level signals found. Simulator will start without a wave window. If you want to open a wave window go to 'File->New Waveform Configuration' or type 'create_wave_config' in the TCL console."
#   }
# }
# run 1000ns
INFO: [USF-XSim-96] XSim completed. Design snapshot 'enc_testbench_behav' loaded.
INFO: [USF-XSim-97] XSim simulation ran for 1000ns
launch_simulation: Time (s): cpu = 00:00:05 ; elapsed = 00:00:11 . Memory (MB): peak = 997.762 ; gain = 10.129
open_hw
INFO: [Labtools 27-2285] Connecting to hw_server url TCP:localhost:3121
INFO: [Labtools 27-2222] Launching hw_server...
INFO: [Labtools 27-2221] Launch Output:

****** Xilinx hw_server v2017.1
  **** Build date : Apr 14 2017-19:11:07
    ** Copyright 1986-2017 Xilinx, Inc. All Rights Reserved.


connect_hw_server -url localhost:3121
INFO: [Labtools 27-2285] Connecting to hw_server url TCP:localhost:3121
current_hw_target [get_hw_targets */xilinx_tcf/Digilent/210274592278A]
set_property PARAM.FREQUENCY 15000000 [get_hw_targets */xilinx_tcf/Digilent/210274592278A]
open_hw_target
INFO: [Labtoolstcl 44-466] Opening hw_target localhost:3121/xilinx_tcf/Digilent/210274592278A
set_property PROGRAM.FILE {C:/College/Thesis/AES_2018/aes_enc_only/aes_enc_only.runs/impl_1/top.bit} [get_hw_devices xc7a100t_0]
current_hw_device [get_hw_devices xc7a100t_0]
refresh_hw_device -update_hw_probes false [lindex [get_hw_devices xc7a100t_0] 0]
INFO: [Labtools 27-1434] Device xc7a100t (JTAG device index = 0) is programmed with a design that has no supported debug core(s) in it.
WARNING: [Labtools 27-3361] The debug hub core was not detected.
Resolution: 
1. Make sure the clock connected to the debug hub (dbg_hub) core is a free running clock and is active.
2. Make sure the BSCAN_SWITCH_USER_MASK device property in Vivado Hardware Manager reflects the user scan chain setting in the design and refresh the device.  To determine the user scan chain setting in the design, open the implemented design and use 'get_property C_USER_SCAN_CHAIN [get_debug_cores dbg_hub]'.
For more details on setting the scan chain property, consult the Vivado Debug and Programming User Guide (UG908).
set_property PROBES.FILE {} [get_hw_devices xc7a100t_0]
set_property FULL_PROBES.FILE {} [get_hw_devices xc7a100t_0]
set_property PROGRAM.FILE {C:/College/Thesis/AES_2018/aes_enc_only/aes_enc_only.runs/impl_1/top.bit} [get_hw_devices xc7a100t_0]
program_hw_devices [get_hw_devices xc7a100t_0]
INFO: [Labtools 27-3164] End of startup status: HIGH
refresh_hw_device [lindex [get_hw_devices xc7a100t_0] 0]
INFO: [Labtools 27-1434] Device xc7a100t (JTAG device index = 0) is programmed with a design that has no supported debug core(s) in it.
WARNING: [Labtools 27-3361] The debug hub core was not detected.
Resolution: 
1. Make sure the clock connected to the debug hub (dbg_hub) core is a free running clock and is active.
2. Make sure the BSCAN_SWITCH_USER_MASK device property in Vivado Hardware Manager reflects the user scan chain setting in the design and refresh the device.  To determine the user scan chain setting in the design, open the implemented design and use 'get_property C_USER_SCAN_CHAIN [get_debug_cores dbg_hub]'.
For more details on setting the scan chain property, consult the Vivado Debug and Programming User Guide (UG908).
close_hw
close_sim
INFO: [Simtcl 6-16] Simulation closed
reset_run synth_1
launch_runs impl_1 -to_step write_bitstream -jobs 2
[Fri May  4 00:29:50 2018] Launched synth_1...
Run output will be captured here: C:/College/Thesis/AES_2018/aes_enc_only/aes_enc_only.runs/synth_1/runme.log
[Fri May  4 00:29:50 2018] Launched impl_1...
Run output will be captured here: C:/College/Thesis/AES_2018/aes_enc_only/aes_enc_only.runs/impl_1/runme.log
launch_simulation
INFO: [SIM-utils-51] Simulation object is 'sim_1'
INFO: [SIM-utils-54] Inspecting design source files for 'enc_testbench' in fileset 'sim_1'...
INFO: [USF-XSim-97] Finding global include files...
INFO: [USF-XSim-98] Fetching design files from 'sim_1'...
INFO: [USF-XSim-2] XSim::Compile design
INFO: [USF-XSim-61] Executing 'COMPILE and ANALYZE' step in 'C:/College/Thesis/AES_2018/aes_enc_only/aes_enc_only.sim/sim_1/behav'
"xvlog -m64 --relax -prj enc_testbench_vlog.prj"
INFO: [VRFC 10-2263] Analyzing Verilog file "C:/College/Thesis/AES_2018/aes_enc_only/aes_enc_only.srcs/sources_1/new/aes_enc_core.v" into library xil_defaultlib
INFO: [VRFC 10-311] analyzing module aes_enc_core
INFO: [VRFC 10-2263] Analyzing Verilog file "C:/College/Thesis/AES_2018/aes_enc_only/aes_enc_only.srcs/sim_1/new/enc_testbench.v" into library xil_defaultlib
INFO: [VRFC 10-311] analyzing module enc_testbench
INFO: [VRFC 10-2263] Analyzing Verilog file "C:/College/Thesis/AES_2018/aes_enc_only/aes_enc_only.sim/sim_1/behav/glbl.v" into library xil_defaultlib
INFO: [VRFC 10-311] analyzing module glbl
INFO: [USF-XSim-69] 'compile' step finished in '1' seconds
INFO: [USF-XSim-3] XSim::Elaborate design
INFO: [USF-XSim-61] Executing 'ELABORATE' step in 'C:/College/Thesis/AES_2018/aes_enc_only/aes_enc_only.sim/sim_1/behav'
Vivado Simulator 2017.1
Copyright 1986-1999, 2001-2016 Xilinx, Inc. All Rights Reserved.
Running: C:/Xilinx/Vivado/2017.1/bin/unwrapped/win64.o/xelab.exe -wto 0f5bd61fbb634e5bbf834367541f3d91 --debug typical --relax --mt 2 -L xil_defaultlib -L unisims_ver -L unimacro_ver -L secureip --snapshot enc_testbench_behav xil_defaultlib.enc_testbench xil_defaultlib.glbl -log elaborate.log 
Using 2 slave threads.
Starting static elaboration
WARNING: [VRFC 10-278] actual bit length 32 differs from formal bit length 1920 for port keyIn [C:/College/Thesis/AES_2018/aes_enc_only/aes_enc_only.srcs/sim_1/new/enc_testbench.v:37]
Completed static elaboration
Starting simulation data flow analysis
Completed simulation data flow analysis
Time Resolution for simulation is 1ps
Compiling module xil_defaultlib.aes_enc_core
Compiling module xil_defaultlib.enc_testbench
Compiling module xil_defaultlib.glbl
Built simulation snapshot enc_testbench_behav

****** Webtalk v2017.1 (64-bit)
  **** SW Build 1846317 on Fri Apr 14 18:55:03 MDT 2017
  **** IP Build 1846188 on Fri Apr 14 20:52:08 MDT 2017
    ** Copyright 1986-2017 Xilinx, Inc. All Rights Reserved.

source C:/College/Thesis/AES_2018/aes_enc_only/aes_enc_only.sim/sim_1/behav/xsim.dir/enc_testbench_behav/webtalk/xsim_webtalk.tcl -notrace
INFO: [Common 17-186] 'C:/College/Thesis/AES_2018/aes_enc_only/aes_enc_only.sim/sim_1/behav/xsim.dir/enc_testbench_behav/webtalk/usage_statistics_ext_xsim.xml' has been successfully sent to Xilinx on Fri May  4 00:36:00 2018. For additional details about this file, please refer to the WebTalk help file at C:/Xilinx/Vivado/2017.1/doc/webtalk_introduction.html.
INFO: [Common 17-206] Exiting Webtalk at Fri May  4 00:36:00 2018...
INFO: [USF-XSim-69] 'elaborate' step finished in '5' seconds
INFO: [USF-XSim-4] XSim::Simulate design
INFO: [USF-XSim-61] Executing 'SIMULATE' step in 'C:/College/Thesis/AES_2018/aes_enc_only/aes_enc_only.sim/sim_1/behav'
INFO: [USF-XSim-98] *** Running xsim
   with args "enc_testbench_behav -key {Behavioral:sim_1:Functional:enc_testbench} -tclbatch {enc_testbench.tcl} -log {simulate.log}"
INFO: [USF-XSim-8] Loading simulator feature
Vivado Simulator 2017.1
Time resolution is 1 ps
source enc_testbench.tcl
# set curr_wave [current_wave_config]
# if { [string length $curr_wave] == 0 } {
#   if { [llength [get_objects]] > 0} {
#     add_wave /
#     set_property needs_save false [current_wave_config]
#   } else {
#      send_msg_id Add_Wave-1 WARNING "No top level signals found. Simulator will start without a wave window. If you want to open a wave window go to 'File->New Waveform Configuration' or type 'create_wave_config' in the TCL console."
#   }
# }
# run 1000ns
INFO: [USF-XSim-96] XSim completed. Design snapshot 'enc_testbench_behav' loaded.
INFO: [USF-XSim-97] XSim simulation ran for 1000ns
launch_simulation: Time (s): cpu = 00:00:02 ; elapsed = 00:00:08 . Memory (MB): peak = 1006.449 ; gain = 0.000
open_hw
INFO: [Labtools 27-2285] Connecting to hw_server url TCP:localhost:3121
INFO: [Labtools 27-2222] Launching hw_server...
INFO: [Labtools 27-2221] Launch Output:

****** Xilinx hw_server v2017.1
  **** Build date : Apr 14 2017-19:11:07
    ** Copyright 1986-2017 Xilinx, Inc. All Rights Reserved.


connect_hw_server: Time (s): cpu = 00:00:01 ; elapsed = 00:00:07 . Memory (MB): peak = 1006.449 ; gain = 0.000
connect_hw_server -url localhost:3121
INFO: [Labtools 27-2285] Connecting to hw_server url TCP:localhost:3121
current_hw_target [get_hw_targets */xilinx_tcf/Digilent/210274592278A]
set_property PARAM.FREQUENCY 15000000 [get_hw_targets */xilinx_tcf/Digilent/210274592278A]
open_hw_target
INFO: [Labtoolstcl 44-466] Opening hw_target localhost:3121/xilinx_tcf/Digilent/210274592278A
set_property PROGRAM.FILE {C:/College/Thesis/AES_2018/aes_enc_only/aes_enc_only.runs/impl_1/top.bit} [get_hw_devices xc7a100t_0]
current_hw_device [get_hw_devices xc7a100t_0]
refresh_hw_device -update_hw_probes false [lindex [get_hw_devices xc7a100t_0] 0]
INFO: [Labtools 27-1434] Device xc7a100t (JTAG device index = 0) is programmed with a design that has no supported debug core(s) in it.
WARNING: [Labtools 27-3361] The debug hub core was not detected.
Resolution: 
1. Make sure the clock connected to the debug hub (dbg_hub) core is a free running clock and is active.
2. Make sure the BSCAN_SWITCH_USER_MASK device property in Vivado Hardware Manager reflects the user scan chain setting in the design and refresh the device.  To determine the user scan chain setting in the design, open the implemented design and use 'get_property C_USER_SCAN_CHAIN [get_debug_cores dbg_hub]'.
For more details on setting the scan chain property, consult the Vivado Debug and Programming User Guide (UG908).
set_property PROBES.FILE {} [get_hw_devices xc7a100t_0]
set_property FULL_PROBES.FILE {} [get_hw_devices xc7a100t_0]
set_property PROGRAM.FILE {C:/College/Thesis/AES_2018/aes_enc_only/aes_enc_only.runs/impl_1/top.bit} [get_hw_devices xc7a100t_0]
program_hw_devices [get_hw_devices xc7a100t_0]
INFO: [Labtools 27-3164] End of startup status: HIGH
refresh_hw_device [lindex [get_hw_devices xc7a100t_0] 0]
INFO: [Labtools 27-1434] Device xc7a100t (JTAG device index = 0) is programmed with a design that has no supported debug core(s) in it.
WARNING: [Labtools 27-3361] The debug hub core was not detected.
Resolution: 
1. Make sure the clock connected to the debug hub (dbg_hub) core is a free running clock and is active.
2. Make sure the BSCAN_SWITCH_USER_MASK device property in Vivado Hardware Manager reflects the user scan chain setting in the design and refresh the device.  To determine the user scan chain setting in the design, open the implemented design and use 'get_property C_USER_SCAN_CHAIN [get_debug_cores dbg_hub]'.
For more details on setting the scan chain property, consult the Vivado Debug and Programming User Guide (UG908).
close_hw
close_sim
INFO: [Simtcl 6-16] Simulation closed
reset_run synth_1
launch_runs impl_1 -to_step write_bitstream -jobs 2
[Fri May  4 00:54:56 2018] Launched synth_1...
Run output will be captured here: C:/College/Thesis/AES_2018/aes_enc_only/aes_enc_only.runs/synth_1/runme.log
[Fri May  4 00:54:56 2018] Launched impl_1...
Run output will be captured here: C:/College/Thesis/AES_2018/aes_enc_only/aes_enc_only.runs/impl_1/runme.log
reset_run synth_1
launch_runs impl_1 -to_step write_bitstream -jobs 2
[Fri May  4 00:56:18 2018] Launched synth_1...
Run output will be captured here: C:/College/Thesis/AES_2018/aes_enc_only/aes_enc_only.runs/synth_1/runme.log
[Fri May  4 00:56:18 2018] Launched impl_1...
Run output will be captured here: C:/College/Thesis/AES_2018/aes_enc_only/aes_enc_only.runs/impl_1/runme.log
open_hw
INFO: [Labtools 27-2285] Connecting to hw_server url TCP:localhost:3121
INFO: [Labtools 27-2222] Launching hw_server...
INFO: [Labtools 27-2221] Launch Output:

****** Xilinx hw_server v2017.1
  **** Build date : Apr 14 2017-19:11:07
    ** Copyright 1986-2017 Xilinx, Inc. All Rights Reserved.


connect_hw_server -url localhost:3121
INFO: [Labtools 27-2285] Connecting to hw_server url TCP:localhost:3121
current_hw_target [get_hw_targets */xilinx_tcf/Digilent/210274592278A]
set_property PARAM.FREQUENCY 15000000 [get_hw_targets */xilinx_tcf/Digilent/210274592278A]
open_hw_target
INFO: [Labtoolstcl 44-466] Opening hw_target localhost:3121/xilinx_tcf/Digilent/210274592278A
set_property PROGRAM.FILE {C:/College/Thesis/AES_2018/aes_enc_only/aes_enc_only.runs/impl_1/top.bit} [get_hw_devices xc7a100t_0]
current_hw_device [get_hw_devices xc7a100t_0]
refresh_hw_device -update_hw_probes false [lindex [get_hw_devices xc7a100t_0] 0]
INFO: [Labtools 27-1434] Device xc7a100t (JTAG device index = 0) is programmed with a design that has no supported debug core(s) in it.
WARNING: [Labtools 27-3361] The debug hub core was not detected.
Resolution: 
1. Make sure the clock connected to the debug hub (dbg_hub) core is a free running clock and is active.
2. Make sure the BSCAN_SWITCH_USER_MASK device property in Vivado Hardware Manager reflects the user scan chain setting in the design and refresh the device.  To determine the user scan chain setting in the design, open the implemented design and use 'get_property C_USER_SCAN_CHAIN [get_debug_cores dbg_hub]'.
For more details on setting the scan chain property, consult the Vivado Debug and Programming User Guide (UG908).
set_property PROBES.FILE {} [get_hw_devices xc7a100t_0]
set_property FULL_PROBES.FILE {} [get_hw_devices xc7a100t_0]
set_property PROGRAM.FILE {C:/College/Thesis/AES_2018/aes_enc_only/aes_enc_only.runs/impl_1/top.bit} [get_hw_devices xc7a100t_0]
program_hw_devices [get_hw_devices xc7a100t_0]
INFO: [Labtools 27-3164] End of startup status: HIGH
refresh_hw_device [lindex [get_hw_devices xc7a100t_0] 0]
INFO: [Labtools 27-1434] Device xc7a100t (JTAG device index = 0) is programmed with a design that has no supported debug core(s) in it.
WARNING: [Labtools 27-3361] The debug hub core was not detected.
Resolution: 
1. Make sure the clock connected to the debug hub (dbg_hub) core is a free running clock and is active.
2. Make sure the BSCAN_SWITCH_USER_MASK device property in Vivado Hardware Manager reflects the user scan chain setting in the design and refresh the device.  To determine the user scan chain setting in the design, open the implemented design and use 'get_property C_USER_SCAN_CHAIN [get_debug_cores dbg_hub]'.
For more details on setting the scan chain property, consult the Vivado Debug and Programming User Guide (UG908).
exit
INFO: [Common 17-206] Exiting Vivado at Fri May  4 01:02:52 2018...
