Unable to capture context for thread 11792 in process 9332, can not generate back trace
Unable to capture context for thread 12452 in process 9332, can not generate back trace
Unable to capture context for thread 6472 in process 9332, can not generate back trace
Exception at PC 0x00007FFF61B2A388
Unable to capture context for thread 11792 in process 9332, can not generate back trace
Unable to capture context for thread 12452 in process 9332, can not generate back trace
Unable to capture context for thread 6472 in process 9332, can not generate back trace
Exception at PC 0x00007FFEFA6FBB93
Printing stacktrace...

Exception at PC 0x00007FFF61B2A388
Exception at PC 0x00007FFF61B2A388
Exception at PC 0x00007FFF61B2A388
Exception at PC 0x00007FFF61B2A388
Exception at PC 0x00007FFF61B2A388
Exception at PC 0x00007FFF61B2A388
Exception at PC 0x00007FFF61B2A388
Exception at PC 0x00007FFF61B2A388
Exception at PC 0x00007FFF61B2A388
Exception at PC 0x00007FFF61B2A388
Exception at PC 0x00007FFF61B2A388
Exception at PC 0x00007FFF61B2A388
Exception at PC 0x00007FFF61B2A388
Exception at PC 0x00007FFF61B2A388
Exception at PC 0x00007FFF61B2A388
Exception at PC 0x00007FFF61B2A388
Exception at PC 0x00007FFF61B2A388
Exception at PC 0x00007FFF61B2A388
Exception at PC 0x00007FFF61B2A388
[0]  [0x00007FFEFA6FBB93]
[1]  [0x00007FFEFA6FBB93]
[2]  [0x00007FFEFA6FB4A1]
[3]  [0x00007FFEFA6FB3EF]
[4]  [0x00007FFEFA6E19FE]
[5]  [0x00007FFEFA6E0ED1]
[6]  [0x00007FFEFA6E0D76]
[7]  [0x00007FFEFA6879F6]
[8]  [0x00007FFEFA677AFB]
[9]  [0x00007FFEFA79E90A]
[10]  [0x00007FFEFA7B9F87]
[11]  [0x00007FFEFA7BA05F]
[12] (BaseThreadInitThunk+0x14) [0x00007FFF63903034]
[13] (RtlUserThreadStart+0x21) [0x00007FFF64AF1431]
Done
Exception at PC 0x00007FFEFA401A52
Attemped to write at address 0x00007FFF36699BA4
Printing stacktrace...

[0]  [0x00007FFEFA401A52]
[1]  [0x00007FFEFA401A52]
[2]  [0x00007FFEFA401AD4]
[3]  [0x00007FFEFA543FF7]
[4]  [0x00007FFEFA429128]
[5]  [0x00007FFEFA6DDFB9]
[6]  [0x00007FFEFA8AEF23]
[7]  [0x00007FFEFA7BB06B]
[8]  [0x00007FFEFA7B08AF]
[9]  [0x00007FFEFA7B0A32]
[10] (RtlActivateActivationContextUnsafeFast+0x123) [0x00007FFF64AB4023]
[11] (LdrShutdownProcess+0x125) [0x00007FFF64AC09D5]
[12] (RtlExitUserProcess+0xd8) [0x00007FFF64AC0898]
[13] (FatalExit+0xa) [0x00007FFF6390B19A]
[14] (exit+0x75) [0x00007FFF622E9CE5]
[15] (initterm_e+0x235) [0x00007FFF622EA345]
[16]  [0x00000000004014CD]
[17]  [0x000000000040151B]
[18] (BaseThreadInitThunk+0x14) [0x00007FFF63903034]
[19] (RtlUserThreadStart+0x21) [0x00007FFF64AF1431]
Done
