Unable to capture context for thread 1548 in process 6180, can not generate back trace
Unable to capture context for thread 7540 in process 6180, can not generate back trace
Unable to capture context for thread 9652 in process 6180, can not generate back trace
Exception at PC 0x00007FFE8378A388
Unable to capture context for thread 1548 in process 6180, can not generate back trace
Unable to capture context for thread 7540 in process 6180, can not generate back trace
Unable to capture context for thread 9652 in process 6180, can not generate back trace
Exception at PC 0x00007FFE5457BB93
Printing stacktrace...

Exception at PC 0x00007FFE8378A388
Exception at PC 0x00007FFE8378A388
Exception at PC 0x00007FFE8378A388
Exception at PC 0x00007FFE8378A388
Exception at PC 0x00007FFE8378A388
Exception at PC 0x00007FFE8378A388
Exception at PC 0x00007FFE8378A388
Exception at PC 0x00007FFE8378A388
Exception at PC 0x00007FFE8378A388
Exception at PC 0x00007FFE8378A388
Exception at PC 0x00007FFE8378A388
Exception at PC 0x00007FFE8378A388
Exception at PC 0x00007FFE8378A388
Exception at PC 0x00007FFE8378A388
Exception at PC 0x00007FFE8378A388
Exception at PC 0x00007FFE8378A388
Exception at PC 0x00007FFE8378A388
Exception at PC 0x00007FFE8378A388
Exception at PC 0x00007FFE8378A388
[0]  [0x00007FFE5457BB93]
[1]  [0x00007FFE5457BB93]
[2]  [0x00007FFE5457B4A1]
[3]  [0x00007FFE5457B3EF]
[4]  [0x00007FFE545619FE]
[5]  [0x00007FFE54560ED1]
[6]  [0x00007FFE54560D76]
[7]  [0x00007FFE545079F6]
[8]  [0x00007FFE544F7AFB]
[9]  [0x00007FFE5461E90A]
[10]  [0x00007FFE54639F87]
[11]  [0x00007FFE5463A05F]
[12] (BaseThreadInitThunk+0x14) [0x00007FFE85BB3034]
[13] (RtlUserThreadStart+0x21) [0x00007FFE86A31461]
Done
Exception at PC 0x00007FFE54281A52
Attemped to write at address 0x00007FFE52FB9BA4
Printing stacktrace...

[0]  [0x00007FFE54281A52]
[1]  [0x00007FFE54281A52]
[2]  [0x00007FFE54281AD4]
[3]  [0x00007FFE543C3FF7]
[4]  [0x00007FFE542A9128]
[5]  [0x00007FFE5455DFB9]
[6]  [0x00007FFE5472EF23]
[7]  [0x00007FFE5463B06B]
[8]  [0x00007FFE546308AF]
[9]  [0x00007FFE54630A32]
[10] (RtlActivateActivationContextUnsafeFast+0x123) [0x00007FFE869F4053]
[11] (LdrShutdownProcess+0x125) [0x00007FFE86A00A05]
[12] (RtlExitUserProcess+0xd8) [0x00007FFE86A008C8]
[13] (FatalExit+0xa) [0x00007FFE85BBB19A]
[14] (exit+0x75) [0x00007FFE85F29CE5]
[15] (initterm_e+0x235) [0x00007FFE85F2A345]
[16]  [0x00000000004014CD]
[17]  [0x000000000040151B]
[18] (BaseThreadInitThunk+0x14) [0x00007FFE85BB3034]
[19] (RtlUserThreadStart+0x21) [0x00007FFE86A31461]
Done
