Vivado Simulator 2017.1
Copyright 1986-1999, 2001-2016 Xilinx, Inc. All Rights Reserved.
Running: C:/Xilinx/Vivado/2017.1/bin/unwrapped/win64.o/xelab.exe -wto a5fb6f72c6b349b1b0a39b398d85ad4d --debug typical --relax --mt 2 --maxdelay -L xil_defaultlib -L simprims_ver -L secureip --snapshot tb_time_impl -transport_int_delays -pulse_r 0 -pulse_int_r 0 -pulse_e 0 -pulse_int_e 0 xil_defaultlib.tb xil_defaultlib.glbl -log elaborate.log 
Using 2 slave threads.
Starting static elaboration
Completed static elaboration
Starting simulation data flow analysis
Completed simulation data flow analysis
INFO: [XSIM 43-3451] SDF backannotation process started with SDF file "tb_time_impl.sdf", for root module "tb/T".
INFO: [XSIM 43-3452] SDF backannotation was successful for SDF file "tb_time_impl.sdf", for root module "tb/T".
Time Resolution for simulation is 1ps
Compiling module simprims_ver.LUT6
Compiling module simprims_ver.x_lut2_mux4
Compiling module simprims_ver.LUT2
Compiling module simprims_ver.FDCE_default
Compiling module simprims_ver.MUXF7
Compiling module simprims_ver.MUXF8
Compiling module xil_defaultlib.sbox_244
Compiling module xil_defaultlib.sbox_245
Compiling module xil_defaultlib.sbox_246
Compiling module xil_defaultlib.sbox_247
Compiling module xil_defaultlib.sbox_248
Compiling module xil_defaultlib.sbox_249
Compiling module xil_defaultlib.sbox_250
Compiling module xil_defaultlib.sbox_251
Compiling module xil_defaultlib.sbox_252
Compiling module xil_defaultlib.sbox_253
Compiling module xil_defaultlib.sbox_254
Compiling module xil_defaultlib.sbox_255
Compiling module xil_defaultlib.sbox_256
Compiling module xil_defaultlib.sbox_257
Compiling module xil_defaultlib.sbox_258
Compiling module xil_defaultlib.sbox_259
Compiling module xil_defaultlib.subbytes_242
Compiling module xil_defaultlib.mixcolumn_243
Compiling module xil_defaultlib.rounds
Compiling module xil_defaultlib.sbox_226
Compiling module xil_defaultlib.sbox_227
Compiling module xil_defaultlib.sbox_228
Compiling module xil_defaultlib.sbox_229
Compiling module xil_defaultlib.sbox_230
Compiling module xil_defaultlib.sbox_231
Compiling module xil_defaultlib.sbox_232
Compiling module xil_defaultlib.sbox_233
Compiling module xil_defaultlib.sbox_234
Compiling module xil_defaultlib.sbox_235
Compiling module xil_defaultlib.sbox_236
Compiling module xil_defaultlib.sbox_237
Compiling module xil_defaultlib.sbox_238
Compiling module xil_defaultlib.sbox_239
Compiling module xil_defaultlib.sbox_240
Compiling module xil_defaultlib.sbox_241
Compiling module xil_defaultlib.subbytes_224
Compiling module xil_defaultlib.mixcolumn_225
Compiling module xil_defaultlib.rounds_0
Compiling module xil_defaultlib.sbox_208
Compiling module xil_defaultlib.sbox_209
Compiling module xil_defaultlib.sbox_210
Compiling module xil_defaultlib.sbox_211
Compiling module xil_defaultlib.sbox_212
Compiling module xil_defaultlib.sbox_213
Compiling module xil_defaultlib.sbox_214
Compiling module xil_defaultlib.sbox_215
Compiling module xil_defaultlib.sbox_216
Compiling module xil_defaultlib.sbox_217
Compiling module xil_defaultlib.sbox_218
Compiling module xil_defaultlib.sbox_219
Compiling module xil_defaultlib.sbox_220
Compiling module xil_defaultlib.sbox_221
Compiling module xil_defaultlib.sbox_222
Compiling module xil_defaultlib.sbox_223
Compiling module xil_defaultlib.subbytes_206
Compiling module xil_defaultlib.mixcolumn_207
Compiling module xil_defaultlib.rounds_1
Compiling module xil_defaultlib.sbox_190
Compiling module xil_defaultlib.sbox_191
Compiling module xil_defaultlib.sbox_192
Compiling module xil_defaultlib.sbox_193
Compiling module xil_defaultlib.sbox_194
Compiling module xil_defaultlib.sbox_195
Compiling module xil_defaultlib.sbox_196
Compiling module xil_defaultlib.sbox_197
Compiling module xil_defaultlib.sbox_198
Compiling module xil_defaultlib.sbox_199
Compiling module xil_defaultlib.sbox_200
Compiling module xil_defaultlib.sbox_201
Compiling module xil_defaultlib.sbox_202
Compiling module xil_defaultlib.sbox_203
Compiling module xil_defaultlib.sbox_204
Compiling module xil_defaultlib.sbox_205
Compiling module xil_defaultlib.subbytes_188
Compiling module xil_defaultlib.mixcolumn_189
Compiling module xil_defaultlib.rounds_2
Compiling module xil_defaultlib.sbox_172
Compiling module xil_defaultlib.sbox_173
Compiling module xil_defaultlib.sbox_174
Compiling module xil_defaultlib.sbox_175
Compiling module xil_defaultlib.sbox_176
Compiling module xil_defaultlib.sbox_177
Compiling module xil_defaultlib.sbox_178
Compiling module xil_defaultlib.sbox_179
Compiling module xil_defaultlib.sbox_180
Compiling module xil_defaultlib.sbox_181
Compiling module xil_defaultlib.sbox_182
Compiling module xil_defaultlib.sbox_183
Compiling module xil_defaultlib.sbox_184
Compiling module xil_defaultlib.sbox_185
Compiling module xil_defaultlib.sbox_186
Compiling module xil_defaultlib.sbox_187
Compiling module xil_defaultlib.subbytes_170
Compiling module xil_defaultlib.mixcolumn_171
Compiling module xil_defaultlib.rounds_3
Compiling module xil_defaultlib.sbox_154
Compiling module xil_defaultlib.sbox_155
Compiling module xil_defaultlib.sbox_156
Compiling module xil_defaultlib.sbox_157
Compiling module xil_defaultlib.sbox_158
Compiling module xil_defaultlib.sbox_159
Compiling module xil_defaultlib.sbox_160
Compiling module xil_defaultlib.sbox_161
Compiling module xil_defaultlib.sbox_162
Compiling module xil_defaultlib.sbox_163
Compiling module xil_defaultlib.sbox_164
Compiling module xil_defaultlib.sbox_165
Compiling module xil_defaultlib.sbox_166
Compiling module xil_defaultlib.sbox_167
Compiling module xil_defaultlib.sbox_168
Compiling module xil_defaultlib.sbox_169
Compiling module xil_defaultlib.subbytes_153
Compiling module xil_defaultlib.rounndlast
Compiling module xil_defaultlib.sbox_137
Compiling module xil_defaultlib.sbox_138
Compiling module xil_defaultlib.sbox_139
Compiling module xil_defaultlib.sbox_140
Compiling module xil_defaultlib.sbox_141
Compiling module xil_defaultlib.sbox_142
Compiling module xil_defaultlib.sbox_143
Compiling module xil_defaultlib.sbox_144
Compiling module xil_defaultlib.sbox_145
Compiling module xil_defaultlib.sbox_146
Compiling module xil_defaultlib.sbox_147
Compiling module xil_defaultlib.sbox_148
Compiling module xil_defaultlib.sbox_149
Compiling module xil_defaultlib.sbox_150
Compiling module xil_defaultlib.sbox_151
Compiling module xil_defaultlib.sbox_152
Compiling module xil_defaultlib.subbytes_135
Compiling module xil_defaultlib.mixcolumn_136
Compiling module xil_defaultlib.rounds_4
Compiling module xil_defaultlib.sbox_119
Compiling module xil_defaultlib.sbox_120
Compiling module xil_defaultlib.sbox_121
Compiling module xil_defaultlib.sbox_122
Compiling module xil_defaultlib.sbox_123
Compiling module xil_defaultlib.sbox_124
Compiling module xil_defaultlib.sbox_125
Compiling module xil_defaultlib.sbox_126
Compiling module xil_defaultlib.sbox_127
Compiling module xil_defaultlib.sbox_128
Compiling module xil_defaultlib.sbox_129
Compiling module xil_defaultlib.sbox_130
Compiling module xil_defaultlib.sbox_131
Compiling module xil_defaultlib.sbox_132
Compiling module xil_defaultlib.sbox_133
Compiling module xil_defaultlib.sbox_134
Compiling module xil_defaultlib.subbytes_117
Compiling module xil_defaultlib.mixcolumn_118
Compiling module xil_defaultlib.rounds_5
Compiling module xil_defaultlib.sbox_101
Compiling module xil_defaultlib.sbox_102
Compiling module xil_defaultlib.sbox_103
Compiling module xil_defaultlib.sbox_104
Compiling module xil_defaultlib.sbox_105
Compiling module xil_defaultlib.sbox_106
Compiling module xil_defaultlib.sbox_107
Compiling module xil_defaultlib.sbox_108
Compiling module xil_defaultlib.sbox_109
Compiling module xil_defaultlib.sbox_110
Compiling module xil_defaultlib.sbox_111
Compiling module xil_defaultlib.sbox_112
Compiling module xil_defaultlib.sbox_113
Compiling module xil_defaultlib.sbox_114
Compiling module xil_defaultlib.sbox_115
Compiling module xil_defaultlib.sbox_116
Compiling module xil_defaultlib.subbytes_99
Compiling module xil_defaultlib.mixcolumn_100
Compiling module xil_defaultlib.rounds_6
Compiling module xil_defaultlib.sbox_83
Compiling module xil_defaultlib.sbox_84
Compiling module xil_defaultlib.sbox_85
Compiling module xil_defaultlib.sbox_86
Compiling module xil_defaultlib.sbox_87
Compiling module xil_defaultlib.sbox_88
Compiling module xil_defaultlib.sbox_89
Compiling module xil_defaultlib.sbox_90
Compiling module xil_defaultlib.sbox_91
Compiling module xil_defaultlib.sbox_92
Compiling module xil_defaultlib.sbox_93
Compiling module xil_defaultlib.sbox_94
Compiling module xil_defaultlib.sbox_95
Compiling module xil_defaultlib.sbox_96
Compiling module xil_defaultlib.sbox_97
Compiling module xil_defaultlib.sbox_98
Compiling module xil_defaultlib.subbytes_81
Compiling module xil_defaultlib.mixcolumn_82
Compiling module xil_defaultlib.rounds_7
Compiling module xil_defaultlib.sbox_65
Compiling module xil_defaultlib.sbox_66
Compiling module xil_defaultlib.sbox_67
Compiling module xil_defaultlib.sbox_68
Compiling module xil_defaultlib.sbox_69
Compiling module xil_defaultlib.sbox_70
Compiling module xil_defaultlib.sbox_71
Compiling module xil_defaultlib.sbox_72
Compiling module xil_defaultlib.sbox_73
Compiling module xil_defaultlib.sbox_74
Compiling module xil_defaultlib.sbox_75
Compiling module xil_defaultlib.sbox_76
Compiling module xil_defaultlib.sbox_77
Compiling module xil_defaultlib.sbox_78
Compiling module xil_defaultlib.sbox_79
Compiling module xil_defaultlib.sbox_80
Compiling module xil_defaultlib.subbytes_63
Compiling module xil_defaultlib.mixcolumn_64
Compiling module xil_defaultlib.rounds_8
Compiling module xil_defaultlib.sbox_47
Compiling module xil_defaultlib.sbox_48
Compiling module xil_defaultlib.sbox_49
Compiling module xil_defaultlib.sbox_50
Compiling module xil_defaultlib.sbox_51
Compiling module xil_defaultlib.sbox_52
Compiling module xil_defaultlib.sbox_53
Compiling module xil_defaultlib.sbox_54
Compiling module xil_defaultlib.sbox_55
Compiling module xil_defaultlib.sbox_56
Compiling module xil_defaultlib.sbox_57
Compiling module xil_defaultlib.sbox_58
Compiling module xil_defaultlib.sbox_59
Compiling module xil_defaultlib.sbox_60
Compiling module xil_defaultlib.sbox_61
Compiling module xil_defaultlib.sbox_62
Compiling module xil_defaultlib.subbytes_45
Compiling module xil_defaultlib.mixcolumn_46
Compiling module xil_defaultlib.rounds_9
Compiling module xil_defaultlib.sbox_29
Compiling module xil_defaultlib.sbox_30
Compiling module xil_defaultlib.sbox_31
Compiling module xil_defaultlib.sbox_32
Compiling module xil_defaultlib.sbox_33
Compiling module xil_defaultlib.sbox_34
Compiling module xil_defaultlib.sbox_35
Compiling module xil_defaultlib.sbox_36
Compiling module xil_defaultlib.sbox_37
Compiling module xil_defaultlib.sbox_38
Compiling module xil_defaultlib.sbox_39
Compiling module xil_defaultlib.sbox_40
Compiling module xil_defaultlib.sbox_41
Compiling module xil_defaultlib.sbox_42
Compiling module xil_defaultlib.sbox_43
Compiling module xil_defaultlib.sbox_44
Compiling module xil_defaultlib.subbytes_27
Compiling module xil_defaultlib.mixcolumn_28
Compiling module xil_defaultlib.rounds_10
Compiling module xil_defaultlib.sbox
Compiling module xil_defaultlib.sbox_12
Compiling module xil_defaultlib.sbox_13
Compiling module xil_defaultlib.sbox_14
Compiling module xil_defaultlib.sbox_15
Compiling module xil_defaultlib.sbox_16
Compiling module xil_defaultlib.sbox_17
Compiling module xil_defaultlib.sbox_18
Compiling module xil_defaultlib.sbox_19
Compiling module xil_defaultlib.sbox_20
Compiling module xil_defaultlib.sbox_21
Compiling module xil_defaultlib.sbox_22
Compiling module xil_defaultlib.sbox_23
Compiling module xil_defaultlib.sbox_24
Compiling module xil_defaultlib.sbox_25
Compiling module xil_defaultlib.sbox_26
Compiling module xil_defaultlib.subbytes
Compiling module xil_defaultlib.mixcolumn
Compiling module xil_defaultlib.rounds_11
Compiling module xil_defaultlib.aescore
Compiling module simprims_ver.FDCE(INIT=1'b1)
Compiling module simprims_ver.RB18_INTERNAL_VLOG(DOA_REG=0,DOB...
Compiling module simprims_ver.RAMB18E1(INIT_00=256'b0110011001...
Compiling module simprims_ver.LUT4
Compiling module xil_defaultlib.data_mem_gen_0_blk_mem_gen_prim_...
Compiling module xil_defaultlib.data_mem_gen_0_blk_mem_gen_prim_...
Compiling module xil_defaultlib.data_mem_gen_0_blk_mem_gen_gener...
Compiling module xil_defaultlib.data_mem_gen_0_blk_mem_gen_top
Compiling module xil_defaultlib.data_mem_gen_0_blk_mem_gen_v8_3_...
Compiling module xil_defaultlib.data_mem_gen_0_blk_mem_gen_v8_3_...
Compiling module xil_defaultlib.data_mem_gen_0
Compiling module simprims_ver.FDRE_default
Compiling module xil_defaultlib.dataBuffer
Compiling module simprims_ver.x_lut3_mux8
Compiling module simprims_ver.LUT3
Compiling module simprims_ver.LUT5
Compiling module simprims_ver.x_lut1_mux2
Compiling module simprims_ver.LUT1
Compiling module xil_defaultlib.dataAddrCounter
Compiling module simprims_ver.RB18_INTERNAL_VLOG(DOA_REG=0,DOB...
Compiling module simprims_ver.RAMB18E1(INIT_00=256'b0111000001...
Compiling module xil_defaultlib.key_mem_gen_0_blk_mem_gen_prim_w...
Compiling module xil_defaultlib.key_mem_gen_0_blk_mem_gen_prim_w...
Compiling module xil_defaultlib.key_mem_gen_0_blk_mem_gen_generi...
Compiling module xil_defaultlib.key_mem_gen_0_blk_mem_gen_top
Compiling module xil_defaultlib.key_mem_gen_0_blk_mem_gen_v8_3_6...
Compiling module xil_defaultlib.key_mem_gen_0_blk_mem_gen_v8_3_6
Compiling module xil_defaultlib.key_mem_gen_0
Compiling module xil_defaultlib.keyBuffer
Compiling module simprims_ver.FDPE_default
Compiling module simprims_ver.latchsre_ldce
Compiling module simprims_ver.LDCE
Compiling module xil_defaultlib.keyAddrCounter
Compiling module simprims_ver.BUFG
Compiling module simprims_ver.IBUF
Compiling module simprims_ver.OBUF
Compiling module simprims_ver.OBUFT
Compiling module xil_defaultlib.top
Compiling module xil_defaultlib.tb
Compiling module xil_defaultlib.glbl
Built simulation snapshot tb_time_impl
