INFO: [VRFC 10-2263] Analyzing Verilog file "C:/College/Thesis/AES_2018/AES_After 9_10_2018/aes256_pipeline_simulation/aes256_pipeline.sim/sim_1/impl/timing/tb_time_impl.v" into library xil_defaultlib
INFO: [VRFC 10-311] analyzing module aescore
INFO: [VRFC 10-311] analyzing module dataAddrCounter
INFO: [VRFC 10-311] analyzing module dataBuffer
INFO: [VRFC 10-311] analyzing module data_mem_gen_0
INFO: [VRFC 10-311] analyzing module keyAddrCounter
INFO: [VRFC 10-311] analyzing module keyBuffer
INFO: [VRFC 10-311] analyzing module key_mem_gen_0
INFO: [VRFC 10-311] analyzing module rounds
INFO: [VRFC 10-311] analyzing module rounds_0
INFO: [VRFC 10-311] analyzing module rounds_1
INFO: [VRFC 10-311] analyzing module rounds_10
INFO: [VRFC 10-311] analyzing module rounds_11
INFO: [VRFC 10-311] analyzing module rounds_2
INFO: [VRFC 10-311] analyzing module rounds_3
INFO: [VRFC 10-311] analyzing module rounds_4
INFO: [VRFC 10-311] analyzing module rounds_5
INFO: [VRFC 10-311] analyzing module rounds_6
INFO: [VRFC 10-311] analyzing module rounds_7
INFO: [VRFC 10-311] analyzing module rounds_8
INFO: [VRFC 10-311] analyzing module rounds_9
INFO: [VRFC 10-311] analyzing module rounndlast
INFO: [VRFC 10-311] analyzing module sbox
INFO: [VRFC 10-311] analyzing module sbox_12
INFO: [VRFC 10-311] analyzing module sbox_13
INFO: [VRFC 10-311] analyzing module sbox_14
INFO: [VRFC 10-311] analyzing module sbox_15
INFO: [VRFC 10-311] analyzing module sbox_16
INFO: [VRFC 10-311] analyzing module sbox_17
INFO: [VRFC 10-311] analyzing module sbox_18
INFO: [VRFC 10-311] analyzing module sbox_19
INFO: [VRFC 10-311] analyzing module sbox_20
INFO: [VRFC 10-311] analyzing module sbox_21
INFO: [VRFC 10-311] analyzing module sbox_22
INFO: [VRFC 10-311] analyzing module sbox_23
INFO: [VRFC 10-311] analyzing module sbox_24
INFO: [VRFC 10-311] analyzing module sbox_25
INFO: [VRFC 10-311] analyzing module sbox_26
INFO: [VRFC 10-311] analyzing module subbytes
INFO: [VRFC 10-311] analyzing module top
INFO: [VRFC 10-311] analyzing module data_mem_gen_0_blk_mem_gen_generic_cstr
INFO: [VRFC 10-311] analyzing module data_mem_gen_0_blk_mem_gen_prim_width
INFO: [VRFC 10-311] analyzing module data_mem_gen_0_blk_mem_gen_prim_wrapper_init
INFO: [VRFC 10-311] analyzing module data_mem_gen_0_blk_mem_gen_top
INFO: [VRFC 10-311] analyzing module data_mem_gen_0_blk_mem_gen_v8_3_6
INFO: [VRFC 10-311] analyzing module data_mem_gen_0_blk_mem_gen_v8_3_6_synth
INFO: [VRFC 10-311] analyzing module key_mem_gen_0_blk_mem_gen_generic_cstr
INFO: [VRFC 10-311] analyzing module key_mem_gen_0_blk_mem_gen_prim_width
INFO: [VRFC 10-311] analyzing module key_mem_gen_0_blk_mem_gen_prim_wrapper_init
INFO: [VRFC 10-311] analyzing module key_mem_gen_0_blk_mem_gen_top
INFO: [VRFC 10-311] analyzing module key_mem_gen_0_blk_mem_gen_v8_3_6
INFO: [VRFC 10-311] analyzing module key_mem_gen_0_blk_mem_gen_v8_3_6_synth
INFO: [VRFC 10-311] analyzing module glbl
INFO: [VRFC 10-2263] Analyzing Verilog file "C:/College/Thesis/AES_2018/AES_After 9_10_2018/aes256_pipeline_simulation/aes256_pipeline.srcs/sim_1/new/tb.v" into library xil_defaultlib
INFO: [VRFC 10-311] analyzing module tb
