INFO: [VRFC 10-2263] Analyzing Verilog file "C:/College/Thesis/AES_2018/AES_128/AES_128.sim/sim_1/synth/timing/test_time_synth.v" into library xil_defaultlib
INFO: [VRFC 10-311] analyzing module aes
INFO: [VRFC 10-311] analyzing module keysched
INFO: [VRFC 10-311] analyzing module mixcolum
INFO: [VRFC 10-311] analyzing module sbox
INFO: [VRFC 10-311] analyzing module subbytes
INFO: [VRFC 10-311] analyzing module top
INFO: [VRFC 10-311] analyzing module uart_tx
INFO: [VRFC 10-311] analyzing module word_mixcolum
INFO: [VRFC 10-311] analyzing module glbl
INFO: [VRFC 10-2263] Analyzing Verilog file "C:/College/Thesis/AES_2018/AES_128/AES_128.srcs/sources_1/new/aes.v" into library xil_defaultlib
INFO: [VRFC 10-311] analyzing module aes
WARNING: [VRFC 10-1195] overwriting previous definition of module aes [C:/College/Thesis/AES_2018/AES_128/AES_128.srcs/sources_1/new/aes.v:60]
INFO: [VRFC 10-2263] Analyzing Verilog file "C:/College/Thesis/AES_2018/AES_128/AES_128.srcs/sources_1/new/byte_mixcolum.v" into library xil_defaultlib
INFO: [VRFC 10-311] analyzing module byte_mixcolum
INFO: [VRFC 10-2263] Analyzing Verilog file "C:/College/Thesis/AES_2018/AES_128/AES_128.srcs/sources_1/new/keysched.v" into library xil_defaultlib
INFO: [VRFC 10-311] analyzing module keysched
WARNING: [VRFC 10-1195] overwriting previous definition of module keysched [C:/College/Thesis/AES_2018/AES_128/AES_128.srcs/sources_1/new/keysched.v:60]
INFO: [VRFC 10-2263] Analyzing Verilog file "C:/College/Thesis/AES_2018/AES_128/AES_128.srcs/sources_1/new/mixcolum.v" into library xil_defaultlib
INFO: [VRFC 10-311] analyzing module mixcolum
WARNING: [VRFC 10-1195] overwriting previous definition of module mixcolum [C:/College/Thesis/AES_2018/AES_128/AES_128.srcs/sources_1/new/mixcolum.v:60]
INFO: [VRFC 10-2263] Analyzing Verilog file "C:/College/Thesis/AES_2018/AES_128/AES_128.srcs/sources_1/new/sbox.v" into library xil_defaultlib
INFO: [VRFC 10-311] analyzing module sbox
WARNING: [VRFC 10-1195] overwriting previous definition of module sbox [C:/College/Thesis/AES_2018/AES_128/AES_128.srcs/sources_1/new/sbox.v:60]
INFO: [VRFC 10-2263] Analyzing Verilog file "C:/College/Thesis/AES_2018/AES_128/AES_128.srcs/sources_1/new/subbytes.v" into library xil_defaultlib
INFO: [VRFC 10-311] analyzing module subbytes
WARNING: [VRFC 10-1195] overwriting previous definition of module subbytes [C:/College/Thesis/AES_2018/AES_128/AES_128.srcs/sources_1/new/subbytes.v:60]
INFO: [VRFC 10-2263] Analyzing Verilog file "C:/College/Thesis/AES_2018/AES_128/AES_128.srcs/sources_1/new/word_mixcolum.v" into library xil_defaultlib
INFO: [VRFC 10-311] analyzing module word_mixcolum
WARNING: [VRFC 10-1195] overwriting previous definition of module word_mixcolum [C:/College/Thesis/AES_2018/AES_128/AES_128.srcs/sources_1/new/word_mixcolum.v:60]
INFO: [VRFC 10-2263] Analyzing Verilog file "C:/College/Thesis/AES_2018/AES_128/AES_128.srcs/sim_1/new/test.v" into library xil_defaultlib
INFO: [VRFC 10-311] analyzing module test
