INFO: [VRFC 10-2263] Analyzing Verilog file "C:/College/Thesis/AES_2018/fall2018/pipeline_try1 - clk_enc-44-decND/pipeline_try1.sim/sim_1/synth/timing/tb_time_synth.v" into library xil_defaultlib
INFO: [VRFC 10-311] analyzing module aescipher
INFO: [VRFC 10-311] analyzing module data_mem_gen_0
INFO: [VRFC 10-311] analyzing module databuffer
INFO: [VRFC 10-311] analyzing module mixcolumn
INFO: [VRFC 10-311] analyzing module mixcolumn_100
INFO: [VRFC 10-311] analyzing module mixcolumn_118
INFO: [VRFC 10-311] analyzing module mixcolumn_136
INFO: [VRFC 10-311] analyzing module mixcolumn_171
INFO: [VRFC 10-311] analyzing module mixcolumn_189
INFO: [VRFC 10-311] analyzing module mixcolumn_207
INFO: [VRFC 10-311] analyzing module mixcolumn_225
INFO: [VRFC 10-311] analyzing module mixcolumn_243
INFO: [VRFC 10-311] analyzing module mixcolumn_28
INFO: [VRFC 10-311] analyzing module mixcolumn_46
INFO: [VRFC 10-311] analyzing module mixcolumn_64
INFO: [VRFC 10-311] analyzing module mixcolumn_82
INFO: [VRFC 10-311] analyzing module rounds
INFO: [VRFC 10-311] analyzing module rounds_0
INFO: [VRFC 10-311] analyzing module rounds_1
INFO: [VRFC 10-311] analyzing module rounds_10
INFO: [VRFC 10-311] analyzing module rounds_11
INFO: [VRFC 10-311] analyzing module rounds_2
INFO: [VRFC 10-311] analyzing module rounds_3
INFO: [VRFC 10-311] analyzing module rounds_4
INFO: [VRFC 10-311] analyzing module rounds_5
INFO: [VRFC 10-311] analyzing module rounds_6
INFO: [VRFC 10-311] analyzing module rounds_7
INFO: [VRFC 10-311] analyzing module rounds_8
INFO: [VRFC 10-311] analyzing module rounds_9
INFO: [VRFC 10-311] analyzing module rounndlast
INFO: [VRFC 10-311] analyzing module sbox
INFO: [VRFC 10-311] analyzing module sbox_101
INFO: [VRFC 10-311] analyzing module sbox_102
INFO: [VRFC 10-311] analyzing module sbox_103
INFO: [VRFC 10-311] analyzing module sbox_104
INFO: [VRFC 10-311] analyzing module sbox_105
INFO: [VRFC 10-311] analyzing module sbox_106
INFO: [VRFC 10-311] analyzing module sbox_107
INFO: [VRFC 10-311] analyzing module sbox_108
INFO: [VRFC 10-311] analyzing module sbox_109
INFO: [VRFC 10-311] analyzing module sbox_110
INFO: [VRFC 10-311] analyzing module sbox_111
INFO: [VRFC 10-311] analyzing module sbox_112
INFO: [VRFC 10-311] analyzing module sbox_113
INFO: [VRFC 10-311] analyzing module sbox_114
INFO: [VRFC 10-311] analyzing module sbox_115
INFO: [VRFC 10-311] analyzing module sbox_116
INFO: [VRFC 10-311] analyzing module sbox_119
INFO: [VRFC 10-311] analyzing module sbox_12
INFO: [VRFC 10-311] analyzing module sbox_120
INFO: [VRFC 10-311] analyzing module sbox_121
INFO: [VRFC 10-311] analyzing module sbox_122
INFO: [VRFC 10-311] analyzing module sbox_123
INFO: [VRFC 10-311] analyzing module sbox_124
INFO: [VRFC 10-311] analyzing module sbox_125
INFO: [VRFC 10-311] analyzing module sbox_126
INFO: [VRFC 10-311] analyzing module sbox_127
INFO: [VRFC 10-311] analyzing module sbox_128
INFO: [VRFC 10-311] analyzing module sbox_129
INFO: [VRFC 10-311] analyzing module sbox_13
INFO: [VRFC 10-311] analyzing module sbox_130
INFO: [VRFC 10-311] analyzing module sbox_131
INFO: [VRFC 10-311] analyzing module sbox_132
INFO: [VRFC 10-311] analyzing module sbox_133
INFO: [VRFC 10-311] analyzing module sbox_134
INFO: [VRFC 10-311] analyzing module sbox_137
INFO: [VRFC 10-311] analyzing module sbox_138
INFO: [VRFC 10-311] analyzing module sbox_139
INFO: [VRFC 10-311] analyzing module sbox_14
INFO: [VRFC 10-311] analyzing module sbox_140
INFO: [VRFC 10-311] analyzing module sbox_141
INFO: [VRFC 10-311] analyzing module sbox_142
INFO: [VRFC 10-311] analyzing module sbox_143
INFO: [VRFC 10-311] analyzing module sbox_144
INFO: [VRFC 10-311] analyzing module sbox_145
INFO: [VRFC 10-311] analyzing module sbox_146
INFO: [VRFC 10-311] analyzing module sbox_147
INFO: [VRFC 10-311] analyzing module sbox_148
INFO: [VRFC 10-311] analyzing module sbox_149
INFO: [VRFC 10-311] analyzing module sbox_15
INFO: [VRFC 10-311] analyzing module sbox_150
INFO: [VRFC 10-311] analyzing module sbox_151
INFO: [VRFC 10-311] analyzing module sbox_152
INFO: [VRFC 10-311] analyzing module sbox_154
INFO: [VRFC 10-311] analyzing module sbox_155
INFO: [VRFC 10-311] analyzing module sbox_156
INFO: [VRFC 10-311] analyzing module sbox_157
INFO: [VRFC 10-311] analyzing module sbox_158
INFO: [VRFC 10-311] analyzing module sbox_159
INFO: [VRFC 10-311] analyzing module sbox_16
INFO: [VRFC 10-311] analyzing module sbox_160
INFO: [VRFC 10-311] analyzing module sbox_161
INFO: [VRFC 10-311] analyzing module sbox_162
INFO: [VRFC 10-311] analyzing module sbox_163
INFO: [VRFC 10-311] analyzing module sbox_164
INFO: [VRFC 10-311] analyzing module sbox_165
INFO: [VRFC 10-311] analyzing module sbox_166
INFO: [VRFC 10-311] analyzing module sbox_167
INFO: [VRFC 10-311] analyzing module sbox_168
INFO: [VRFC 10-311] analyzing module sbox_169
INFO: [VRFC 10-311] analyzing module sbox_17
INFO: [VRFC 10-311] analyzing module sbox_172
INFO: [VRFC 10-311] analyzing module sbox_173
INFO: [VRFC 10-311] analyzing module sbox_174
INFO: [VRFC 10-311] analyzing module sbox_175
INFO: [VRFC 10-311] analyzing module sbox_176
INFO: [VRFC 10-311] analyzing module sbox_177
INFO: [VRFC 10-311] analyzing module sbox_178
INFO: [VRFC 10-311] analyzing module sbox_179
INFO: [VRFC 10-311] analyzing module sbox_18
INFO: [VRFC 10-311] analyzing module sbox_180
INFO: [VRFC 10-311] analyzing module sbox_181
INFO: [VRFC 10-311] analyzing module sbox_182
INFO: [VRFC 10-311] analyzing module sbox_183
INFO: [VRFC 10-311] analyzing module sbox_184
INFO: [VRFC 10-311] analyzing module sbox_185
INFO: [VRFC 10-311] analyzing module sbox_186
INFO: [VRFC 10-311] analyzing module sbox_187
INFO: [VRFC 10-311] analyzing module sbox_19
INFO: [VRFC 10-311] analyzing module sbox_190
INFO: [VRFC 10-311] analyzing module sbox_191
INFO: [VRFC 10-311] analyzing module sbox_192
INFO: [VRFC 10-311] analyzing module sbox_193
INFO: [VRFC 10-311] analyzing module sbox_194
INFO: [VRFC 10-311] analyzing module sbox_195
INFO: [VRFC 10-311] analyzing module sbox_196
INFO: [VRFC 10-311] analyzing module sbox_197
INFO: [VRFC 10-311] analyzing module sbox_198
INFO: [VRFC 10-311] analyzing module sbox_199
INFO: [VRFC 10-311] analyzing module sbox_20
INFO: [VRFC 10-311] analyzing module sbox_200
INFO: [VRFC 10-311] analyzing module sbox_201
INFO: [VRFC 10-311] analyzing module sbox_202
INFO: [VRFC 10-311] analyzing module sbox_203
INFO: [VRFC 10-311] analyzing module sbox_204
INFO: [VRFC 10-311] analyzing module sbox_205
INFO: [VRFC 10-311] analyzing module sbox_208
INFO: [VRFC 10-311] analyzing module sbox_209
INFO: [VRFC 10-311] analyzing module sbox_21
INFO: [VRFC 10-311] analyzing module sbox_210
INFO: [VRFC 10-311] analyzing module sbox_211
INFO: [VRFC 10-311] analyzing module sbox_212
INFO: [VRFC 10-311] analyzing module sbox_213
INFO: [VRFC 10-311] analyzing module sbox_214
INFO: [VRFC 10-311] analyzing module sbox_215
INFO: [VRFC 10-311] analyzing module sbox_216
INFO: [VRFC 10-311] analyzing module sbox_217
INFO: [VRFC 10-311] analyzing module sbox_218
INFO: [VRFC 10-311] analyzing module sbox_219
INFO: [VRFC 10-311] analyzing module sbox_22
INFO: [VRFC 10-311] analyzing module sbox_220
INFO: [VRFC 10-311] analyzing module sbox_221
INFO: [VRFC 10-311] analyzing module sbox_222
INFO: [VRFC 10-311] analyzing module sbox_223
INFO: [VRFC 10-311] analyzing module sbox_226
INFO: [VRFC 10-311] analyzing module sbox_227
INFO: [VRFC 10-311] analyzing module sbox_228
INFO: [VRFC 10-311] analyzing module sbox_229
INFO: [VRFC 10-311] analyzing module sbox_23
INFO: [VRFC 10-311] analyzing module sbox_230
INFO: [VRFC 10-311] analyzing module sbox_231
INFO: [VRFC 10-311] analyzing module sbox_232
INFO: [VRFC 10-311] analyzing module sbox_233
INFO: [VRFC 10-311] analyzing module sbox_234
INFO: [VRFC 10-311] analyzing module sbox_235
INFO: [VRFC 10-311] analyzing module sbox_236
INFO: [VRFC 10-311] analyzing module sbox_237
INFO: [VRFC 10-311] analyzing module sbox_238
INFO: [VRFC 10-311] analyzing module sbox_239
INFO: [VRFC 10-311] analyzing module sbox_24
INFO: [VRFC 10-311] analyzing module sbox_240
INFO: [VRFC 10-311] analyzing module sbox_241
INFO: [VRFC 10-311] analyzing module sbox_244
INFO: [VRFC 10-311] analyzing module sbox_245
INFO: [VRFC 10-311] analyzing module sbox_246
INFO: [VRFC 10-311] analyzing module sbox_247
INFO: [VRFC 10-311] analyzing module sbox_248
INFO: [VRFC 10-311] analyzing module sbox_249
INFO: [VRFC 10-311] analyzing module sbox_25
INFO: [VRFC 10-311] analyzing module sbox_250
INFO: [VRFC 10-311] analyzing module sbox_251
INFO: [VRFC 10-311] analyzing module sbox_252
INFO: [VRFC 10-311] analyzing module sbox_253
INFO: [VRFC 10-311] analyzing module sbox_254
INFO: [VRFC 10-311] analyzing module sbox_255
INFO: [VRFC 10-311] analyzing module sbox_256
INFO: [VRFC 10-311] analyzing module sbox_257
INFO: [VRFC 10-311] analyzing module sbox_258
INFO: [VRFC 10-311] analyzing module sbox_259
INFO: [VRFC 10-311] analyzing module sbox_26
INFO: [VRFC 10-311] analyzing module sbox_29
INFO: [VRFC 10-311] analyzing module sbox_30
INFO: [VRFC 10-311] analyzing module sbox_31
INFO: [VRFC 10-311] analyzing module sbox_32
INFO: [VRFC 10-311] analyzing module sbox_33
INFO: [VRFC 10-311] analyzing module sbox_34
INFO: [VRFC 10-311] analyzing module sbox_35
INFO: [VRFC 10-311] analyzing module sbox_36
INFO: [VRFC 10-311] analyzing module sbox_37
INFO: [VRFC 10-311] analyzing module sbox_38
INFO: [VRFC 10-311] analyzing module sbox_39
INFO: [VRFC 10-311] analyzing module sbox_40
INFO: [VRFC 10-311] analyzing module sbox_41
INFO: [VRFC 10-311] analyzing module sbox_42
INFO: [VRFC 10-311] analyzing module sbox_43
INFO: [VRFC 10-311] analyzing module sbox_44
INFO: [VRFC 10-311] analyzing module sbox_47
INFO: [VRFC 10-311] analyzing module sbox_48
INFO: [VRFC 10-311] analyzing module sbox_49
INFO: [VRFC 10-311] analyzing module sbox_50
INFO: [VRFC 10-311] analyzing module sbox_51
INFO: [VRFC 10-311] analyzing module sbox_52
INFO: [VRFC 10-311] analyzing module sbox_53
INFO: [VRFC 10-311] analyzing module sbox_54
INFO: [VRFC 10-311] analyzing module sbox_55
INFO: [VRFC 10-311] analyzing module sbox_56
INFO: [VRFC 10-311] analyzing module sbox_57
INFO: [VRFC 10-311] analyzing module sbox_58
INFO: [VRFC 10-311] analyzing module sbox_59
INFO: [VRFC 10-311] analyzing module sbox_60
INFO: [VRFC 10-311] analyzing module sbox_61
INFO: [VRFC 10-311] analyzing module sbox_62
INFO: [VRFC 10-311] analyzing module sbox_65
INFO: [VRFC 10-311] analyzing module sbox_66
INFO: [VRFC 10-311] analyzing module sbox_67
INFO: [VRFC 10-311] analyzing module sbox_68
INFO: [VRFC 10-311] analyzing module sbox_69
INFO: [VRFC 10-311] analyzing module sbox_70
INFO: [VRFC 10-311] analyzing module sbox_71
INFO: [VRFC 10-311] analyzing module sbox_72
INFO: [VRFC 10-311] analyzing module sbox_73
INFO: [VRFC 10-311] analyzing module sbox_74
INFO: [VRFC 10-311] analyzing module sbox_75
INFO: [VRFC 10-311] analyzing module sbox_76
INFO: [VRFC 10-311] analyzing module sbox_77
INFO: [VRFC 10-311] analyzing module sbox_78
INFO: [VRFC 10-311] analyzing module sbox_79
INFO: [VRFC 10-311] analyzing module sbox_80
INFO: [VRFC 10-311] analyzing module sbox_83
INFO: [VRFC 10-311] analyzing module sbox_84
INFO: [VRFC 10-311] analyzing module sbox_85
INFO: [VRFC 10-311] analyzing module sbox_86
INFO: [VRFC 10-311] analyzing module sbox_87
INFO: [VRFC 10-311] analyzing module sbox_88
INFO: [VRFC 10-311] analyzing module sbox_89
INFO: [VRFC 10-311] analyzing module sbox_90
INFO: [VRFC 10-311] analyzing module sbox_91
INFO: [VRFC 10-311] analyzing module sbox_92
INFO: [VRFC 10-311] analyzing module sbox_93
INFO: [VRFC 10-311] analyzing module sbox_94
INFO: [VRFC 10-311] analyzing module sbox_95
INFO: [VRFC 10-311] analyzing module sbox_96
INFO: [VRFC 10-311] analyzing module sbox_97
INFO: [VRFC 10-311] analyzing module sbox_98
INFO: [VRFC 10-311] analyzing module subbytes
INFO: [VRFC 10-311] analyzing module subbytes_117
INFO: [VRFC 10-311] analyzing module subbytes_135
INFO: [VRFC 10-311] analyzing module subbytes_153
INFO: [VRFC 10-311] analyzing module subbytes_170
INFO: [VRFC 10-311] analyzing module subbytes_188
INFO: [VRFC 10-311] analyzing module subbytes_206
INFO: [VRFC 10-311] analyzing module subbytes_224
INFO: [VRFC 10-311] analyzing module subbytes_242
INFO: [VRFC 10-311] analyzing module subbytes_27
INFO: [VRFC 10-311] analyzing module subbytes_45
INFO: [VRFC 10-311] analyzing module subbytes_63
INFO: [VRFC 10-311] analyzing module subbytes_81
INFO: [VRFC 10-311] analyzing module subbytes_99
INFO: [VRFC 10-311] analyzing module top
INFO: [VRFC 10-311] analyzing module data_mem_gen_0_blk_mem_gen_generic_cstr
INFO: [VRFC 10-311] analyzing module data_mem_gen_0_blk_mem_gen_prim_width
INFO: [VRFC 10-311] analyzing module data_mem_gen_0_blk_mem_gen_prim_wrapper_init
INFO: [VRFC 10-311] analyzing module data_mem_gen_0_blk_mem_gen_top
INFO: [VRFC 10-311] analyzing module data_mem_gen_0_blk_mem_gen_v8_3_6
INFO: [VRFC 10-311] analyzing module data_mem_gen_0_blk_mem_gen_v8_3_6_synth
INFO: [VRFC 10-311] analyzing module glbl
INFO: [VRFC 10-2263] Analyzing Verilog file "C:/College/Thesis/AES_2018/fall2018/pipeline_try1 - clk_enc-44-decND/pipeline_try1.srcs/sim_1/new/tb.v" into library xil_defaultlib
INFO: [VRFC 10-311] analyzing module tb
