Copyright 1986-2017 Xilinx, Inc. All Rights Reserved.
------------------------------------------------------------------------------------
| Tool Version : Vivado v.2017.1 (win64) Build 1846317 Fri Apr 14 18:55:03 MDT 2017
| Date         : Thu Sep 13 13:58:36 2018
| Host         : DESKTOP-GJPCRJL running 64-bit major release  (build 9200)
| Command      : report_control_sets -verbose -file top_control_sets_placed.rpt
| Design       : top
| Device       : xc7a100t
------------------------------------------------------------------------------------

Control Set Information

Table of Contents
-----------------
1. Summary
2. Flip-Flop Distribution
3. Detailed Control Set Information

1. Summary
----------

+----------------------------------------------------------+-------+
|                          Status                          | Count |
+----------------------------------------------------------+-------+
| Number of unique control sets                            |   192 |
| Unused register locations in slices containing registers |   390 |
+----------------------------------------------------------+-------+


2. Flip-Flop Distribution
-------------------------

+--------------+-----------------------+------------------------+-----------------+--------------+
| Clock Enable | Synchronous Set/Reset | Asynchronous Set/Reset | Total Registers | Total Slices |
+--------------+-----------------------+------------------------+-----------------+--------------+
| No           | No                    | No                     |               9 |            7 |
| No           | No                    | Yes                    |              20 |           10 |
| No           | Yes                   | No                     |               1 |            1 |
| Yes          | No                    | No                     |            2432 |         1086 |
| Yes          | No                    | Yes                    |            3996 |         2569 |
| Yes          | Yes                   | No                     |              24 |            9 |
+--------------+-----------------------+------------------------+-----------------+--------------+


3. Detailed Control Set Information
-----------------------------------

+--------------------------------------+------------------------------+-------------------------------------+------------------+----------------+
|             Clock Signal             |         Enable Signal        |           Set/Reset Signal          | Slice Load Count | Bel Load Count |
+--------------------------------------+------------------------------+-------------------------------------+------------------+----------------+
|  KC0/keyAddrCount_reg[5]_LDC_i_1_n_0 |                              | KC0/keyAddrCount_reg[5]_LDC_i_2_n_0 |                1 |              1 |
|  clkIn_IBUF_BUFG                     |                              | AES0/r7_reg_reg[103]_0              |                1 |              1 |
|  clkIn_IBUF_BUFG                     |                              | KB0/keyOut_reg[1374]_0              |                1 |              1 |
|  clkIn_IBUF_BUFG                     | U0/p_3_in                    | AES0/r7_reg_reg[103]_0              |                1 |              1 |
|  clkIn_IBUF_BUFG                     | U0/tx_buff[8][6]_i_1_n_0     | KB0/keyOut_reg[40]_0                |                1 |              3 |
|  clkIn_IBUF_BUFG                     | U0/tx_buff[5][6]_i_1_n_0     | KB0/keyOut_reg[40]_0                |                2 |              3 |
|  clkIn_IBUF_BUFG                     | U0/tx_buff[7][6]_i_1_n_0     | U0/tx_buff_reg[5][4]_0              |                2 |              3 |
|  clkIn_IBUF_BUFG                     | U0/tx_buff[9][6]_i_1_n_0     | KB0/keyOut_reg[40]_0                |                2 |              3 |
|  clkIn_IBUF_BUFG                     | U0/tx_buff[6][6]_i_1_n_0     | U0/tx_buff_reg[5][4]_0              |                1 |              3 |
|  clkIn_IBUF_BUFG                     | U0/tx_buff[12][6]_i_1_n_0    | U0/tx_buff_reg[5][4]_0              |                1 |              3 |
|  clkIn_IBUF_BUFG                     | U0/tx_buff[13][6]_i_1_n_0    | U0/tx_buff_reg[5][4]_0              |                1 |              3 |
|  clkIn_IBUF_BUFG                     | U0/tx_buff[2][6]_i_1_n_0     | KB0/keyOut_reg[40]_0                |                1 |              3 |
|  clkIn_IBUF_BUFG                     | U0/tx_buff[3][6]_i_1_n_0     | KB0/keyOut_reg[40]_0                |                1 |              3 |
|  clkIn_IBUF_BUFG                     | U0/tx_buff[4][6]_i_1_n_0     | KB0/keyOut_reg[40]_0                |                1 |              3 |
|  clkIn_IBUF_BUFG                     | U0/tx_buff[11][6]_i_1_n_0    | KB0/keyOut_reg[40]_0                |                1 |              3 |
|  clkIn_IBUF_BUFG                     | U0/tx_buff[0][6]_i_1_n_0     | KB0/keyOut_reg[40]_0                |                1 |              3 |
|  clkIn_IBUF_BUFG                     | U0/tx_buff[1][6]_i_1_n_0     | KB0/keyOut_reg[40]_0                |                2 |              3 |
|  clkIn_IBUF_BUFG                     | U0/tx_buff[15][6]_i_1_n_0    | U0/tx_buff_reg[5][4]_0              |                2 |              3 |
|  clkIn_IBUF_BUFG                     | U0/tx_buff[14][6]_i_1_n_0    | U0/tx_buff_reg[5][4]_0              |                1 |              3 |
|  clkIn_IBUF_BUFG                     | U0/tx_buff[10][6]_i_1_n_0    | KB0/keyOut_reg[40]_0                |                2 |              3 |
|  clkIn_IBUF_BUFG                     | U0/tx_buff[6][6]_i_1_n_0     | KB0/keyOut_reg[40]_0                |                3 |              4 |
|  clkIn_IBUF_BUFG                     | U0/tx_buff[2][6]_i_1_n_0     | U0/tx_buff_reg[5][4]_0              |                2 |              4 |
|  clkIn_IBUF_BUFG                     | U0/tx_buff[1][6]_i_1_n_0     | U0/tx_buff_reg[5][4]_0              |                2 |              4 |
|  clkIn_IBUF_BUFG                     | U0/tx_buff[15][6]_i_1_n_0    | KB0/keyOut_reg[40]_0                |                2 |              4 |
|  clkIn_IBUF_BUFG                     | U0/tx_buff[14][6]_i_1_n_0    | KB0/keyOut_reg[40]_0                |                2 |              4 |
|  clkIn_IBUF_BUFG                     | U0/tx_buff[13][6]_i_1_n_0    | KB0/keyOut_reg[40]_0                |                2 |              4 |
|  clkIn_IBUF_BUFG                     | U0/tx_buff[0][6]_i_1_n_0     | U0/tx_buff_reg[5][4]_0              |                3 |              4 |
|  clkIn_IBUF_BUFG                     | U0/tx_buff[7][6]_i_1_n_0     | KB0/keyOut_reg[40]_0                |                3 |              4 |
|  clkIn_IBUF_BUFG                     | U0/tx_buff[12][6]_i_1_n_0    | KB0/keyOut_reg[40]_0                |                1 |              4 |
|  clkIn_IBUF_BUFG                     | U0/tx_buff[11][6]_i_1_n_0    | U0/tx_buff_reg[5][4]_0              |                1 |              4 |
|  clkIn_IBUF_BUFG                     | KC0/keyAddrCount[7]_i_1_n_0  | KC0/keyAddrCount_reg[5]_LDC_i_1_n_0 |                1 |              4 |
|  clkIn_IBUF_BUFG                     | KC0/keyAddrCount[7]_i_1_n_0  | KC0/keyAddrCount_reg[5]_LDC_i_2_n_0 |                2 |              4 |
|  clkIn_IBUF_BUFG                     | KC0/keyAddrCount[7]_i_1_n_0  | KB0/keyOut_reg[384]_0               |                2 |              4 |
|  clkIn_IBUF_BUFG                     | U0/bit_count                 | U0/tx_buff_reg[5][4]_0              |                1 |              4 |
|  clkIn_IBUF_BUFG                     | U0/tx_buff[9][6]_i_1_n_0     | U0/tx_buff_reg[5][4]_0              |                1 |              4 |
|  clkIn_IBUF_BUFG                     | U0/tx_buff[3][6]_i_1_n_0     | U0/tx_buff_reg[5][4]_0              |                1 |              4 |
|  clkIn_IBUF_BUFG                     | U0/tx_buff[10][6]_i_1_n_0    | U0/tx_buff_reg[5][4]_0              |                2 |              4 |
|  clkIn_IBUF_BUFG                     | U0/tx_buff[4][6]_i_1_n_0     | U0/tx_buff_reg[5][4]_0              |                1 |              4 |
|  clkIn_IBUF_BUFG                     | U0/tx_buff[5][6]_i_1_n_0     | U0/tx_buff_reg[5][4]_0              |                2 |              4 |
|  clkIn_IBUF_BUFG                     | U0/tx_buff[8][6]_i_1_n_0     | U0/tx_buff_reg[5][4]_0              |                2 |              4 |
|  clkIn_IBUF_BUFG                     | U0/tx_buff[18][5]_i_2_n_0    | U0/tx_buff[18][5]_i_1_n_0           |                3 |              6 |
|  clkIn_IBUF_BUFG                     | DC0/dataOut_reg[127][0]      | KB0/keyOut_reg[1374]_0              |                3 |              6 |
|  clkIn_IBUF_BUFG                     | U0/tx_buff[19][5]_i_2_n_0    | U0/tx_buff[19][5]_i_1_n_0           |                2 |              6 |
|  clkIn_IBUF_BUFG                     | U0/byte_count                | KB0/keyOut_reg[40]_0                |                3 |              6 |
|  clkIn_IBUF_BUFG                     | U0/tx_buff[17][5]_i_2_n_0    | U0/tx_buff[17][5]_i_1_n_0           |                2 |              6 |
|  clkIn_IBUF_BUFG                     | U0/tx_buff[16][5]_i_2_n_0    | U0/tx_buff[16][5]_i_1_n_0           |                2 |              6 |
|  clkIn_IBUF_BUFG                     | AES0/ena                     | AES0/r5_reg_reg[88]_0               |                8 |              8 |
|  clkIn_IBUF_BUFG                     | KC0/keyOut_reg[1919][0]      | AES0/r5_reg_reg[88]_0               |                3 |              8 |
|  clkIn_IBUF_BUFG                     | DC0/dataAddrCount[7]_i_1_n_0 | KB0/keyOut_reg[1374]_0              |                4 |              8 |
|  clkIn_IBUF_BUFG                     |                              |                                     |                7 |              9 |
|  clkIn_IBUF_BUFG                     | U0/p_3_in                    | KB0/keyOut_reg[384]_0               |                3 |             13 |
|  clkIn_IBUF_BUFG                     |                              | U0/tx_buff_reg[5][4]_0              |                8 |             18 |
|  clkIn_IBUF_BUFG                     | AES0/ena                     | U0/tx_buff_reg[5][4]_0              |               14 |             22 |
|  clkIn_IBUF_BUFG                     | KC0/keyOut_reg[1919][0]      | U0/tx_buff_reg[5][4]_0              |               15 |             22 |
|  clkIn_IBUF_BUFG                     | DC0/RAM_reg[7][31][0]        |                                     |                8 |             32 |
|  clkIn_IBUF_BUFG                     | DC0/RAM_reg[1][31][0]        |                                     |               11 |             32 |
|  clkIn_IBUF_BUFG                     | DC0/RAM_reg[8][31][0]        |                                     |               11 |             32 |
|  clkIn_IBUF_BUFG                     | DC0/RAM_reg[6][0][0]         |                                     |               10 |             32 |
|  clkIn_IBUF_BUFG                     | DC0/RAM_reg[10][0][0]        |                                     |                6 |             32 |
|  clkIn_IBUF_BUFG                     | DC0/RAM_reg[0][31][0]        |                                     |               11 |             32 |
|  clkIn_IBUF_BUFG                     | KC0/E[0]                     |                                     |               22 |             32 |
|  clkIn_IBUF_BUFG                     | KC0/RAM_reg[10][31][0]       |                                     |               19 |             32 |
|  clkIn_IBUF_BUFG                     | KC0/RAM_reg[11][31][0]       |                                     |               17 |             32 |
|  clkIn_IBUF_BUFG                     | KC0/RAM_reg[0][31][0]        |                                     |                9 |             32 |
|  clkIn_IBUF_BUFG                     | KC0/RAM_reg[31][31][0]       |                                     |               17 |             32 |
|  clkIn_IBUF_BUFG                     | KC0/RAM_reg[36][31][0]       |                                     |               14 |             32 |
|  clkIn_IBUF_BUFG                     | KC0/RAM_reg[37][31][0]       |                                     |               13 |             32 |
|  clkIn_IBUF_BUFG                     | KC0/RAM_reg[47][31][0]       |                                     |               17 |             32 |
|  clkIn_IBUF_BUFG                     | KC0/RAM_reg[48][31][0]       |                                     |               15 |             32 |
|  clkIn_IBUF_BUFG                     | KC0/RAM_reg[1][31][0]        |                                     |               13 |             32 |
|  clkIn_IBUF_BUFG                     | KC0/RAM_reg[54][31][0]       |                                     |               20 |             32 |
|  clkIn_IBUF_BUFG                     | KC0/RAM_reg[55][31][0]       |                                     |               18 |             32 |
|  clkIn_IBUF_BUFG                     | KC0/RAM_reg[57][31][0]       |                                     |               14 |             32 |
|  clkIn_IBUF_BUFG                     | KC0/RAM_reg[7][31][0]        |                                     |               10 |             32 |
|  clkIn_IBUF_BUFG                     | KC0/RAM_reg[15][31][0]       |                                     |               15 |             32 |
|  clkIn_IBUF_BUFG                     | KC0/RAM_reg[14][31][0]       |                                     |               17 |             32 |
|  clkIn_IBUF_BUFG                     | KC0/RAM_reg[20][31][0]       |                                     |               10 |             32 |
|  clkIn_IBUF_BUFG                     | KC0/RAM_reg[2][31][0]        |                                     |               15 |             32 |
|  clkIn_IBUF_BUFG                     | KC0/RAM_reg[38][31][0]       |                                     |               18 |             32 |
|  clkIn_IBUF_BUFG                     | KC0/RAM_reg[39][31][0]       |                                     |               19 |             32 |
|  clkIn_IBUF_BUFG                     | KC0/RAM_reg[51][31][0]       |                                     |               21 |             32 |
|  clkIn_IBUF_BUFG                     | KC0/RAM_reg[21][31][0]       |                                     |               20 |             32 |
|  clkIn_IBUF_BUFG                     | KC0/RAM_reg[3][31][0]        |                                     |               15 |             32 |
|  clkIn_IBUF_BUFG                     | KC0/RAM_reg[44][31][0]       |                                     |                9 |             32 |
|  clkIn_IBUF_BUFG                     | KC0/RAM_reg[46][31][0]       |                                     |               16 |             32 |
|  clkIn_IBUF_BUFG                     | KC0/RAM_reg[8][31][0]        |                                     |               12 |             32 |
|  clkIn_IBUF_BUFG                     | KC0/RAM_reg[30][31][0]       |                                     |               15 |             32 |
|  clkIn_IBUF_BUFG                     | KC0/RAM_reg[9][31][0]        |                                     |               14 |             32 |
|  clkIn_IBUF_BUFG                     | KC0/RAM_reg[23][31][0]       |                                     |               19 |             32 |
|  clkIn_IBUF_BUFG                     | KC0/RAM_reg[35][31][0]       |                                     |               20 |             32 |
|  clkIn_IBUF_BUFG                     | KC0/RAM_reg[26][31][0]       |                                     |               17 |             32 |
|  clkIn_IBUF_BUFG                     | KC0/RAM_reg[43][31][0]       |                                     |               17 |             32 |
|  clkIn_IBUF_BUFG                     | KC0/RAM_reg[4][31][0]        |                                     |               13 |             32 |
|  clkIn_IBUF_BUFG                     | KC0/RAM_reg[52][31][0]       |                                     |                9 |             32 |
|  clkIn_IBUF_BUFG                     | KC0/RAM_reg[41][31][0]       |                                     |               22 |             32 |
|  clkIn_IBUF_BUFG                     | KC0/RAM_reg[53][31][0]       |                                     |               15 |             32 |
|  clkIn_IBUF_BUFG                     | DC0/RAM_reg[12][31][0]       |                                     |               10 |             32 |
|  clkIn_IBUF_BUFG                     | KC0/RAM_reg[25][31][0]       |                                     |               12 |             32 |
|  clkIn_IBUF_BUFG                     | KC0/RAM_reg[56][31][0]       |                                     |               19 |             32 |
|  clkIn_IBUF_BUFG                     | KC0/RAM_reg[28][31][0]       |                                     |               19 |             32 |
|  clkIn_IBUF_BUFG                     | KC0/RAM_reg[40][31][0]       |                                     |               11 |             32 |
|  clkIn_IBUF_BUFG                     | KC0/RAM_reg[24][31][0]       |                                     |               13 |             32 |
|  clkIn_IBUF_BUFG                     | KC0/RAM_reg[42][31][0]       |                                     |               17 |             32 |
|  clkIn_IBUF_BUFG                     | KC0/RAM_reg[34][31][0]       |                                     |               15 |             32 |
|  clkIn_IBUF_BUFG                     | KC0/RAM_reg[27][31][0]       |                                     |               21 |             32 |
|  clkIn_IBUF_BUFG                     | KC0/RAM_reg[33][31][0]       |                                     |               14 |             32 |
|  clkIn_IBUF_BUFG                     | KC0/RAM_reg[49][31][0]       |                                     |               10 |             32 |
|  clkIn_IBUF_BUFG                     | KC0/RAM_reg[32][31][0]       |                                     |               14 |             32 |
|  clkIn_IBUF_BUFG                     | KC0/RAM_reg[58][31][0]       |                                     |               16 |             32 |
|  clkIn_IBUF_BUFG                     | KC0/RAM_reg[29][31][0]       |                                     |               22 |             32 |
|  clkIn_IBUF_BUFG                     | KC0/RAM_reg[5][31][0]        |                                     |               14 |             32 |
|  clkIn_IBUF_BUFG                     | KC0/RAM_reg[6][31][0]        |                                     |               11 |             32 |
|  clkIn_IBUF_BUFG                     | KC0/RAM_reg[16][31][0]       |                                     |               15 |             32 |
|  clkIn_IBUF_BUFG                     | KC0/RAM_reg[50][31][0]       |                                     |               19 |             32 |
|  clkIn_IBUF_BUFG                     | KC0/RAM_reg[17][31][0]       |                                     |               15 |             32 |
|  clkIn_IBUF_BUFG                     | KC0/RAM_reg[12][31][0]       |                                     |               11 |             32 |
|  clkIn_IBUF_BUFG                     | KC0/RAM_reg[18][31][0]       |                                     |               17 |             32 |
|  clkIn_IBUF_BUFG                     | KC0/RAM_reg[13][31][0]       |                                     |               17 |             32 |
|  clkIn_IBUF_BUFG                     | KC0/RAM_reg[19][31][0]       |                                     |               22 |             32 |
|  clkIn_IBUF_BUFG                     | KC0/RAM_reg[22][31][0]       |                                     |               13 |             32 |
|  clkIn_IBUF_BUFG                     | KC0/RAM_reg[45][31][0]       |                                     |               12 |             32 |
|  clkIn_IBUF_BUFG                     | DC0/E[0]                     |                                     |                9 |             32 |
|  clkIn_IBUF_BUFG                     | DC0/RAM_reg[5][31][0]        |                                     |                8 |             32 |
|  clkIn_IBUF_BUFG                     | DC0/RAM_reg[13][31][0]       |                                     |                8 |             32 |
|  clkIn_IBUF_BUFG                     | DC0/RAM_reg[3][31][0]        |                                     |                9 |             32 |
|  clkIn_IBUF_BUFG                     | DC0/RAM_reg[2][31][0]        |                                     |               10 |             32 |
|  clkIn_IBUF_BUFG                     | DC0/RAM_reg[4][31][0]        |                                     |               13 |             32 |
|  clkIn_IBUF_BUFG                     | DC0/RAM_reg[9][31][0]        |                                     |               14 |             32 |
|  clkIn_IBUF_BUFG                     | DC0/RAM_reg[14][31][0]       |                                     |                6 |             32 |
|  clkIn_IBUF_BUFG                     | DC0/RAM_reg[11][31][0]       |                                     |                7 |             32 |
|  clkIn_IBUF_BUFG                     | AES0/ena                     | KB0/keyOut_reg[166]_0               |               28 |             40 |
|  clkIn_IBUF_BUFG                     | DC0/dataOut_reg[127][0]      | AES0/r0_reg_reg[88]_0               |               20 |             40 |
|  clkIn_IBUF_BUFG                     | AES0/ena                     | AES0/r6_reg_reg[0]_0                |               34 |             41 |
|  clkIn_IBUF_BUFG                     | KC0/keyOut_reg[1919][0]      | AES0/r0_reg_reg[4]_0                |               21 |             41 |
|  clkIn_IBUF_BUFG                     | KC0/keyOut_reg[1919][0]      | AES0/r0_reg_reg[46]_0               |               23 |             41 |
|  clkIn_IBUF_BUFG                     | KC0/keyOut_reg[1919][0]      | AES0/r6_reg_reg[0]_0                |               31 |             41 |
|  clkIn_IBUF_BUFG                     | DC0/dataOut_reg[127][0]      | AES0/r0_reg_reg[46]_0               |               19 |             41 |
|  clkIn_IBUF_BUFG                     | DC0/dataOut_reg[127][0]      | AES0/r0_reg_reg[4]_0                |               18 |             41 |
|  clkIn_IBUF_BUFG                     | KC0/keyOut_reg[1919][0]      | AES0/r0_reg_reg[88]_0               |               15 |             42 |
|  clkIn_IBUF_BUFG                     | AES0/ena                     | AES0/r0_reg_reg[4]_0                |               22 |             42 |
|  clkIn_IBUF_BUFG                     | AES0/ena                     | AES0/r0_reg_reg[88]_0               |               18 |             42 |
|  clkIn_IBUF_BUFG                     | AES0/ena                     | AES0/r0_reg_reg[46]_0               |               23 |             42 |
|  clkIn_IBUF_BUFG                     | AES0/ena                     | KB0/keyOut_reg[1762]_0              |               43 |             52 |
|  clkIn_IBUF_BUFG                     | AES0/ena                     | KB0/keyOut_reg[384]_0               |               40 |             53 |
|  clkIn_IBUF_BUFG                     | KC0/keyOut_reg[1919][0]      | KB0/keyOut_reg[384]_0               |               31 |             54 |
|  clkIn_IBUF_BUFG                     | AES0/ena                     | KB0/keyOut_reg[1374]_0              |               40 |             54 |
|  clkIn_IBUF_BUFG                     | KC0/keyOut_reg[1919][0]      | KB0/keyOut_reg[1374]_0              |               29 |             55 |
|  clkIn_IBUF_BUFG                     | AES0/ena                     | KB0/keyOut_reg[433]_0               |               49 |             60 |
|  clkIn_IBUF_BUFG                     | AES0/ena                     | KB0/keyOut_reg[847]_0               |               47 |             60 |
|  clkIn_IBUF_BUFG                     | KC0/keyOut_reg[1919][0]      | AES0/r7_reg_reg[72]_0               |               26 |             60 |
|  clkIn_IBUF_BUFG                     | KC0/keyOut_reg[1919][0]      | AES0/r3_reg_reg[33]_0               |               31 |             60 |
|  clkIn_IBUF_BUFG                     | KC0/keyOut_reg[1919][0]      | AES0/r10_reg_reg[40]_0              |               41 |             60 |
|  clkIn_IBUF_BUFG                     | AES0/ena                     | KB0/keyOut_reg[1518]_0              |               41 |             60 |
|  clkIn_IBUF_BUFG                     | AES0/ena                     | KB0/keyOut_reg[1039]_0              |               46 |             60 |
|  clkIn_IBUF_BUFG                     | AES0/ena                     | KB0/keyOut_reg[1587]_0              |               49 |             61 |
|  clkIn_IBUF_BUFG                     | KC0/keyOut_reg[1919][0]      | AES0/r1_reg_reg[65]_0               |               37 |             61 |
|  clkIn_IBUF_BUFG                     | KC0/keyOut_reg[1919][0]      | AES0/r1_reg_reg[9]_0                |               35 |             61 |
|  clkIn_IBUF_BUFG                     | KC0/keyOut_reg[1919][0]      | AES0/r5_reg_reg[64]_0               |               40 |             61 |
|  clkIn_IBUF_BUFG                     | KC0/keyOut_reg[1919][0]      | AES0/r10_reg_reg[29]_0              |               40 |             62 |
|  clkIn_IBUF_BUFG                     | KC0/keyOut_reg[1919][0]      | AES0/r12_reg_reg[39]_0              |               34 |             62 |
|  clkIn_IBUF_BUFG                     | AES0/ena                     | AES0/r4_reg_reg[113]_0              |               49 |             62 |
|  clkIn_IBUF_BUFG                     | AES0/ena                     | AES0/r5_reg_reg[119]_0              |               51 |             62 |
|  clkIn_IBUF_BUFG                     | KC0/keyOut_reg[1919][0]      | KB0/keyOut_reg[774]_0               |               40 |             62 |
|  clkIn_IBUF_BUFG                     | KC0/keyOut_reg[1919][0]      | KB0/keyOut_reg[875]_0               |               40 |             62 |
|  clkIn_IBUF_BUFG                     | KC0/keyOut_reg[1919][0]      | KB0/keyOut_reg[646]_0               |               40 |             62 |
|  clkIn_IBUF_BUFG                     | AES0/ena                     | AES0/r10_reg_reg[29]_0              |               43 |             62 |
|  clkIn_IBUF_BUFG                     | AES0/ena                     | AES0/r9_reg_reg[113]_0              |               50 |             62 |
|  clkIn_IBUF_BUFG                     | AES0/ena                     | AES0/r12_reg_reg[39]_0              |               46 |             62 |
|  clkIn_IBUF_BUFG                     | KC0/keyOut_reg[1919][0]      | AES0/r2_reg_reg[86]_0               |               34 |             62 |
|  clkIn_IBUF_BUFG                     | AES0/ena                     | KB0/keyOut_reg[875]_0               |               46 |             62 |
|  clkIn_IBUF_BUFG                     | AES0/ena                     | AES0/r2_reg_reg[86]_0               |               49 |             62 |
|  clkIn_IBUF_BUFG                     | KC0/keyOut_reg[1919][0]      | AES0/r9_reg_reg[113]_0              |               38 |             62 |
|  clkIn_IBUF_BUFG                     | AES0/ena                     | KB0/keyOut_reg[774]_0               |               53 |             62 |
|  clkIn_IBUF_BUFG                     | KC0/keyOut_reg[1919][0]      | AES0/r4_reg_reg[113]_0              |               31 |             62 |
|  clkIn_IBUF_BUFG                     | KC0/keyOut_reg[1919][0]      | AES0/r5_reg_reg[119]_0              |               32 |             62 |
|  clkIn_IBUF_BUFG                     | AES0/ena                     | KB0/keyOut_reg[646]_0               |               53 |             62 |
|  clkIn_IBUF_BUFG                     | KC0/keyOut_reg[1919][0]      | KB0/keyOut_reg[1587]_0              |               34 |             63 |
|  clkIn_IBUF_BUFG                     | AES0/ena                     | AES0/r5_reg_reg[64]_0               |               51 |             63 |
|  clkIn_IBUF_BUFG                     | AES0/ena                     | AES0/r1_reg_reg[9]_0                |               50 |             63 |
|  clkIn_IBUF_BUFG                     | AES0/ena                     | AES0/r1_reg_reg[65]_0               |               47 |             63 |
|  clkIn_IBUF_BUFG                     | KC0/keyOut_reg[1919][0]      | KB0/keyOut_reg[847]_0               |               40 |             64 |
|  clkIn_IBUF_BUFG                     | KC0/keyOut_reg[1919][0]      | KB0/keyOut_reg[433]_0               |               33 |             64 |
|  clkIn_IBUF_BUFG                     | KC0/keyOut_reg[1919][0]      | KB0/keyOut_reg[1039]_0              |               40 |             64 |
|  clkIn_IBUF_BUFG                     | AES0/ena                     | AES0/r7_reg_reg[72]_0               |               49 |             64 |
|  clkIn_IBUF_BUFG                     | KC0/keyOut_reg[1919][0]      | KB0/keyOut_reg[1518]_0              |               36 |             64 |
|  clkIn_IBUF_BUFG                     | KC0/keyOut_reg[1919][0]      | KB0/keyOut_reg[40]_0                |               23 |             64 |
|  clkIn_IBUF_BUFG                     | AES0/ena                     | AES0/r10_reg_reg[40]_0              |               53 |             64 |
|  clkIn_IBUF_BUFG                     | AES0/ena                     | AES0/r3_reg_reg[33]_0               |               50 |             64 |
|  clkIn_IBUF_BUFG                     | KC0/keyOut_reg[1919][0]      | KB0/keyOut_reg[1762]_0              |               42 |             72 |
|  clkIn_IBUF_BUFG                     | KC0/keyOut_reg[1919][0]      | KB0/keyOut_reg[166]_0               |               52 |             84 |
|  clkIn_IBUF_BUFG                     | KC0/keyOut_reg[1919][0]      | AES0/r7_reg_reg[103]_0              |               81 |            156 |
|  clkIn_IBUF_BUFG                     | AES0/ena                     | AES0/r7_reg_reg[103]_0              |              110 |            156 |
+--------------------------------------+------------------------------+-------------------------------------+------------------+----------------+


+--------+-----------------------+
| Fanout | Number of ControlSets |
+--------+-----------------------+
| 1      |                     4 |
| 3      |                    16 |
| 4      |                    20 |
| 6      |                     6 |
| 8      |                     3 |
| 9      |                     1 |
| 13     |                     1 |
| 16+    |                   141 |
+--------+-----------------------+


