Copyright 1986-2017 Xilinx, Inc. All Rights Reserved.
-------------------------------------------------------------------------------------------------
| Tool Version              : Vivado v.2017.1 (win64) Build 1846317 Fri Apr 14 18:55:03 MDT 2017
| Date                      : Fri Sep 14 17:43:13 2018
| Host                      : DESKTOP-GJPCRJL running 64-bit major release  (build 9200)
| Command                   : report_io -file top_io_placed.rpt
| Design                    : top
| Device                    : xc7a100t
| Speed File                : -1
| Package                   : csg324
| Package Version           : FINAL 2012-07-17
| Package Pin Delay Version : VERS. 2.0 2012-07-17
-------------------------------------------------------------------------------------------------

IO Information

Table of Contents
-----------------
1. Summary
2. IO Assignments by Package Pin

1. Summary
----------

+---------------+
| Total User IO |
+---------------+
|           135 |
+---------------+


2. IO Assignments by Package Pin
--------------------------------

+------------+----------------+------------+------------------------------+-------------+-------------+---------+------------+------+---------------------+----------------------+---------+------------+-----------+----------+------+------------------+
| Pin Number | Signal Name    | Bank Type  | Pin Name                     | Use         | IO Standard | IO Bank | Drive (mA) | Slew | On-Chip Termination | Off-Chip Termination | Voltage | Constraint | Pull Type | DQS Bias | Vref | Signal Integrity |
+------------+----------------+------------+------------------------------+-------------+-------------+---------+------------+------+---------------------+----------------------+---------+------------+-----------+----------+------+------------------+
| A1         |                | High Range | IO_L9N_T1_DQS_AD7N_35        | User IO     |             |      35 |            |      |                     |                      |         |            |           |          |      |                  |
| A2         |                |            | GND                          | GND         |             |         |            |      |                     |                      |     0.0 |            |           |          |      |                  |
| A3         |                | High Range | IO_L8N_T1_AD14N_35           | User IO     |             |      35 |            |      |                     |                      |         |            |           |          |      |                  |
| A4         |                | High Range | IO_L8P_T1_AD14P_35           | User IO     |             |      35 |            |      |                     |                      |         |            |           |          |      |                  |
| A5         |                | High Range | IO_L3N_T0_DQS_AD5N_35        | User IO     |             |      35 |            |      |                     |                      |         |            |           |          |      |                  |
| A6         |                | High Range | IO_L3P_T0_DQS_AD5P_35        | User IO     |             |      35 |            |      |                     |                      |         |            |           |          |      |                  |
| A7         |                | High Range | VCCO_35                      | VCCO        |             |      35 |            |      |                     |                      |   any** |            |           |          |      |                  |
| A8         | resetIn        | High Range | IO_L12N_T1_MRCC_16           | INPUT       | LVCMOS18*   |      16 |            |      |                     |                 NONE |         | UNFIXED    |           |          |      | NONE             |
| A9         | finalDone      | High Range | IO_L14N_T2_SRCC_16           | TRISTATE    | LVCMOS18*   |      16 |         12 | SLOW |                     |            FP_VTT_50 |         | UNFIXED    |           |          |      | NONE             |
| A10        | keyBufReady    | High Range | IO_L14P_T2_SRCC_16           | OUTPUT      | LVCMOS18*   |      16 |         12 | SLOW |                     |            FP_VTT_50 |         | UNFIXED    |           |          |      | NONE             |
| A11        | finalData[41]  | High Range | IO_L4N_T0_15                 | OUTPUT      | LVCMOS18*   |      15 |         12 | SLOW |                     |            FP_VTT_50 |         | UNFIXED    |           |          |      | NONE             |
| A12        |                |            | GND                          | GND         |             |         |            |      |                     |                      |     0.0 |            |           |          |      |                  |
| A13        | finalData[32]  | High Range | IO_L9P_T1_DQS_AD3P_15        | OUTPUT      | LVCMOS18*   |      15 |         12 | SLOW |                     |            FP_VTT_50 |         | UNFIXED    |           |          |      | NONE             |
| A14        | finalData[31]  | High Range | IO_L9N_T1_DQS_AD3N_15        | OUTPUT      | LVCMOS18*   |      15 |         12 | SLOW |                     |            FP_VTT_50 |         | UNFIXED    |           |          |      | NONE             |
| A15        | finalData[34]  | High Range | IO_L8P_T1_AD10P_15           | OUTPUT      | LVCMOS18*   |      15 |         12 | SLOW |                     |            FP_VTT_50 |         | UNFIXED    |           |          |      | NONE             |
| A16        | finalData[33]  | High Range | IO_L8N_T1_AD10N_15           | OUTPUT      | LVCMOS18*   |      15 |         12 | SLOW |                     |            FP_VTT_50 |         | UNFIXED    |           |          |      | NONE             |
| A17        |                | High Range | VCCO_15                      | VCCO        |             |      15 |            |      |                     |                      |    1.80 |            |           |          |      |                  |
| A18        | finalData[29]  | High Range | IO_L10N_T1_AD11N_15          | OUTPUT      | LVCMOS18*   |      15 |         12 | SLOW |                     |            FP_VTT_50 |         | UNFIXED    |           |          |      | NONE             |
| B1         |                | High Range | IO_L9P_T1_DQS_AD7P_35        | User IO     |             |      35 |            |      |                     |                      |         |            |           |          |      |                  |
| B2         |                | High Range | IO_L10N_T1_AD15N_35          | User IO     |             |      35 |            |      |                     |                      |         |            |           |          |      |                  |
| B3         |                | High Range | IO_L10P_T1_AD15P_35          | User IO     |             |      35 |            |      |                     |                      |         |            |           |          |      |                  |
| B4         |                | High Range | IO_L7N_T1_AD6N_35            | User IO     |             |      35 |            |      |                     |                      |         |            |           |          |      |                  |
| B5         |                |            | GND                          | GND         |             |         |            |      |                     |                      |     0.0 |            |           |          |      |                  |
| B6         |                | High Range | IO_L2N_T0_AD12N_35           | User IO     |             |      35 |            |      |                     |                      |         |            |           |          |      |                  |
| B7         |                | High Range | IO_L2P_T0_AD12P_35           | User IO     |             |      35 |            |      |                     |                      |         |            |           |          |      |                  |
| B8         |                | High Range | IO_L12P_T1_MRCC_16           | User IO     |             |      16 |            |      |                     |                      |         |            |           |          |      |                  |
| B9         |                | High Range | IO_L11N_T1_SRCC_16           | User IO     |             |      16 |            |      |                     |                      |         |            |           |          |      |                  |
| B10        |                | High Range | VCCO_16                      | VCCO        |             |      16 |            |      |                     |                      |    1.80 |            |           |          |      |                  |
| B11        | finalData[42]  | High Range | IO_L4P_T0_15                 | OUTPUT      | LVCMOS18*   |      15 |         12 | SLOW |                     |            FP_VTT_50 |         | UNFIXED    |           |          |      | NONE             |
| B12        | finalData[43]  | High Range | IO_L3N_T0_DQS_AD1N_15        | OUTPUT      | LVCMOS18*   |      15 |         12 | SLOW |                     |            FP_VTT_50 |         | UNFIXED    |           |          |      | NONE             |
| B13        | finalData[46]  | High Range | IO_L2P_T0_AD8P_15            | OUTPUT      | LVCMOS18*   |      15 |         12 | SLOW |                     |            FP_VTT_50 |         | UNFIXED    |           |          |      | NONE             |
| B14        | finalData[45]  | High Range | IO_L2N_T0_AD8N_15            | OUTPUT      | LVCMOS18*   |      15 |         12 | SLOW |                     |            FP_VTT_50 |         | UNFIXED    |           |          |      | NONE             |
| B15        |                |            | GND                          | GND         |             |         |            |      |                     |                      |     0.0 |            |           |          |      |                  |
| B16        | finalData[36]  | High Range | IO_L7P_T1_AD2P_15            | OUTPUT      | LVCMOS18*   |      15 |         12 | SLOW |                     |            FP_VTT_50 |         | UNFIXED    |           |          |      | NONE             |
| B17        | finalData[35]  | High Range | IO_L7N_T1_AD2N_15            | OUTPUT      | LVCMOS18*   |      15 |         12 | SLOW |                     |            FP_VTT_50 |         | UNFIXED    |           |          |      | NONE             |
| B18        | finalData[30]  | High Range | IO_L10P_T1_AD11P_15          | OUTPUT      | LVCMOS18*   |      15 |         12 | SLOW |                     |            FP_VTT_50 |         | UNFIXED    |           |          |      | NONE             |
| C1         |                | High Range | IO_L16N_T2_35                | User IO     |             |      35 |            |      |                     |                      |         |            |           |          |      |                  |
| C2         |                | High Range | IO_L16P_T2_35                | User IO     |             |      35 |            |      |                     |                      |         |            |           |          |      |                  |
| C3         |                | High Range | VCCO_35                      | VCCO        |             |      35 |            |      |                     |                      |   any** |            |           |          |      |                  |
| C4         |                | High Range | IO_L7P_T1_AD6P_35            | User IO     |             |      35 |            |      |                     |                      |         |            |           |          |      |                  |
| C5         |                | High Range | IO_L1N_T0_AD4N_35            | User IO     |             |      35 |            |      |                     |                      |         |            |           |          |      |                  |
| C6         |                | High Range | IO_L1P_T0_AD4P_35            | User IO     |             |      35 |            |      |                     |                      |         |            |           |          |      |                  |
| C7         |                | High Range | IO_L4N_T0_35                 | User IO     |             |      35 |            |      |                     |                      |         |            |           |          |      |                  |
| C8         |                |            | GND                          | GND         |             |         |            |      |                     |                      |     0.0 |            |           |          |      |                  |
| C9         | clkIn          | High Range | IO_L11P_T1_SRCC_16           | INPUT       | LVCMOS18*   |      16 |            |      |                     |                 NONE |         | UNFIXED    |           |          |      | NONE             |
| C10        | startIn[0]     | High Range | IO_L13N_T2_MRCC_16           | INPUT       | LVCMOS18*   |      16 |            |      |                     |                 NONE |         | UNFIXED    |           |          |      | NONE             |
| C11        | startIn[1]     | High Range | IO_L13P_T2_MRCC_16           | INPUT       | LVCMOS18*   |      16 |            |      |                     |                 NONE |         | UNFIXED    |           |          |      | NONE             |
| C12        | finalData[44]  | High Range | IO_L3P_T0_DQS_AD1P_15        | OUTPUT      | LVCMOS18*   |      15 |         12 | SLOW |                     |            FP_VTT_50 |         | UNFIXED    |           |          |      | NONE             |
| C13        |                | High Range | VCCO_15                      | VCCO        |             |      15 |            |      |                     |                      |    1.80 |            |           |          |      |                  |
| C14        | finalData[47]  | High Range | IO_L1N_T0_AD0N_15            | OUTPUT      | LVCMOS18*   |      15 |         12 | SLOW |                     |            FP_VTT_50 |         | UNFIXED    |           |          |      | NONE             |
| C15        | finalData[25]  | High Range | IO_L12N_T1_MRCC_15           | OUTPUT      | LVCMOS18*   |      15 |         12 | SLOW |                     |            FP_VTT_50 |         | UNFIXED    |           |          |      | NONE             |
| C16        | finalData[10]  | High Range | IO_L20P_T3_A20_15            | OUTPUT      | LVCMOS18*   |      15 |         12 | SLOW |                     |            FP_VTT_50 |         | UNFIXED    |           |          |      | NONE             |
| C17        | finalData[9]   | High Range | IO_L20N_T3_A19_15            | OUTPUT      | LVCMOS18*   |      15 |         12 | SLOW |                     |            FP_VTT_50 |         | UNFIXED    |           |          |      | NONE             |
| C18        |                |            | GND                          | GND         |             |         |            |      |                     |                      |     0.0 |            |           |          |      |                  |
| D1         |                |            | GND                          | GND         |             |         |            |      |                     |                      |     0.0 |            |           |          |      |                  |
| D2         |                | High Range | IO_L14N_T2_SRCC_35           | User IO     |             |      35 |            |      |                     |                      |         |            |           |          |      |                  |
| D3         |                | High Range | IO_L12N_T1_MRCC_35           | User IO     |             |      35 |            |      |                     |                      |         |            |           |          |      |                  |
| D4         |                | High Range | IO_L11N_T1_SRCC_35           | User IO     |             |      35 |            |      |                     |                      |         |            |           |          |      |                  |
| D5         |                | High Range | IO_L11P_T1_SRCC_35           | User IO     |             |      35 |            |      |                     |                      |         |            |           |          |      |                  |
| D6         |                | High Range | VCCO_35                      | VCCO        |             |      35 |            |      |                     |                      |   any** |            |           |          |      |                  |
| D7         |                | High Range | IO_L6N_T0_VREF_35            | User IO     |             |      35 |            |      |                     |                      |         |            |           |          |      |                  |
| D8         |                | High Range | IO_L4P_T0_35                 | User IO     |             |      35 |            |      |                     |                      |         |            |           |          |      |                  |
| D9         |                | High Range | IO_L6N_T0_VREF_16            | User IO     |             |      16 |            |      |                     |                      |         |            |           |          |      |                  |
| D10        | dataBufReady   | High Range | IO_L19N_T3_VREF_16           | OUTPUT      | LVCMOS18*   |      16 |         12 | SLOW |                     |            FP_VTT_50 |         | UNFIXED    |           |          |      | NONE             |
| D11        |                |            | GND                          | GND         |             |         |            |      |                     |                      |     0.0 |            |           |          |      |                  |
| D12        | finalData[38]  | High Range | IO_L6P_T0_15                 | OUTPUT      | LVCMOS18*   |      15 |         12 | SLOW |                     |            FP_VTT_50 |         | UNFIXED    |           |          |      | NONE             |
| D13        | finalData[37]  | High Range | IO_L6N_T0_VREF_15            | OUTPUT      | LVCMOS18*   |      15 |         12 | SLOW |                     |            FP_VTT_50 |         | UNFIXED    |           |          |      | NONE             |
| D14        | finalData[48]  | High Range | IO_L1P_T0_AD0P_15            | OUTPUT      | LVCMOS18*   |      15 |         12 | SLOW |                     |            FP_VTT_50 |         | UNFIXED    |           |          |      | NONE             |
| D15        | finalData[26]  | High Range | IO_L12P_T1_MRCC_15           | OUTPUT      | LVCMOS18*   |      15 |         12 | SLOW |                     |            FP_VTT_50 |         | UNFIXED    |           |          |      | NONE             |
| D16        |                | High Range | VCCO_15                      | VCCO        |             |      15 |            |      |                     |                      |    1.80 |            |           |          |      |                  |
| D17        | finalData[17]  | High Range | IO_L16N_T2_A27_15            | OUTPUT      | LVCMOS18*   |      15 |         12 | SLOW |                     |            FP_VTT_50 |         | UNFIXED    |           |          |      | NONE             |
| D18        | finalData[7]   | High Range | IO_L21N_T3_DQS_A18_15        | OUTPUT      | LVCMOS18*   |      15 |         12 | SLOW |                     |            FP_VTT_50 |         | UNFIXED    |           |          |      | NONE             |
| E1         |                | High Range | IO_L18N_T2_35                | User IO     |             |      35 |            |      |                     |                      |         |            |           |          |      |                  |
| E2         |                | High Range | IO_L14P_T2_SRCC_35           | User IO     |             |      35 |            |      |                     |                      |         |            |           |          |      |                  |
| E3         |                | High Range | IO_L12P_T1_MRCC_35           | User IO     |             |      35 |            |      |                     |                      |         |            |           |          |      |                  |
| E4         |                |            | GND                          | GND         |             |         |            |      |                     |                      |     0.0 |            |           |          |      |                  |
| E5         |                | High Range | IO_L5N_T0_AD13N_35           | User IO     |             |      35 |            |      |                     |                      |         |            |           |          |      |                  |
| E6         |                | High Range | IO_L5P_T0_AD13P_35           | User IO     |             |      35 |            |      |                     |                      |         |            |           |          |      |                  |
| E7         |                | High Range | IO_L6P_T0_35                 | User IO     |             |      35 |            |      |                     |                      |         |            |           |          |      |                  |
| E8         |                | Dedicated  | VCCBATT_0                    | Config      |             |       0 |            |      |                     |                      |         |            |           |          |      |                  |
| E9         |                | Dedicated  | CCLK_0                       | Config      |             |       0 |            |      |                     |                      |         |            |           |          |      |                  |
| E10        |                | Dedicated  | TCK_0                        | Config      |             |       0 |            |      |                     |                      |         |            |           |          |      |                  |
| E11        |                | Dedicated  | TDI_0                        | Config      |             |       0 |            |      |                     |                      |         |            |           |          |      |                  |
| E12        |                | Dedicated  | TMS_0                        | Config      |             |       0 |            |      |                     |                      |         |            |           |          |      |                  |
| E13        |                | Dedicated  | TDO_0                        | Config      |             |       0 |            |      |                     |                      |         |            |           |          |      |                  |
| E14        |                |            | GND                          | GND         |             |         |            |      |                     |                      |     0.0 |            |           |          |      |                  |
| E15        | finalData[28]  | High Range | IO_L11P_T1_SRCC_15           | OUTPUT      | LVCMOS18*   |      15 |         12 | SLOW |                     |            FP_VTT_50 |         | UNFIXED    |           |          |      | NONE             |
| E16        | finalData[27]  | High Range | IO_L11N_T1_SRCC_15           | OUTPUT      | LVCMOS18*   |      15 |         12 | SLOW |                     |            FP_VTT_50 |         | UNFIXED    |           |          |      | NONE             |
| E17        | finalData[18]  | High Range | IO_L16P_T2_A28_15            | OUTPUT      | LVCMOS18*   |      15 |         12 | SLOW |                     |            FP_VTT_50 |         | UNFIXED    |           |          |      | NONE             |
| E18        | finalData[8]   | High Range | IO_L21P_T3_DQS_15            | OUTPUT      | LVCMOS18*   |      15 |         12 | SLOW |                     |            FP_VTT_50 |         | UNFIXED    |           |          |      | NONE             |
| F1         |                | High Range | IO_L18P_T2_35                | User IO     |             |      35 |            |      |                     |                      |         |            |           |          |      |                  |
| F2         |                | High Range | VCCO_35                      | VCCO        |             |      35 |            |      |                     |                      |   any** |            |           |          |      |                  |
| F3         |                | High Range | IO_L13N_T2_MRCC_35           | User IO     |             |      35 |            |      |                     |                      |         |            |           |          |      |                  |
| F4         |                | High Range | IO_L13P_T2_MRCC_35           | User IO     |             |      35 |            |      |                     |                      |         |            |           |          |      |                  |
| F5         |                | High Range | IO_0_35                      | User IO     |             |      35 |            |      |                     |                      |         |            |           |          |      |                  |
| F6         |                | High Range | IO_L19N_T3_VREF_35           | User IO     |             |      35 |            |      |                     |                      |         |            |           |          |      |                  |
| F7         |                |            | GND                          | GND         |             |         |            |      |                     |                      |     0.0 |            |           |          |      |                  |
| F8         |                |            | VCCINT                       | VCCINT      |             |         |            |      |                     |                      |         |            |           |          |      |                  |
| F9         |                |            | GND                          | GND         |             |         |            |      |                     |                      |     0.0 |            |           |          |      |                  |
| F10        |                |            | VCCBRAM                      | VCCBRAM     |             |         |            |      |                     |                      |         |            |           |          |      |                  |
| F11        |                |            | GND                          | GND         |             |         |            |      |                     |                      |     0.0 |            |           |          |      |                  |
| F12        |                |            | VCCAUX                       | VCCAUX      |             |         |            |      |                     |                      |    1.80 |            |           |          |      |                  |
| F13        | finalData[40]  | High Range | IO_L5P_T0_AD9P_15            | OUTPUT      | LVCMOS18*   |      15 |         12 | SLOW |                     |            FP_VTT_50 |         | UNFIXED    |           |          |      | NONE             |
| F14        | finalData[39]  | High Range | IO_L5N_T0_AD9N_15            | OUTPUT      | LVCMOS18*   |      15 |         12 | SLOW |                     |            FP_VTT_50 |         | UNFIXED    |           |          |      | NONE             |
| F15        | finalData[22]  | High Range | IO_L14P_T2_SRCC_15           | OUTPUT      | LVCMOS18*   |      15 |         12 | SLOW |                     |            FP_VTT_50 |         | UNFIXED    |           |          |      | NONE             |
| F16        | finalData[21]  | High Range | IO_L14N_T2_SRCC_15           | OUTPUT      | LVCMOS18*   |      15 |         12 | SLOW |                     |            FP_VTT_50 |         | UNFIXED    |           |          |      | NONE             |
| F17        |                |            | GND                          | GND         |             |         |            |      |                     |                      |     0.0 |            |           |          |      |                  |
| F18        | finalData[5]   | High Range | IO_L22N_T3_A16_15            | OUTPUT      | LVCMOS18*   |      15 |         12 | SLOW |                     |            FP_VTT_50 |         | UNFIXED    |           |          |      | NONE             |
| G1         |                | High Range | IO_L17N_T2_35                | User IO     |             |      35 |            |      |                     |                      |         |            |           |          |      |                  |
| G2         |                | High Range | IO_L15N_T2_DQS_35            | User IO     |             |      35 |            |      |                     |                      |         |            |           |          |      |                  |
| G3         |                | High Range | IO_L20N_T3_35                | User IO     |             |      35 |            |      |                     |                      |         |            |           |          |      |                  |
| G4         |                | High Range | IO_L20P_T3_35                | User IO     |             |      35 |            |      |                     |                      |         |            |           |          |      |                  |
| G5         |                | High Range | VCCO_35                      | VCCO        |             |      35 |            |      |                     |                      |   any** |            |           |          |      |                  |
| G6         |                | High Range | IO_L19P_T3_35                | User IO     |             |      35 |            |      |                     |                      |         |            |           |          |      |                  |
| G7         |                |            | VCCINT                       | VCCINT      |             |         |            |      |                     |                      |         |            |           |          |      |                  |
| G8         |                |            | GND                          | GND         |             |         |            |      |                     |                      |     0.0 |            |           |          |      |                  |
| G9         |                |            | VCCINT                       | VCCINT      |             |         |            |      |                     |                      |         |            |           |          |      |                  |
| G10        |                |            | GND                          | GND         |             |         |            |      |                     |                      |     0.0 |            |           |          |      |                  |
| G11        |                |            | VCCBRAM                      | VCCBRAM     |             |         |            |      |                     |                      |         |            |           |          |      |                  |
| G12        |                |            | GND                          | GND         |             |         |            |      |                     |                      |     0.0 |            |           |          |      |                  |
| G13        | finalData[49]  | High Range | IO_0_15                      | OUTPUT      | LVCMOS18*   |      15 |         12 | SLOW |                     |            FP_VTT_50 |         | UNFIXED    |           |          |      | NONE             |
| G14        | finalData[19]  | High Range | IO_L15N_T2_DQS_ADV_B_15      | OUTPUT      | LVCMOS18*   |      15 |         12 | SLOW |                     |            FP_VTT_50 |         | UNFIXED    |           |          |      | NONE             |
| G15        |                | High Range | VCCO_15                      | VCCO        |             |      15 |            |      |                     |                      |    1.80 |            |           |          |      |                  |
| G16        | finalData[23]  | High Range | IO_L13N_T2_MRCC_15           | OUTPUT      | LVCMOS18*   |      15 |         12 | SLOW |                     |            FP_VTT_50 |         | UNFIXED    |           |          |      | NONE             |
| G17        | finalData[13]  | High Range | IO_L18N_T2_A23_15            | OUTPUT      | LVCMOS18*   |      15 |         12 | SLOW |                     |            FP_VTT_50 |         | UNFIXED    |           |          |      | NONE             |
| G18        | finalData[6]   | High Range | IO_L22P_T3_A17_15            | OUTPUT      | LVCMOS18*   |      15 |         12 | SLOW |                     |            FP_VTT_50 |         | UNFIXED    |           |          |      | NONE             |
| H1         |                | High Range | IO_L17P_T2_35                | User IO     |             |      35 |            |      |                     |                      |         |            |           |          |      |                  |
| H2         |                | High Range | IO_L15P_T2_DQS_35            | User IO     |             |      35 |            |      |                     |                      |         |            |           |          |      |                  |
| H3         |                |            | GND                          | GND         |             |         |            |      |                     |                      |     0.0 |            |           |          |      |                  |
| H4         |                | High Range | IO_L21N_T3_DQS_35            | User IO     |             |      35 |            |      |                     |                      |         |            |           |          |      |                  |
| H5         |                | High Range | IO_L24N_T3_35                | User IO     |             |      35 |            |      |                     |                      |         |            |           |          |      |                  |
| H6         |                | High Range | IO_L24P_T3_35                | User IO     |             |      35 |            |      |                     |                      |         |            |           |          |      |                  |
| H7         |                |            | GND                          | GND         |             |         |            |      |                     |                      |     0.0 |            |           |          |      |                  |
| H8         |                |            | VCCINT                       | VCCINT      |             |         |            |      |                     |                      |         |            |           |          |      |                  |
| H9         |                | Dedicated  | GNDADC_0                     | XADC        |             |       0 |            |      |                     |                      |         |            |           |          |      |                  |
| H10        |                | Dedicated  | VCCADC_0                     | XADC        |             |       0 |            |      |                     |                      |         |            |           |          |      |                  |
| H11        |                |            | GND                          | GND         |             |         |            |      |                     |                      |     0.0 |            |           |          |      |                  |
| H12        |                |            | VCCAUX                       | VCCAUX      |             |         |            |      |                     |                      |    1.80 |            |           |          |      |                  |
| H13        |                |            | GND                          | GND         |             |         |            |      |                     |                      |     0.0 |            |           |          |      |                  |
| H14        | finalData[20]  | High Range | IO_L15P_T2_DQS_15            | OUTPUT      | LVCMOS18*   |      15 |         12 | SLOW |                     |            FP_VTT_50 |         | UNFIXED    |           |          |      | NONE             |
| H15        | finalData[11]  | High Range | IO_L19N_T3_A21_VREF_15       | OUTPUT      | LVCMOS18*   |      15 |         12 | SLOW |                     |            FP_VTT_50 |         | UNFIXED    |           |          |      | NONE             |
| H16        | finalData[24]  | High Range | IO_L13P_T2_MRCC_15           | OUTPUT      | LVCMOS18*   |      15 |         12 | SLOW |                     |            FP_VTT_50 |         | UNFIXED    |           |          |      | NONE             |
| H17        | finalData[14]  | High Range | IO_L18P_T2_A24_15            | OUTPUT      | LVCMOS18*   |      15 |         12 | SLOW |                     |            FP_VTT_50 |         | UNFIXED    |           |          |      | NONE             |
| H18        |                | High Range | VCCO_15                      | VCCO        |             |      15 |            |      |                     |                      |    1.80 |            |           |          |      |                  |
| J1         |                | High Range | VCCO_35                      | VCCO        |             |      35 |            |      |                     |                      |   any** |            |           |          |      |                  |
| J2         |                | High Range | IO_L22N_T3_35                | User IO     |             |      35 |            |      |                     |                      |         |            |           |          |      |                  |
| J3         |                | High Range | IO_L22P_T3_35                | User IO     |             |      35 |            |      |                     |                      |         |            |           |          |      |                  |
| J4         |                | High Range | IO_L21P_T3_DQS_35            | User IO     |             |      35 |            |      |                     |                      |         |            |           |          |      |                  |
| J5         |                | High Range | IO_25_35                     | User IO     |             |      35 |            |      |                     |                      |         |            |           |          |      |                  |
| J6         |                |            | GND                          | GND         |             |         |            |      |                     |                      |     0.0 |            |           |          |      |                  |
| J7         |                |            | VCCINT                       | VCCINT      |             |         |            |      |                     |                      |         |            |           |          |      |                  |
| J8         |                |            | GND                          | GND         |             |         |            |      |                     |                      |     0.0 |            |           |          |      |                  |
| J9         |                | Dedicated  | VREFN_0                      | XADC        |             |       0 |            |      |                     |                      |         |            |           |          |      |                  |
| J10        |                | Dedicated  | VP_0                         | XADC        |             |       0 |            |      |                     |                      |         |            |           |          |      |                  |
| J11        |                |            | VCCINT                       | VCCINT      |             |         |            |      |                     |                      |         |            |           |          |      |                  |
| J12        |                |            | GND                          | GND         |             |         |            |      |                     |                      |     0.0 |            |           |          |      |                  |
| J13        | finalData[15]  | High Range | IO_L17N_T2_A25_15            | OUTPUT      | LVCMOS18*   |      15 |         12 | SLOW |                     |            FP_VTT_50 |         | UNFIXED    |           |          |      | NONE             |
| J14        | finalData[12]  | High Range | IO_L19P_T3_A22_15            | OUTPUT      | LVCMOS18*   |      15 |         12 | SLOW |                     |            FP_VTT_50 |         | UNFIXED    |           |          |      | NONE             |
| J15        | finalData[1]   | High Range | IO_L24N_T3_RS0_15            | OUTPUT      | LVCMOS18*   |      15 |         12 | SLOW |                     |            FP_VTT_50 |         | UNFIXED    |           |          |      | NONE             |
| J16        |                |            | GND                          | GND         |             |         |            |      |                     |                      |     0.0 |            |           |          |      |                  |
| J17        | finalData[4]   | High Range | IO_L23P_T3_FOE_B_15          | OUTPUT      | LVCMOS18*   |      15 |         12 | SLOW |                     |            FP_VTT_50 |         | UNFIXED    |           |          |      | NONE             |
| J18        | finalData[3]   | High Range | IO_L23N_T3_FWE_B_15          | OUTPUT      | LVCMOS18*   |      15 |         12 | SLOW |                     |            FP_VTT_50 |         | UNFIXED    |           |          |      | NONE             |
| K1         |                | High Range | IO_L23N_T3_35                | User IO     |             |      35 |            |      |                     |                      |         |            |           |          |      |                  |
| K2         |                | High Range | IO_L23P_T3_35                | User IO     |             |      35 |            |      |                     |                      |         |            |           |          |      |                  |
| K3         |                | High Range | IO_L2P_T0_34                 | User IO     |             |      34 |            |      |                     |                      |         |            |           |          |      |                  |
| K4         |                | High Range | VCCO_34                      | VCCO        |             |      34 |            |      |                     |                      |    1.80 |            |           |          |      |                  |
| K5         |                | High Range | IO_L5P_T0_34                 | User IO     |             |      34 |            |      |                     |                      |         |            |           |          |      |                  |
| K6         |                | High Range | IO_0_34                      | User IO     |             |      34 |            |      |                     |                      |         |            |           |          |      |                  |
| K7         |                |            | GND                          | GND         |             |         |            |      |                     |                      |     0.0 |            |           |          |      |                  |
| K8         |                |            | VCCINT                       | VCCINT      |             |         |            |      |                     |                      |         |            |           |          |      |                  |
| K9         |                | Dedicated  | VN_0                         | XADC        |             |       0 |            |      |                     |                      |         |            |           |          |      |                  |
| K10        |                | Dedicated  | VREFP_0                      | XADC        |             |       0 |            |      |                     |                      |         |            |           |          |      |                  |
| K11        |                |            | GND                          | GND         |             |         |            |      |                     |                      |     0.0 |            |           |          |      |                  |
| K12        |                |            | VCCAUX                       | VCCAUX      |             |         |            |      |                     |                      |    1.80 |            |           |          |      |                  |
| K13        | finalData[16]  | High Range | IO_L17P_T2_A26_15            | OUTPUT      | LVCMOS18*   |      15 |         12 | SLOW |                     |            FP_VTT_50 |         | UNFIXED    |           |          |      | NONE             |
| K14        |                | High Range | VCCO_15                      | VCCO        |             |      15 |            |      |                     |                      |    1.80 |            |           |          |      |                  |
| K15        | finalData[2]   | High Range | IO_L24P_T3_RS1_15            | OUTPUT      | LVCMOS18*   |      15 |         12 | SLOW |                     |            FP_VTT_50 |         | UNFIXED    |           |          |      | NONE             |
| K16        | finalData[0]   | High Range | IO_25_15                     | OUTPUT      | LVCMOS18*   |      15 |         12 | SLOW |                     |            FP_VTT_50 |         | UNFIXED    |           |          |      | NONE             |
| K17        | finalData[98]  | High Range | IO_L1P_T0_D00_MOSI_14        | OUTPUT      | LVCMOS18*   |      14 |         12 | SLOW |                     |            FP_VTT_50 |         | UNFIXED    |           |          |      | NONE             |
| K18        | finalData[97]  | High Range | IO_L1N_T0_D01_DIN_14         | OUTPUT      | LVCMOS18*   |      14 |         12 | SLOW |                     |            FP_VTT_50 |         | UNFIXED    |           |          |      | NONE             |
| L1         |                | High Range | IO_L1P_T0_34                 | User IO     |             |      34 |            |      |                     |                      |         |            |           |          |      |                  |
| L2         |                |            | GND                          | GND         |             |         |            |      |                     |                      |     0.0 |            |           |          |      |                  |
| L3         |                | High Range | IO_L2N_T0_34                 | User IO     |             |      34 |            |      |                     |                      |         |            |           |          |      |                  |
| L4         |                | High Range | IO_L5N_T0_34                 | User IO     |             |      34 |            |      |                     |                      |         |            |           |          |      |                  |
| L5         |                | High Range | IO_L6N_T0_VREF_34            | User IO     |             |      34 |            |      |                     |                      |         |            |           |          |      |                  |
| L6         |                | High Range | IO_L6P_T0_34                 | User IO     |             |      34 |            |      |                     |                      |         |            |           |          |      |                  |
| L7         |                |            | VCCINT                       | VCCINT      |             |         |            |      |                     |                      |         |            |           |          |      |                  |
| L8         |                |            | GND                          | GND         |             |         |            |      |                     |                      |     0.0 |            |           |          |      |                  |
| L9         |                | Dedicated  | DXN_0                        | Temp Sensor |             |       0 |            |      |                     |                      |         |            |           |          |      |                  |
| L10        |                | Dedicated  | DXP_0                        | Temp Sensor |             |       0 |            |      |                     |                      |         |            |           |          |      |                  |
| L11        |                |            | VCCINT                       | VCCINT      |             |         |            |      |                     |                      |         |            |           |          |      |                  |
| L12        |                |            | GND                          | GND         |             |         |            |      |                     |                      |     0.0 |            |           |          |      |                  |
| L13        | finalData[88]  | High Range | IO_L6P_T0_FCS_B_14           | OUTPUT      | LVCMOS18*   |      14 |         12 | SLOW |                     |            FP_VTT_50 |         | UNFIXED    |           |          |      | NONE             |
| L14        | finalData[96]  | High Range | IO_L2P_T0_D02_14             | OUTPUT      | LVCMOS18*   |      14 |         12 | SLOW |                     |            FP_VTT_50 |         | UNFIXED    |           |          |      | NONE             |
| L15        | finalData[94]  | High Range | IO_L3P_T0_DQS_PUDC_B_14      | OUTPUT      | LVCMOS18*   |      14 |         12 | SLOW |                     |            FP_VTT_50 |         | UNFIXED    |           |          |      | NONE             |
| L16        | finalData[93]  | High Range | IO_L3N_T0_DQS_EMCCLK_14      | OUTPUT      | LVCMOS18*   |      14 |         12 | SLOW |                     |            FP_VTT_50 |         | UNFIXED    |           |          |      | NONE             |
| L17        |                | High Range | VCCO_14                      | VCCO        |             |      14 |            |      |                     |                      |    1.80 |            |           |          |      |                  |
| L18        | finalData[92]  | High Range | IO_L4P_T0_D04_14             | OUTPUT      | LVCMOS18*   |      14 |         12 | SLOW |                     |            FP_VTT_50 |         | UNFIXED    |           |          |      | NONE             |
| M1         |                | High Range | IO_L1N_T0_34                 | User IO     |             |      34 |            |      |                     |                      |         |            |           |          |      |                  |
| M2         |                | High Range | IO_L4N_T0_34                 | User IO     |             |      34 |            |      |                     |                      |         |            |           |          |      |                  |
| M3         |                | High Range | IO_L4P_T0_34                 | User IO     |             |      34 |            |      |                     |                      |         |            |           |          |      |                  |
| M4         | finalData[118] | High Range | IO_L16P_T2_34                | OUTPUT      | LVCMOS18*   |      34 |         12 | SLOW |                     |            FP_VTT_50 |         | UNFIXED    |           |          |      | NONE             |
| M5         |                |            | GND                          | GND         |             |         |            |      |                     |                      |     0.0 |            |           |          |      |                  |
| M6         | finalData[114] | High Range | IO_L18P_T2_34                | OUTPUT      | LVCMOS18*   |      34 |         12 | SLOW |                     |            FP_VTT_50 |         | UNFIXED    |           |          |      | NONE             |
| M7         |                |            | GND                          | GND         |             |         |            |      |                     |                      |     0.0 |            |           |          |      |                  |
| M8         |                |            | VCCINT                       | VCCINT      |             |         |            |      |                     |                      |         |            |           |          |      |                  |
| M9         |                |            | GND                          | GND         |             |         |            |      |                     |                      |     0.0 |            |           |          |      |                  |
| M10        |                |            | VCCINT                       | VCCINT      |             |         |            |      |                     |                      |         |            |           |          |      |                  |
| M11        |                |            | GND                          | GND         |             |         |            |      |                     |                      |     0.0 |            |           |          |      |                  |
| M12        |                |            | VCCAUX                       | VCCAUX      |             |         |            |      |                     |                      |    1.80 |            |           |          |      |                  |
| M13        | finalData[87]  | High Range | IO_L6N_T0_D08_VREF_14        | OUTPUT      | LVCMOS18*   |      14 |         12 | SLOW |                     |            FP_VTT_50 |         | UNFIXED    |           |          |      | NONE             |
| M14        | finalData[95]  | High Range | IO_L2N_T0_D03_14             | OUTPUT      | LVCMOS18*   |      14 |         12 | SLOW |                     |            FP_VTT_50 |         | UNFIXED    |           |          |      | NONE             |
| M15        |                |            | GND                          | GND         |             |         |            |      |                     |                      |     0.0 |            |           |          |      |                  |
| M16        | finalData[80]  | High Range | IO_L10P_T1_D14_14            | OUTPUT      | LVCMOS18*   |      14 |         12 | SLOW |                     |            FP_VTT_50 |         | UNFIXED    |           |          |      | NONE             |
| M17        | finalData[79]  | High Range | IO_L10N_T1_D15_14            | OUTPUT      | LVCMOS18*   |      14 |         12 | SLOW |                     |            FP_VTT_50 |         | UNFIXED    |           |          |      | NONE             |
| M18        | finalData[91]  | High Range | IO_L4N_T0_D05_14             | OUTPUT      | LVCMOS18*   |      14 |         12 | SLOW |                     |            FP_VTT_50 |         | UNFIXED    |           |          |      | NONE             |
| N1         |                | High Range | IO_L3N_T0_DQS_34             | User IO     |             |      34 |            |      |                     |                      |         |            |           |          |      |                  |
| N2         |                | High Range | IO_L3P_T0_DQS_34             | User IO     |             |      34 |            |      |                     |                      |         |            |           |          |      |                  |
| N3         |                | High Range | VCCO_34                      | VCCO        |             |      34 |            |      |                     |                      |    1.80 |            |           |          |      |                  |
| N4         | finalData[117] | High Range | IO_L16N_T2_34                | OUTPUT      | LVCMOS18*   |      34 |         12 | SLOW |                     |            FP_VTT_50 |         | UNFIXED    |           |          |      | NONE             |
| N5         | finalData[124] | High Range | IO_L13P_T2_MRCC_34           | OUTPUT      | LVCMOS18*   |      34 |         12 | SLOW |                     |            FP_VTT_50 |         | UNFIXED    |           |          |      | NONE             |
| N6         | finalData[113] | High Range | IO_L18N_T2_34                | OUTPUT      | LVCMOS18*   |      34 |         12 | SLOW |                     |            FP_VTT_50 |         | UNFIXED    |           |          |      | NONE             |
| N7         |                |            | VCCINT                       | VCCINT      |             |         |            |      |                     |                      |         |            |           |          |      |                  |
| N8         |                |            | GND                          | GND         |             |         |            |      |                     |                      |     0.0 |            |           |          |      |                  |
| N9         |                |            | VCCINT                       | VCCINT      |             |         |            |      |                     |                      |         |            |           |          |      |                  |
| N10        |                |            | GND                          | GND         |             |         |            |      |                     |                      |     0.0 |            |           |          |      |                  |
| N11        |                |            | VCCINT                       | VCCINT      |             |         |            |      |                     |                      |         |            |           |          |      |                  |
| N12        |                |            | GND                          | GND         |             |         |            |      |                     |                      |     0.0 |            |           |          |      |                  |
| N13        |                | High Range | VCCO_14                      | VCCO        |             |      14 |            |      |                     |                      |    1.80 |            |           |          |      |                  |
| N14        | finalData[84]  | High Range | IO_L8P_T1_D11_14             | OUTPUT      | LVCMOS18*   |      14 |         12 | SLOW |                     |            FP_VTT_50 |         | UNFIXED    |           |          |      | NONE             |
| N15        | finalData[78]  | High Range | IO_L11P_T1_SRCC_14           | OUTPUT      | LVCMOS18*   |      14 |         12 | SLOW |                     |            FP_VTT_50 |         | UNFIXED    |           |          |      | NONE             |
| N16        | finalData[77]  | High Range | IO_L11N_T1_SRCC_14           | OUTPUT      | LVCMOS18*   |      14 |         12 | SLOW |                     |            FP_VTT_50 |         | UNFIXED    |           |          |      | NONE             |
| N17        | finalData[82]  | High Range | IO_L9P_T1_DQS_14             | OUTPUT      | LVCMOS18*   |      14 |         12 | SLOW |                     |            FP_VTT_50 |         | UNFIXED    |           |          |      | NONE             |
| N18        |                |            | GND                          | GND         |             |         |            |      |                     |                      |     0.0 |            |           |          |      |                  |
| P1         |                |            | GND                          | GND         |             |         |            |      |                     |                      |     0.0 |            |           |          |      |                  |
| P2         | finalData[120] | High Range | IO_L15P_T2_DQS_34            | OUTPUT      | LVCMOS18*   |      34 |         12 | SLOW |                     |            FP_VTT_50 |         | UNFIXED    |           |          |      | NONE             |
| P3         | finalData[121] | High Range | IO_L14N_T2_SRCC_34           | OUTPUT      | LVCMOS18*   |      34 |         12 | SLOW |                     |            FP_VTT_50 |         | UNFIXED    |           |          |      | NONE             |
| P4         | finalData[122] | High Range | IO_L14P_T2_SRCC_34           | OUTPUT      | LVCMOS18*   |      34 |         12 | SLOW |                     |            FP_VTT_50 |         | UNFIXED    |           |          |      | NONE             |
| P5         | finalData[123] | High Range | IO_L13N_T2_MRCC_34           | OUTPUT      | LVCMOS18*   |      34 |         12 | SLOW |                     |            FP_VTT_50 |         | UNFIXED    |           |          |      | NONE             |
| P6         |                | High Range | VCCO_34                      | VCCO        |             |      34 |            |      |                     |                      |    1.80 |            |           |          |      |                  |
| P7         |                | Dedicated  | INIT_B_0                     | Config      |             |       0 |            |      |                     |                      |         |            |           |          |      |                  |
| P8         |                | Dedicated  | CFGBVS_0                     | Config      |             |       0 |            |      |                     |                      |         |            |           |          |      |                  |
| P9         |                | Dedicated  | PROGRAM_B_0                  | Config      |             |       0 |            |      |                     |                      |         |            |           |          |      |                  |
| P10        |                | Dedicated  | DONE_0                       | Config      |             |       0 |            |      |                     |                      |         |            |           |          |      |                  |
| P11        |                | Dedicated  | M2_0                         | Config      |             |       0 |            |      |                     |                      |         |            |           |          |      |                  |
| P12        |                | Dedicated  | M0_0                         | Config      |             |       0 |            |      |                     |                      |         |            |           |          |      |                  |
| P13        |                | Dedicated  | M1_0                         | Config      |             |       0 |            |      |                     |                      |         |            |           |          |      |                  |
| P14        | finalData[83]  | High Range | IO_L8N_T1_D12_14             | OUTPUT      | LVCMOS18*   |      14 |         12 | SLOW |                     |            FP_VTT_50 |         | UNFIXED    |           |          |      | NONE             |
| P15        | finalData[74]  | High Range | IO_L13P_T2_MRCC_14           | OUTPUT      | LVCMOS18*   |      14 |         12 | SLOW |                     |            FP_VTT_50 |         | UNFIXED    |           |          |      | NONE             |
| P16        |                | High Range | VCCO_14                      | VCCO        |             |      14 |            |      |                     |                      |    1.80 |            |           |          |      |                  |
| P17        | finalData[76]  | High Range | IO_L12P_T1_MRCC_14           | OUTPUT      | LVCMOS18*   |      14 |         12 | SLOW |                     |            FP_VTT_50 |         | UNFIXED    |           |          |      | NONE             |
| P18        | finalData[81]  | High Range | IO_L9N_T1_DQS_D13_14         | OUTPUT      | LVCMOS18*   |      14 |         12 | SLOW |                     |            FP_VTT_50 |         | UNFIXED    |           |          |      | NONE             |
| R1         | finalData[116] | High Range | IO_L17P_T2_34                | OUTPUT      | LVCMOS18*   |      34 |         12 | SLOW |                     |            FP_VTT_50 |         | UNFIXED    |           |          |      | NONE             |
| R2         | finalData[119] | High Range | IO_L15N_T2_DQS_34            | OUTPUT      | LVCMOS18*   |      34 |         12 | SLOW |                     |            FP_VTT_50 |         | UNFIXED    |           |          |      | NONE             |
| R3         |                | High Range | IO_L11P_T1_SRCC_34           | User IO     |             |      34 |            |      |                     |                      |         |            |           |          |      |                  |
| R4         |                |            | GND                          | GND         |             |         |            |      |                     |                      |     0.0 |            |           |          |      |                  |
| R5         | finalData[111] | High Range | IO_L19N_T3_VREF_34           | OUTPUT      | LVCMOS18*   |      34 |         12 | SLOW |                     |            FP_VTT_50 |         | UNFIXED    |           |          |      | NONE             |
| R6         | finalData[112] | High Range | IO_L19P_T3_34                | OUTPUT      | LVCMOS18*   |      34 |         12 | SLOW |                     |            FP_VTT_50 |         | UNFIXED    |           |          |      | NONE             |
| R7         | finalData[104] | High Range | IO_L23P_T3_34                | OUTPUT      | LVCMOS18*   |      34 |         12 | SLOW |                     |            FP_VTT_50 |         | UNFIXED    |           |          |      | NONE             |
| R8         | finalData[102] | High Range | IO_L24P_T3_34                | OUTPUT      | LVCMOS18*   |      34 |         12 | SLOW |                     |            FP_VTT_50 |         | UNFIXED    |           |          |      | NONE             |
| R9         |                | Dedicated  | VCCO_0                       | VCCO        |             |       0 |            |      |                     |                      |   any** |            |           |          |      |                  |
| R10        | finalData[50]  | High Range | IO_25_14                     | OUTPUT      | LVCMOS18*   |      14 |         12 | SLOW |                     |            FP_VTT_50 |         | UNFIXED    |           |          |      | NONE             |
| R11        | finalData[99]  | High Range | IO_0_14                      | OUTPUT      | LVCMOS18*   |      14 |         12 | SLOW |                     |            FP_VTT_50 |         | UNFIXED    |           |          |      | NONE             |
| R12        | finalData[90]  | High Range | IO_L5P_T0_D06_14             | OUTPUT      | LVCMOS18*   |      14 |         12 | SLOW |                     |            FP_VTT_50 |         | UNFIXED    |           |          |      | NONE             |
| R13        | finalData[89]  | High Range | IO_L5N_T0_D07_14             | OUTPUT      | LVCMOS18*   |      14 |         12 | SLOW |                     |            FP_VTT_50 |         | UNFIXED    |           |          |      | NONE             |
| R14        |                |            | GND                          | GND         |             |         |            |      |                     |                      |     0.0 |            |           |          |      |                  |
| R15        | finalData[73]  | High Range | IO_L13N_T2_MRCC_14           | OUTPUT      | LVCMOS18*   |      14 |         12 | SLOW |                     |            FP_VTT_50 |         | UNFIXED    |           |          |      | NONE             |
| R16        | finalData[70]  | High Range | IO_L15P_T2_DQS_RDWR_B_14     | OUTPUT      | LVCMOS18*   |      14 |         12 | SLOW |                     |            FP_VTT_50 |         | UNFIXED    |           |          |      | NONE             |
| R17        | finalData[75]  | High Range | IO_L12N_T1_MRCC_14           | OUTPUT      | LVCMOS18*   |      14 |         12 | SLOW |                     |            FP_VTT_50 |         | UNFIXED    |           |          |      | NONE             |
| R18        | finalData[86]  | High Range | IO_L7P_T1_D09_14             | OUTPUT      | LVCMOS18*   |      14 |         12 | SLOW |                     |            FP_VTT_50 |         | UNFIXED    |           |          |      | NONE             |
| T1         | finalData[115] | High Range | IO_L17N_T2_34                | OUTPUT      | LVCMOS18*   |      34 |         12 | SLOW |                     |            FP_VTT_50 |         | UNFIXED    |           |          |      | NONE             |
| T2         |                | High Range | VCCO_34                      | VCCO        |             |      34 |            |      |                     |                      |    1.80 |            |           |          |      |                  |
| T3         | finalData[127] | High Range | IO_L11N_T1_SRCC_34           | OUTPUT      | LVCMOS18*   |      34 |         12 | SLOW |                     |            FP_VTT_50 |         | UNFIXED    |           |          |      | NONE             |
| T4         | finalData[125] | High Range | IO_L12N_T1_MRCC_34           | OUTPUT      | LVCMOS18*   |      34 |         12 | SLOW |                     |            FP_VTT_50 |         | UNFIXED    |           |          |      | NONE             |
| T5         | finalData[126] | High Range | IO_L12P_T1_MRCC_34           | OUTPUT      | LVCMOS18*   |      34 |         12 | SLOW |                     |            FP_VTT_50 |         | UNFIXED    |           |          |      | NONE             |
| T6         | finalData[103] | High Range | IO_L23N_T3_34                | OUTPUT      | LVCMOS18*   |      34 |         12 | SLOW |                     |            FP_VTT_50 |         | UNFIXED    |           |          |      | NONE             |
| T7         |                |            | GND                          | GND         |             |         |            |      |                     |                      |     0.0 |            |           |          |      |                  |
| T8         | finalData[101] | High Range | IO_L24N_T3_34                | OUTPUT      | LVCMOS18*   |      34 |         12 | SLOW |                     |            FP_VTT_50 |         | UNFIXED    |           |          |      | NONE             |
| T9         | finalData[52]  | High Range | IO_L24P_T3_A01_D17_14        | OUTPUT      | LVCMOS18*   |      14 |         12 | SLOW |                     |            FP_VTT_50 |         | UNFIXED    |           |          |      | NONE             |
| T10        | finalData[51]  | High Range | IO_L24N_T3_A00_D16_14        | OUTPUT      | LVCMOS18*   |      14 |         12 | SLOW |                     |            FP_VTT_50 |         | UNFIXED    |           |          |      | NONE             |
| T11        | finalData[62]  | High Range | IO_L19P_T3_A10_D26_14        | OUTPUT      | LVCMOS18*   |      14 |         12 | SLOW |                     |            FP_VTT_50 |         | UNFIXED    |           |          |      | NONE             |
| T12        |                | High Range | VCCO_14                      | VCCO        |             |      14 |            |      |                     |                      |    1.80 |            |           |          |      |                  |
| T13        | finalData[54]  | High Range | IO_L23P_T3_A03_D19_14        | OUTPUT      | LVCMOS18*   |      14 |         12 | SLOW |                     |            FP_VTT_50 |         | UNFIXED    |           |          |      | NONE             |
| T14        | finalData[72]  | High Range | IO_L14P_T2_SRCC_14           | OUTPUT      | LVCMOS18*   |      14 |         12 | SLOW |                     |            FP_VTT_50 |         | UNFIXED    |           |          |      | NONE             |
| T15        | finalData[71]  | High Range | IO_L14N_T2_SRCC_14           | OUTPUT      | LVCMOS18*   |      14 |         12 | SLOW |                     |            FP_VTT_50 |         | UNFIXED    |           |          |      | NONE             |
| T16        | finalData[69]  | High Range | IO_L15N_T2_DQS_DOUT_CSO_B_14 | OUTPUT      | LVCMOS18*   |      14 |         12 | SLOW |                     |            FP_VTT_50 |         | UNFIXED    |           |          |      | NONE             |
| T17        |                |            | GND                          | GND         |             |         |            |      |                     |                      |     0.0 |            |           |          |      |                  |
| T18        | finalData[85]  | High Range | IO_L7N_T1_D10_14             | OUTPUT      | LVCMOS18*   |      14 |         12 | SLOW |                     |            FP_VTT_50 |         | UNFIXED    |           |          |      | NONE             |
| U1         |                | High Range | IO_L7P_T1_34                 | User IO     |             |      34 |            |      |                     |                      |         |            |           |          |      |                  |
| U2         |                | High Range | IO_L9P_T1_DQS_34             | User IO     |             |      34 |            |      |                     |                      |         |            |           |          |      |                  |
| U3         |                | High Range | IO_L8N_T1_34                 | User IO     |             |      34 |            |      |                     |                      |         |            |           |          |      |                  |
| U4         |                | High Range | IO_L8P_T1_34                 | User IO     |             |      34 |            |      |                     |                      |         |            |           |          |      |                  |
| U5         |                | High Range | VCCO_34                      | VCCO        |             |      34 |            |      |                     |                      |    1.80 |            |           |          |      |                  |
| U6         | finalData[105] | High Range | IO_L22N_T3_34                | OUTPUT      | LVCMOS18*   |      34 |         12 | SLOW |                     |            FP_VTT_50 |         | UNFIXED    |           |          |      | NONE             |
| U7         | finalData[106] | High Range | IO_L22P_T3_34                | OUTPUT      | LVCMOS18*   |      34 |         12 | SLOW |                     |            FP_VTT_50 |         | UNFIXED    |           |          |      | NONE             |
| U8         | finalData[100] | High Range | IO_25_34                     | OUTPUT      | LVCMOS18*   |      34 |         12 | SLOW |                     |            FP_VTT_50 |         | UNFIXED    |           |          |      | NONE             |
| U9         | finalData[108] | High Range | IO_L21P_T3_DQS_34            | OUTPUT      | LVCMOS18*   |      34 |         12 | SLOW |                     |            FP_VTT_50 |         | UNFIXED    |           |          |      | NONE             |
| U10        |                |            | GND                          | GND         |             |         |            |      |                     |                      |     0.0 |            |           |          |      |                  |
| U11        | finalData[61]  | High Range | IO_L19N_T3_A09_D25_VREF_14   | OUTPUT      | LVCMOS18*   |      14 |         12 | SLOW |                     |            FP_VTT_50 |         | UNFIXED    |           |          |      | NONE             |
| U12        | finalData[60]  | High Range | IO_L20P_T3_A08_D24_14        | OUTPUT      | LVCMOS18*   |      14 |         12 | SLOW |                     |            FP_VTT_50 |         | UNFIXED    |           |          |      | NONE             |
| U13        | finalData[53]  | High Range | IO_L23N_T3_A02_D18_14        | OUTPUT      | LVCMOS18*   |      14 |         12 | SLOW |                     |            FP_VTT_50 |         | UNFIXED    |           |          |      | NONE             |
| U14        | finalData[56]  | High Range | IO_L22P_T3_A05_D21_14        | OUTPUT      | LVCMOS18*   |      14 |         12 | SLOW |                     |            FP_VTT_50 |         | UNFIXED    |           |          |      | NONE             |
| U15        |                | High Range | VCCO_14                      | VCCO        |             |      14 |            |      |                     |                      |    1.80 |            |           |          |      |                  |
| U16        | finalData[64]  | High Range | IO_L18P_T2_A12_D28_14        | OUTPUT      | LVCMOS18*   |      14 |         12 | SLOW |                     |            FP_VTT_50 |         | UNFIXED    |           |          |      | NONE             |
| U17        | finalData[66]  | High Range | IO_L17P_T2_A14_D30_14        | OUTPUT      | LVCMOS18*   |      14 |         12 | SLOW |                     |            FP_VTT_50 |         | UNFIXED    |           |          |      | NONE             |
| U18        | finalData[65]  | High Range | IO_L17N_T2_A13_D29_14        | OUTPUT      | LVCMOS18*   |      14 |         12 | SLOW |                     |            FP_VTT_50 |         | UNFIXED    |           |          |      | NONE             |
| V1         |                | High Range | IO_L7N_T1_34                 | User IO     |             |      34 |            |      |                     |                      |         |            |           |          |      |                  |
| V2         |                | High Range | IO_L9N_T1_DQS_34             | User IO     |             |      34 |            |      |                     |                      |         |            |           |          |      |                  |
| V3         |                |            | GND                          | GND         |             |         |            |      |                     |                      |     0.0 |            |           |          |      |                  |
| V4         |                | High Range | IO_L10N_T1_34                | User IO     |             |      34 |            |      |                     |                      |         |            |           |          |      |                  |
| V5         |                | High Range | IO_L10P_T1_34                | User IO     |             |      34 |            |      |                     |                      |         |            |           |          |      |                  |
| V6         | finalData[109] | High Range | IO_L20N_T3_34                | OUTPUT      | LVCMOS18*   |      34 |         12 | SLOW |                     |            FP_VTT_50 |         | UNFIXED    |           |          |      | NONE             |
| V7         | finalData[110] | High Range | IO_L20P_T3_34                | OUTPUT      | LVCMOS18*   |      34 |         12 | SLOW |                     |            FP_VTT_50 |         | UNFIXED    |           |          |      | NONE             |
| V8         |                | High Range | VCCO_34                      | VCCO        |             |      34 |            |      |                     |                      |    1.80 |            |           |          |      |                  |
| V9         | finalData[107] | High Range | IO_L21N_T3_DQS_34            | OUTPUT      | LVCMOS18*   |      34 |         12 | SLOW |                     |            FP_VTT_50 |         | UNFIXED    |           |          |      | NONE             |
| V10        | finalData[58]  | High Range | IO_L21P_T3_DQS_14            | OUTPUT      | LVCMOS18*   |      14 |         12 | SLOW |                     |            FP_VTT_50 |         | UNFIXED    |           |          |      | NONE             |
| V11        | finalData[57]  | High Range | IO_L21N_T3_DQS_A06_D22_14    | OUTPUT      | LVCMOS18*   |      14 |         12 | SLOW |                     |            FP_VTT_50 |         | UNFIXED    |           |          |      | NONE             |
| V12        | finalData[59]  | High Range | IO_L20N_T3_A07_D23_14        | OUTPUT      | LVCMOS18*   |      14 |         12 | SLOW |                     |            FP_VTT_50 |         | UNFIXED    |           |          |      | NONE             |
| V13        |                |            | GND                          | GND         |             |         |            |      |                     |                      |     0.0 |            |           |          |      |                  |
| V14        | finalData[55]  | High Range | IO_L22N_T3_A04_D20_14        | OUTPUT      | LVCMOS18*   |      14 |         12 | SLOW |                     |            FP_VTT_50 |         | UNFIXED    |           |          |      | NONE             |
| V15        | finalData[68]  | High Range | IO_L16P_T2_CSI_B_14          | OUTPUT      | LVCMOS18*   |      14 |         12 | SLOW |                     |            FP_VTT_50 |         | UNFIXED    |           |          |      | NONE             |
| V16        | finalData[67]  | High Range | IO_L16N_T2_A15_D31_14        | OUTPUT      | LVCMOS18*   |      14 |         12 | SLOW |                     |            FP_VTT_50 |         | UNFIXED    |           |          |      | NONE             |
| V17        | finalData[63]  | High Range | IO_L18N_T2_A11_D27_14        | OUTPUT      | LVCMOS18*   |      14 |         12 | SLOW |                     |            FP_VTT_50 |         | UNFIXED    |           |          |      | NONE             |
| V18        |                | High Range | VCCO_14                      | VCCO        |             |      14 |            |      |                     |                      |    1.80 |            |           |          |      |                  |
+------------+----------------+------------+------------------------------+-------------+-------------+---------+------------+------+---------------------+----------------------+---------+------------+-----------+----------+------+------------------+
* Default value
** Special VCCO requirements may apply. Please consult the device family datasheet for specific guideline on VCCO requirements.


