Vivado Simulator 2017.1
Copyright 1986-1999, 2001-2016 Xilinx, Inc. All Rights Reserved.
Running: C:/Xilinx/Vivado/2017.1/bin/unwrapped/win64.o/xelab.exe -wto a5fb6f72c6b349b1b0a39b398d85ad4d --debug typical --relax --mt 2 -L blk_mem_gen_v8_3_6 -L xil_defaultlib -L unisims_ver -L unimacro_ver -L secureip -L xpm --snapshot tb_behav xil_defaultlib.tb xil_defaultlib.glbl -log elaborate.log 
Using 2 slave threads.
Starting static elaboration
WARNING: [VRFC 10-278] actual bit length 128 differs from formal bit length 8 for port keyAddrCount [C:/College/Thesis/AES_2018/AES_After 9_10_2018/aes256_pipeline_simulation/aes256_pipeline.srcs/sources_1/new/top.v:51]
WARNING: [VRFC 10-278] actual bit length 128 differs from formal bit length 8 for port dataAddrCount [C:/College/Thesis/AES_2018/AES_After 9_10_2018/aes256_pipeline_simulation/aes256_pipeline.srcs/sources_1/new/top.v:56]
WARNING: [VRFC 10-278] actual bit length 32 differs from formal bit length 1 for port wea [C:/College/Thesis/AES_2018/AES_After 9_10_2018/aes256_pipeline_simulation/aes256_pipeline.srcs/sources_1/new/top.v:61]
WARNING: [VRFC 10-278] actual bit length 128 differs from formal bit length 8 for port addra [C:/College/Thesis/AES_2018/AES_After 9_10_2018/aes256_pipeline_simulation/aes256_pipeline.srcs/sources_1/new/top.v:62]
WARNING: [VRFC 10-278] actual bit length 32 differs from formal bit length 1 for port wea [C:/College/Thesis/AES_2018/AES_After 9_10_2018/aes256_pipeline_simulation/aes256_pipeline.srcs/sources_1/new/top.v:69]
WARNING: [VRFC 10-278] actual bit length 128 differs from formal bit length 8 for port addra [C:/College/Thesis/AES_2018/AES_After 9_10_2018/aes256_pipeline_simulation/aes256_pipeline.srcs/sources_1/new/top.v:70]
WARNING: [VRFC 10-278] actual bit length 128 differs from formal bit length 8 for port addr [C:/College/Thesis/AES_2018/AES_After 9_10_2018/aes256_pipeline_simulation/aes256_pipeline.srcs/sources_1/new/top.v:77]
WARNING: [VRFC 10-278] actual bit length 128 differs from formal bit length 8 for port addr [C:/College/Thesis/AES_2018/AES_After 9_10_2018/aes256_pipeline_simulation/aes256_pipeline.srcs/sources_1/new/top.v:85]
WARNING: [VRFC 10-1783] select index 62 into current_contents is out of bounds [/wrk/2017.1/nightly/2017_04_14_1846317/packages/customer/vivado/data/ip/xilinx/blk_mem_gen_v8_3/simulation/blk_mem_gen_v8_3.v:2420]
Completed static elaboration
Starting simulation data flow analysis
Completed simulation data flow analysis
Time Resolution for simulation is 1ps
Compiling module xil_defaultlib.keyAddrCounter
Compiling module xil_defaultlib.dataAddrCounter
Compiling module blk_mem_gen_v8_3_6.blk_mem_gen_v8_3_6_output_stage(...
Compiling module blk_mem_gen_v8_3_6.blk_mem_gen_v8_3_6_output_stage(...
Compiling module blk_mem_gen_v8_3_6.blk_mem_gen_v8_3_6_softecc_outpu...
Compiling module blk_mem_gen_v8_3_6.blk_mem_gen_v8_3_6_mem_module(C_...
Compiling module blk_mem_gen_v8_3_6.blk_mem_gen_v8_3_6(C_FAMILY="art...
Compiling module xil_defaultlib.key_mem_gen_0
Compiling module blk_mem_gen_v8_3_6.blk_mem_gen_v8_3_6_mem_module(C_...
Compiling module blk_mem_gen_v8_3_6.blk_mem_gen_v8_3_6(C_FAMILY="art...
Compiling module xil_defaultlib.data_mem_gen_0
Compiling module xil_defaultlib.dataBuffer
Compiling module xil_defaultlib.keyBuffer
Compiling module xil_defaultlib.sbox
Compiling module xil_defaultlib.subbytes
Compiling module xil_defaultlib.shiftrow
Compiling module xil_defaultlib.mixcolumn
Compiling module xil_defaultlib.rounds
Compiling module xil_defaultlib.rounndlast
Compiling module xil_defaultlib.aescore
Compiling module xil_defaultlib.top
Compiling module xil_defaultlib.tb
Compiling module xil_defaultlib.glbl
Built simulation snapshot tb_behav
