INFO: [VRFC 10-2263] Analyzing Verilog file "C:/College/Thesis/AES_2018/AES_After 9_10_2018/aes256_pipeline - AES_ENCDEC2/aes256_pipeline.srcs/sources_1/ip/data_mem_gen_0/sim/data_mem_gen_0.v" into library xil_defaultlib
INFO: [VRFC 10-311] analyzing module data_mem_gen_0
INFO: [VRFC 10-2263] Analyzing Verilog file "C:/College/Thesis/AES_2018/AES_After 9_10_2018/aes256_pipeline - AES_ENCDEC2/aes256_pipeline.srcs/sources_1/ip/key_mem_gen_0/sim/key_mem_gen_0.v" into library xil_defaultlib
INFO: [VRFC 10-311] analyzing module key_mem_gen_0
INFO: [VRFC 10-2263] Analyzing Verilog file "C:/College/Thesis/AES_2018/AES_After 9_10_2018/aes256_pipeline - AES_ENCDEC2/aes256_pipeline.srcs/sources_1/new/aescore.v" into library xil_defaultlib
INFO: [VRFC 10-311] analyzing module aescore
INFO: [VRFC 10-2263] Analyzing Verilog file "C:/College/Thesis/AES_2018/AES_After 9_10_2018/aes256_pipeline - AES_ENCDEC2/aes256_pipeline.srcs/sources_1/new/dataAddrCounter.v" into library xil_defaultlib
INFO: [VRFC 10-311] analyzing module dataAddrCounter
INFO: [VRFC 10-2263] Analyzing Verilog file "C:/College/Thesis/AES_2018/AES_After 9_10_2018/aes256_pipeline - AES_ENCDEC2/aes256_pipeline.srcs/sources_1/new/dataBuffer.v" into library xil_defaultlib
INFO: [VRFC 10-311] analyzing module dataBuffer
INFO: [VRFC 10-2263] Analyzing Verilog file "C:/College/Thesis/AES_2018/AES_After 9_10_2018/aes256_pipeline - AES_ENCDEC2/aes256_pipeline.srcs/sources_1/new/keyAddrCounter.v" into library xil_defaultlib
INFO: [VRFC 10-311] analyzing module keyAddrCounter
INFO: [VRFC 10-2263] Analyzing Verilog file "C:/College/Thesis/AES_2018/AES_After 9_10_2018/aes256_pipeline - AES_ENCDEC2/aes256_pipeline.srcs/sources_1/new/keyBuffer.v" into library xil_defaultlib
INFO: [VRFC 10-311] analyzing module keyBuffer
INFO: [VRFC 10-2263] Analyzing Verilog file "C:/College/Thesis/AES_2018/AES_After 9_10_2018/aes256_pipeline - AES_ENCDEC2/aes256_pipeline.srcs/sources_1/new/mixcolumn.v" into library xil_defaultlib
INFO: [VRFC 10-311] analyzing module mixcolumn
INFO: [VRFC 10-2263] Analyzing Verilog file "C:/College/Thesis/AES_2018/AES_After 9_10_2018/aes256_pipeline - AES_ENCDEC2/aes256_pipeline.srcs/sources_1/new/rounds.v" into library xil_defaultlib
INFO: [VRFC 10-311] analyzing module rounds
INFO: [VRFC 10-2263] Analyzing Verilog file "C:/College/Thesis/AES_2018/AES_After 9_10_2018/aes256_pipeline - AES_ENCDEC2/aes256_pipeline.srcs/sources_1/new/rounndlast.v" into library xil_defaultlib
INFO: [VRFC 10-311] analyzing module rounndlast
INFO: [VRFC 10-2263] Analyzing Verilog file "C:/College/Thesis/AES_2018/AES_After 9_10_2018/aes256_pipeline - AES_ENCDEC2/aes256_pipeline.srcs/sources_1/new/sbox.v" into library xil_defaultlib
INFO: [VRFC 10-311] analyzing module sbox
INFO: [VRFC 10-2263] Analyzing Verilog file "C:/College/Thesis/AES_2018/AES_After 9_10_2018/aes256_pipeline - AES_ENCDEC2/aes256_pipeline.srcs/sources_1/new/shiftrow.v" into library xil_defaultlib
INFO: [VRFC 10-311] analyzing module shiftrow
INFO: [VRFC 10-2263] Analyzing Verilog file "C:/College/Thesis/AES_2018/AES_After 9_10_2018/aes256_pipeline - AES_ENCDEC2/aes256_pipeline.srcs/sources_1/new/subbytes.v" into library xil_defaultlib
INFO: [VRFC 10-311] analyzing module subbytes
INFO: [VRFC 10-2263] Analyzing Verilog file "C:/College/Thesis/AES_2018/AES_After 9_10_2018/aes256_pipeline - AES_ENCDEC2/aes256_pipeline.srcs/sources_1/new/top.v" into library xil_defaultlib
INFO: [VRFC 10-311] analyzing module top
INFO: [VRFC 10-2263] Analyzing Verilog file "C:/College/Thesis/AES_2018/AES_After 9_10_2018/aes256_pipeline - AES_ENCDEC2/aes256_pipeline.srcs/sources_1/new/uart_tx.v" into library xil_defaultlib
INFO: [VRFC 10-311] analyzing module uart_tx
INFO: [VRFC 10-2263] Analyzing Verilog file "C:/College/Thesis/AES_2018/AES_After 9_10_2018/aes256_pipeline - AES_ENCDEC2/aes256_pipeline.srcs/sim_1/new/tb.v" into library xil_defaultlib
INFO: [VRFC 10-311] analyzing module tb
INFO: [VRFC 10-2263] Analyzing Verilog file "C:/College/Thesis/AES_2018/AES_After 9_10_2018/aes256_pipeline - AES_ENCDEC2/aes256_pipeline.sim/sim_1/behav/glbl.v" into library xil_defaultlib
INFO: [VRFC 10-311] analyzing module glbl
