Exception at PC 0x00007FFDDE67A388
Exception at PC 0x00007FFDDE67A388
Exception at PC 0x00007FFDDE67A388
Unable to capture context for thread 2936 in process 6100, can not generate back trace
Unable to capture context for thread 1772 in process 6100, can not generate back trace
Unable to capture context for thread 9708 in process 6100, can not generate back trace
Exception at PC 0x00007FFDDE67A388
Unable to capture context for thread 2936 in process 6100, can not generate back trace
Unable to capture context for thread 9708 in process 6100, can not generate back trace
Exception at PC 0x00007FFD7E4DBB93
Printing stacktrace...

Exception at PC 0x00007FFDDE67A388
Exception at PC 0x00007FFDDE67A388
Exception at PC 0x00007FFDDE67A388
Exception at PC 0x00007FFDDE67A388
Exception at PC 0x00007FFDDE67A388
Exception at PC 0x00007FFDDE67A388
Exception at PC 0x00007FFDDE67A388
Exception at PC 0x00007FFDDE67A388
Exception at PC 0x00007FFDDE67A388
Exception at PC 0x00007FFDDE67A388
Exception at PC 0x00007FFDDE67A388
Exception at PC 0x00007FFDDE67A388
Exception at PC 0x00007FFDDE67A388
Exception at PC 0x00007FFDDE67A388
Exception at PC 0x00007FFDDE67A388
Exception at PC 0x00007FFDDE67A388
[0]  [0x00007FFD7E4DBB93]
[1]  [0x00007FFD7E4DBB93]
[2]  [0x00007FFD7E4DB4A1]
[3]  [0x00007FFD7E4DB3EF]
[4]  [0x00007FFD7E4C19FE]
[5]  [0x00007FFD7E4C0ED1]
[6]  [0x00007FFD7E4C0D76]
[7]  [0x00007FFD7E4679F6]
[8]  [0x00007FFD7E457AFB]
[9]  [0x00007FFD7E57E90A]
[10]  [0x00007FFD7E599F87]
[11]  [0x00007FFD7E59A05F]
[12] (BaseThreadInitThunk+0x14) [0x00007FFDE0263034]
[13] (RtlUserThreadStart+0x21) [0x00007FFDE1C31431]
Done
Exception at PC 0x00007FFD7E1E1A52
Attemped to write at address 0x00007FFDB7799BA4
Printing stacktrace...

[0]  [0x00007FFD7E1E1A52]
[1]  [0x00007FFD7E1E1A52]
[2]  [0x00007FFD7E1E1AD4]
[3]  [0x00007FFD7E323FF7]
[4]  [0x00007FFD7E209128]
[5]  [0x00007FFD7E4BDFB9]
[6]  [0x00007FFD7E68EF23]
[7]  [0x00007FFD7E59B06B]
[8]  [0x00007FFD7E5908AF]
[9]  [0x00007FFD7E590A32]
[10] (RtlActivateActivationContextUnsafeFast+0x123) [0x00007FFDE1BF4023]
[11] (LdrShutdownProcess+0x125) [0x00007FFDE1C009D5]
[12] (RtlExitUserProcess+0xd8) [0x00007FFDE1C00898]
[13] (FatalExit+0xa) [0x00007FFDE026B19A]
[14] (exit+0x75) [0x00007FFDE1AC9CE5]
[15] (initterm_e+0x235) [0x00007FFDE1ACA345]
[16]  [0x00000000004014CD]
[17]  [0x000000000040151B]
[18] (BaseThreadInitThunk+0x14) [0x00007FFDE0263034]
[19] (RtlUserThreadStart+0x21) [0x00007FFDE1C31431]
Done
