Unable to capture context for thread 7132 in process 5440, can not generate back trace
Unable to capture context for thread 5480 in process 5440, can not generate back trace
Unable to capture context for thread 7852 in process 5440, can not generate back trace
Exception at PC 0x00007FFDD428BB93
Printing stacktrace...

[0]  [0x00007FFDD428BB93]
[1]  [0x00007FFDD428BB93]
[2]  [0x00007FFDD428B4A1]
[3]  [0x00007FFDD428B3EF]
[4]  [0x00007FFDD42719FE]
[5]  [0x00007FFDD4270ED1]
[6]  [0x00007FFDD4270D76]
[7]  [0x00007FFDD42179F6]
[8]  [0x00007FFDD4207AFB]
[9]  [0x00007FFDD432E90A]
[10]  [0x00007FFDD4349F87]
[11]  [0x00007FFDD434A05F]
[12] (BaseThreadInitThunk+0x14) [0x00007FFE48A92774]
[13] (RtlUserThreadStart+0x21) [0x00007FFE493F0D51]
Done
Exception at PC 0x00007FFDD3F91A52
Attemped to write at address 0x00007FFE1B03ABA4
Printing stacktrace...

[0]  [0x00007FFDD3F91A52]
[1]  [0x00007FFDD3F91A52]
[2]  [0x00007FFDD3F91AD4]
[3]  [0x00007FFDD40D3FF7]
[4]  [0x00007FFDD3FB9128]
[5]  [0x00007FFDD426DFB9]
[6]  [0x00007FFDD443EF23]
[7]  [0x00007FFDD434B06B]
[8]  [0x00007FFDD43408AF]
[9]  [0x00007FFDD4340A32]
[10] (RtlDeactivateActivationContextUnsafeFast+0x1af) [0x00007FFE493A485F]
[11] (LdrShutdownProcess+0x12c) [0x00007FFE493CD43C]
[12] (RtlExitUserProcess+0xb4) [0x00007FFE493CD2F4]
[13] (FatalExit+0xa) [0x00007FFE48A9C0DA]
[14] (exit+0x75) [0x00007FFE485AA045]
[15] (initterm_e+0x21d) [0x00007FFE485AA68D]
[16]  [0x00000000004014CD]
[17]  [0x000000000040151B]
[18] (BaseThreadInitThunk+0x14) [0x00007FFE48A92774]
[19] (RtlUserThreadStart+0x21) [0x00007FFE493F0D51]
Done
