INFO: [VRFC 10-2263] Analyzing Verilog file "C:/College/Thesis/AES_2018/fall2018/pipeline_try1 - clk_enc-44-decND/pipeline_try1.srcs/sources_1/ip/data_mem_gen_0/sim/data_mem_gen_0.v" into library xil_defaultlib
INFO: [VRFC 10-311] analyzing module data_mem_gen_0
INFO: [VRFC 10-2263] Analyzing Verilog file "C:/College/Thesis/AES_2018/fall2018/pipeline_try1 - clk_enc-44-decND/pipeline_try1.srcs/sources_1/new/KeyGeneration.v" into library xil_defaultlib
INFO: [VRFC 10-311] analyzing module KeyGeneration
INFO: [VRFC 10-2263] Analyzing Verilog file "C:/College/Thesis/AES_2018/fall2018/pipeline_try1 - clk_enc-44-decND/pipeline_try1.srcs/sources_1/new/aescipher.v" into library xil_defaultlib
INFO: [VRFC 10-311] analyzing module aescipher
INFO: [VRFC 10-2263] Analyzing Verilog file "C:/College/Thesis/AES_2018/fall2018/pipeline_try1 - clk_enc-44-decND/pipeline_try1.srcs/sources_1/new/databuffer.v" into library xil_defaultlib
INFO: [VRFC 10-311] analyzing module databuffer
INFO: [VRFC 10-2263] Analyzing Verilog file "C:/College/Thesis/AES_2018/fall2018/pipeline_try1 - clk_enc-44-decND/pipeline_try1.srcs/sources_1/new/mixcolumn.v" into library xil_defaultlib
INFO: [VRFC 10-311] analyzing module mixcolumn
INFO: [VRFC 10-2263] Analyzing Verilog file "C:/College/Thesis/AES_2018/fall2018/pipeline_try1 - clk_enc-44-decND/pipeline_try1.srcs/sources_1/new/rounds.v" into library xil_defaultlib
INFO: [VRFC 10-311] analyzing module rounds
INFO: [VRFC 10-2263] Analyzing Verilog file "C:/College/Thesis/AES_2018/fall2018/pipeline_try1 - clk_enc-44-decND/pipeline_try1.srcs/sources_1/new/rounndlast.v" into library xil_defaultlib
INFO: [VRFC 10-311] analyzing module rounndlast
INFO: [VRFC 10-2263] Analyzing Verilog file "C:/College/Thesis/AES_2018/fall2018/pipeline_try1 - clk_enc-44-decND/pipeline_try1.srcs/sources_1/new/sbox.v" into library xil_defaultlib
INFO: [VRFC 10-311] analyzing module sbox
INFO: [VRFC 10-2263] Analyzing Verilog file "C:/College/Thesis/AES_2018/fall2018/pipeline_try1 - clk_enc-44-decND/pipeline_try1.srcs/sources_1/new/shiftrow.v" into library xil_defaultlib
INFO: [VRFC 10-311] analyzing module shiftrow
INFO: [VRFC 10-2263] Analyzing Verilog file "C:/College/Thesis/AES_2018/fall2018/pipeline_try1 - clk_enc-44-decND/pipeline_try1.srcs/sources_1/new/subbytes.v" into library xil_defaultlib
INFO: [VRFC 10-311] analyzing module subbytes
INFO: [VRFC 10-2263] Analyzing Verilog file "C:/College/Thesis/AES_2018/fall2018/pipeline_try1 - clk_enc-44-decND/pipeline_try1.srcs/sources_1/new/top.v" into library xil_defaultlib
INFO: [VRFC 10-311] analyzing module top
INFO: [VRFC 10-2263] Analyzing Verilog file "C:/College/Thesis/AES_2018/fall2018/pipeline_try1 - clk_enc-44-decND/pipeline_try1.srcs/sim_1/new/tb.v" into library xil_defaultlib
INFO: [VRFC 10-311] analyzing module tb
INFO: [VRFC 10-2263] Analyzing Verilog file "C:/College/Thesis/AES_2018/fall2018/pipeline_try1 - clk_enc-44-decND/pipeline_try1.sim/sim_1/behav/glbl.v" into library xil_defaultlib
INFO: [VRFC 10-311] analyzing module glbl
