
*** Running vivado
    with args -log blk_mem_gen_0.vds -m64 -product Vivado -mode batch -messageDb vivado.pb -notrace -source blk_mem_gen_0.tcl


****** Vivado v2017.2 (64-bit)
  **** SW Build 1909853 on Thu Jun 15 18:39:09 MDT 2017
  **** IP Build 1909766 on Thu Jun 15 19:58:00 MDT 2017
    ** Copyright 1986-2017 Xilinx, Inc. All Rights Reserved.

source blk_mem_gen_0.tcl -notrace
Starting RTL Elaboration : Time (s): cpu = 00:00:06 ; elapsed = 00:00:06 . Memory (MB): peak = 382.953 ; gain = 80.285
INFO: [Synth 8-638] synthesizing module 'blk_mem_gen_0' [c:/College/Thesis/VivadoProjects/AES_encrypt/AES_encrypt/AES_encrypt.srcs/sources_1/ip/blk_mem_gen_0/synth/blk_mem_gen_0.vhd:70]
INFO: [Synth 8-256] done synthesizing module 'blk_mem_gen_0' (9#1) [c:/College/Thesis/VivadoProjects/AES_encrypt/AES_encrypt/AES_encrypt.srcs/sources_1/ip/blk_mem_gen_0/synth/blk_mem_gen_0.vhd:70]
Finished RTL Elaboration : Time (s): cpu = 00:00:59 ; elapsed = 00:01:00 . Memory (MB): peak = 589.211 ; gain = 286.543
Finished RTL Optimization Phase 1 : Time (s): cpu = 00:01:00 ; elapsed = 00:01:00 . Memory (MB): peak = 589.211 ; gain = 286.543
INFO: [Device 21-403] Loading part xc7a100tcsg324-1
Constraint Validation Runtime : Time (s): cpu = 00:00:00 ; elapsed = 00:00:00.019 . Memory (MB): peak = 654.980 ; gain = 0.000
Finished Constraint Validation : Time (s): cpu = 00:01:10 ; elapsed = 00:01:11 . Memory (MB): peak = 654.980 ; gain = 352.313
Finished Loading Part and Timing Information : Time (s): cpu = 00:01:10 ; elapsed = 00:01:11 . Memory (MB): peak = 654.980 ; gain = 352.313
Finished applying 'set_property' XDC Constraints : Time (s): cpu = 00:01:10 ; elapsed = 00:01:11 . Memory (MB): peak = 654.980 ; gain = 352.313
Finished RTL Optimization Phase 2 : Time (s): cpu = 00:01:10 ; elapsed = 00:01:11 . Memory (MB): peak = 654.980 ; gain = 352.313
Finished Cross Boundary and Area Optimization : Time (s): cpu = 00:01:11 ; elapsed = 00:01:12 . Memory (MB): peak = 654.980 ; gain = 352.313
Finished Applying XDC Timing Constraints : Time (s): cpu = 00:01:22 ; elapsed = 00:01:24 . Memory (MB): peak = 681.289 ; gain = 378.621
Finished Timing Optimization : Time (s): cpu = 00:01:22 ; elapsed = 00:01:24 . Memory (MB): peak = 681.289 ; gain = 378.621
Finished Technology Mapping : Time (s): cpu = 00:01:22 ; elapsed = 00:01:24 . Memory (MB): peak = 691.434 ; gain = 388.766
Finished IO Insertion : Time (s): cpu = 00:01:23 ; elapsed = 00:01:24 . Memory (MB): peak = 691.434 ; gain = 388.766
Finished Renaming Generated Instances : Time (s): cpu = 00:01:23 ; elapsed = 00:01:24 . Memory (MB): peak = 691.434 ; gain = 388.766
Finished Rebuilding User Hierarchy : Time (s): cpu = 00:01:23 ; elapsed = 00:01:24 . Memory (MB): peak = 691.434 ; gain = 388.766
Finished Renaming Generated Ports : Time (s): cpu = 00:01:23 ; elapsed = 00:01:24 . Memory (MB): peak = 691.434 ; gain = 388.766
Finished Handling Custom Attributes : Time (s): cpu = 00:01:23 ; elapsed = 00:01:24 . Memory (MB): peak = 691.434 ; gain = 388.766
Finished Renaming Generated Nets : Time (s): cpu = 00:01:23 ; elapsed = 00:01:24 . Memory (MB): peak = 691.434 ; gain = 388.766

Report Cell Usage: 
+------+---------+------+
|      |Cell     |Count |
+------+---------+------+
|1     |RAMB18E1 |     1|
+------+---------+------+
Finished Writing Synthesis Report : Time (s): cpu = 00:01:23 ; elapsed = 00:01:24 . Memory (MB): peak = 691.434 ; gain = 388.766
synth_design: Time (s): cpu = 00:01:25 ; elapsed = 00:01:26 . Memory (MB): peak = 704.965 ; gain = 402.922
