
*** Running vivado
    with args -log blk_mem_gen_0.vds -m64 -product Vivado -mode batch -messageDb vivado.pb -notrace -source blk_mem_gen_0.tcl


****** Vivado v2017.2 (64-bit)
  **** SW Build 1909853 on Thu Jun 15 18:39:09 MDT 2017
  **** IP Build 1909766 on Thu Jun 15 19:58:00 MDT 2017
    ** Copyright 1986-2017 Xilinx, Inc. All Rights Reserved.

source blk_mem_gen_0.tcl -notrace
Starting RTL Elaboration : Time (s): cpu = 00:00:05 ; elapsed = 00:00:06 . Memory (MB): peak = 382.484 ; gain = 79.020
INFO: [Synth 8-638] synthesizing module 'blk_mem_gen_0' [c:/College/Thesis/VivadoProjects/AES_encrypt/AES_encrypt/AES_encrypt.srcs/sources_1/ip/blk_mem_gen_0/synth/blk_mem_gen_0.vhd:70]
INFO: [Synth 8-256] done synthesizing module 'blk_mem_gen_0' (9#1) [c:/College/Thesis/VivadoProjects/AES_encrypt/AES_encrypt/AES_encrypt.srcs/sources_1/ip/blk_mem_gen_0/synth/blk_mem_gen_0.vhd:70]
Finished RTL Elaboration : Time (s): cpu = 00:01:03 ; elapsed = 00:01:06 . Memory (MB): peak = 589.168 ; gain = 285.703
Finished RTL Optimization Phase 1 : Time (s): cpu = 00:01:03 ; elapsed = 00:01:06 . Memory (MB): peak = 589.168 ; gain = 285.703
INFO: [Device 21-403] Loading part xc7a100tcsg324-1
Constraint Validation Runtime : Time (s): cpu = 00:00:00 ; elapsed = 00:00:00.238 . Memory (MB): peak = 655.008 ; gain = 0.000
Finished Constraint Validation : Time (s): cpu = 00:01:14 ; elapsed = 00:01:17 . Memory (MB): peak = 655.008 ; gain = 351.543
Finished Loading Part and Timing Information : Time (s): cpu = 00:01:14 ; elapsed = 00:01:17 . Memory (MB): peak = 655.008 ; gain = 351.543
Finished applying 'set_property' XDC Constraints : Time (s): cpu = 00:01:14 ; elapsed = 00:01:17 . Memory (MB): peak = 655.008 ; gain = 351.543
Finished RTL Optimization Phase 2 : Time (s): cpu = 00:01:14 ; elapsed = 00:01:17 . Memory (MB): peak = 655.008 ; gain = 351.543
Finished Cross Boundary and Area Optimization : Time (s): cpu = 00:01:14 ; elapsed = 00:01:18 . Memory (MB): peak = 655.008 ; gain = 351.543
Finished Applying XDC Timing Constraints : Time (s): cpu = 00:01:28 ; elapsed = 00:01:32 . Memory (MB): peak = 681.309 ; gain = 377.844
Finished Timing Optimization : Time (s): cpu = 00:01:28 ; elapsed = 00:01:32 . Memory (MB): peak = 681.309 ; gain = 377.844
Finished Technology Mapping : Time (s): cpu = 00:01:28 ; elapsed = 00:01:32 . Memory (MB): peak = 691.449 ; gain = 387.984
Finished IO Insertion : Time (s): cpu = 00:01:29 ; elapsed = 00:01:33 . Memory (MB): peak = 691.449 ; gain = 387.984
Finished Renaming Generated Instances : Time (s): cpu = 00:01:29 ; elapsed = 00:01:33 . Memory (MB): peak = 691.449 ; gain = 387.984
Finished Rebuilding User Hierarchy : Time (s): cpu = 00:01:29 ; elapsed = 00:01:33 . Memory (MB): peak = 691.449 ; gain = 387.984
Finished Renaming Generated Ports : Time (s): cpu = 00:01:29 ; elapsed = 00:01:33 . Memory (MB): peak = 691.449 ; gain = 387.984
Finished Handling Custom Attributes : Time (s): cpu = 00:01:29 ; elapsed = 00:01:33 . Memory (MB): peak = 691.449 ; gain = 387.984
Finished Renaming Generated Nets : Time (s): cpu = 00:01:29 ; elapsed = 00:01:33 . Memory (MB): peak = 691.449 ; gain = 387.984

Report Cell Usage: 
+------+---------+------+
|      |Cell     |Count |
+------+---------+------+
|1     |RAMB18E1 |     1|
+------+---------+------+
Finished Writing Synthesis Report : Time (s): cpu = 00:01:29 ; elapsed = 00:01:33 . Memory (MB): peak = 691.449 ; gain = 387.984
synth_design: Time (s): cpu = 00:01:31 ; elapsed = 00:01:35 . Memory (MB): peak = 704.977 ; gain = 403.141
