Copyright 1986-2017 Xilinx, Inc. All Rights Reserved.
-------------------------------------------------------------------------------------------------------------------------------
| Tool Version     : Vivado v.2017.1 (win64) Build 1846317 Fri Apr 14 18:55:03 MDT 2017
| Date             : Tue Sep  4 01:00:27 2018
| Host             : DESKTOP-GJPCRJL running 64-bit major release  (build 9200)
| Command          : report_power -file top_power_routed.rpt -pb top_power_summary_routed.pb -rpx top_power_routed.rpx
| Design           : top
| Device           : xc7a100tcsg324-1
| Design State     : routed
| Grade            : commercial
| Process          : typical
| Characterization : Production
-------------------------------------------------------------------------------------------------------------------------------

Power Report

Table of Contents
-----------------
1. Summary
1.1 On-Chip Components
1.2 Power Supply Summary
1.3 Confidence Level
2. Settings
2.1 Environment
2.2 Clock Constraints
3. Detailed Reports
3.1 By Hierarchy

1. Summary
----------

+--------------------------+-----------------------------------+
| Total On-Chip Power (W)  | 319.450 (Junction temp exceeded!) |
| Dynamic (W)              | 318.653                           |
| Device Static (W)        | 0.798                             |
| Effective TJA (C/W)      | 4.6                               |
| Max Ambient (C)          | 0.0                               |
| Junction Temperature (C) | 125.0                             |
| Confidence Level         | Low                               |
| Setting File             | ---                               |
| Simulation Activity File | ---                               |
| Design Nets Matched      | NA                                |
+--------------------------+-----------------------------------+


1.1 On-Chip Components
----------------------

+----------------+-----------+----------+-----------+-----------------+
| On-Chip        | Power (W) | Used     | Available | Utilization (%) |
+----------------+-----------+----------+-----------+-----------------+
| Slice Logic    |   157.375 |    32778 |       --- |             --- |
|   LUT as Logic |   145.263 |    11504 |     63400 |           18.15 |
|   F7/F8 Muxes  |    12.090 |     5382 |     63400 |            8.49 |
|   Register     |     0.016 |    15451 |    126800 |           12.19 |
|   BUFG         |     0.006 |       12 |        32 |           37.50 |
|   CARRY4       |     0.002 |        3 |     15850 |            0.02 |
|   Others       |     0.000 |       17 |       --- |             --- |
| Signals        |   160.974 |    19354 |       --- |             --- |
| Block RAM      |     0.071 |        1 |       135 |            0.74 |
| I/O            |     0.228 |       14 |       210 |            6.67 |
| Static Power   |     0.798 |          |           |                 |
| Total          |   319.446 |          |           |                 |
+----------------+-----------+----------+-----------+-----------------+


1.2 Power Supply Summary
------------------------

+-----------+-------------+-----------+-------------+------------+
| Source    | Voltage (V) | Total (A) | Dynamic (A) | Static (A) |
+-----------+-------------+-----------+-------------+------------+
| Vccint    |       1.000 |   318.991 |     318.427 |      0.563 |
| Vccaux    |       1.800 |     0.101 |       0.008 |      0.093 |
| Vcco33    |       3.300 |     0.066 |       0.062 |      0.004 |
| Vcco25    |       2.500 |     0.000 |       0.000 |      0.000 |
| Vcco18    |       1.800 |     0.000 |       0.000 |      0.000 |
| Vcco15    |       1.500 |     0.000 |       0.000 |      0.000 |
| Vcco135   |       1.350 |     0.000 |       0.000 |      0.000 |
| Vcco12    |       1.200 |     0.000 |       0.000 |      0.000 |
| Vccaux_io |       1.800 |     0.000 |       0.000 |      0.000 |
| Vccbram   |       1.000 |     0.024 |       0.005 |      0.018 |
| MGTAVcc   |       1.000 |     0.000 |       0.000 |      0.000 |
| MGTAVtt   |       1.200 |     0.000 |       0.000 |      0.000 |
| Vccadc    |       1.800 |     0.020 |       0.000 |      0.020 |
+-----------+-------------+-----------+-------------+------------+


1.3 Confidence Level
--------------------

+-----------------------------+------------+--------------------------------------------------------+--------------------------------------------------------------------------------------------------------------------+
| User Input Data             | Confidence | Details                                                | Action                                                                                                             |
+-----------------------------+------------+--------------------------------------------------------+--------------------------------------------------------------------------------------------------------------------+
| Design implementation state | High       | Design is routed                                       |                                                                                                                    |
| Clock nodes activity        | Low        | User specified less than 75% of clocks                 | Provide missing clock activity with a constraint file, simulation results or by editing the "By Clock Domain" view |
| I/O nodes activity          | Low        | More than 75% of inputs are missing user specification | Provide missing input activity with simulation results or by editing the "By Resource Type -> I/Os" view           |
| Internal nodes activity     | Medium     | User specified less than 25% of internal nodes         | Provide missing internal nodes activity with simulation results or by editing the "By Resource Type" views         |
| Device models               | High       | Device models are Production                           |                                                                                                                    |
|                             |            |                                                        |                                                                                                                    |
| Overall confidence level    | Low        |                                                        |                                                                                                                    |
+-----------------------------+------------+--------------------------------------------------------+--------------------------------------------------------------------------------------------------------------------+


2. Settings
-----------

2.1 Environment
---------------

+-----------------------+--------------------------+
| Ambient Temp (C)      | 25.0                     |
| ThetaJA (C/W)         | 4.6                      |
| Airflow (LFM)         | 250                      |
| Heat Sink             | medium (Medium Profile)  |
| ThetaSA (C/W)         | 4.6                      |
| Board Selection       | medium (10"x10")         |
| # of Board Layers     | 12to15 (12 to 15 Layers) |
| Board Temperature (C) | 25.0                     |
+-----------------------+--------------------------+


2.2 Clock Constraints
---------------------

+-------+--------+-----------------+
| Clock | Domain | Constraint (ns) |
+-------+--------+-----------------+


3. Detailed Reports
-------------------

3.1 By Hierarchy
----------------

+----------------------------------------------+-----------+
| Name                                         | Power (W) |
+----------------------------------------------+-----------+
| top                                          |   318.648 |
|   AES1                                       |   314.040 |
|   B0                                         |     3.062 |
|     U0                                       |     3.062 |
|       inst_blk_mem_gen                       |     3.062 |
|         gnbram.gnativebmg.native_blk_mem_gen |     3.062 |
|           valid.cstr                         |     3.062 |
|             ramloop[0].ram.r                 |     3.062 |
|               prim_init.ram                  |     3.062 |
|   B1                                         |     0.230 |
|     U0                                       |     0.230 |
|       inst_blk_mem_gen                       |     0.230 |
|         gnbram.gnativebmg.native_blk_mem_gen |     0.230 |
|           valid.cstr                         |     0.230 |
|             ramloop[0].ram.r                 |     0.230 |
|               prim_init.ram                  |     0.230 |
|   C0                                         |     0.240 |
|   D1                                         |     0.001 |
|   HM1                                        |     0.024 |
|   U1                                         |     0.669 |
+----------------------------------------------+-----------+


