Copyright 1986-2017 Xilinx, Inc. All Rights Reserved.
-------------------------------------------------------------------------------------------------------------------------------------------
| Tool Version     : Vivado v.2017.1 (win64) Build 1846317 Fri Apr 14 18:55:03 MDT 2017
| Date             : Sun Sep  9 00:44:53 2018
| Host             : DESKTOP-GJPCRJL running 64-bit major release  (build 9200)
| Command          : report_power -file AES_TOP_power_routed.rpt -pb AES_TOP_power_summary_routed.pb -rpx AES_TOP_power_routed.rpx
| Design           : AES_TOP
| Device           : xc7a100tcsg324-1
| Design State     : routed
| Grade            : commercial
| Process          : typical
| Characterization : Production
-------------------------------------------------------------------------------------------------------------------------------------------

Power Report

Table of Contents
-----------------
1. Summary
1.1 On-Chip Components
1.2 Power Supply Summary
1.3 Confidence Level
2. Settings
2.1 Environment
2.2 Clock Constraints
3. Detailed Reports
3.1 By Hierarchy

1. Summary
----------

+--------------------------+-----------------------------------+
| Total On-Chip Power (W)  | 742.616 (Junction temp exceeded!) |
| Dynamic (W)              | 741.820                           |
| Device Static (W)        | 0.797                             |
| Effective TJA (C/W)      | 4.6                               |
| Max Ambient (C)          | 0.0                               |
| Junction Temperature (C) | 125.0                             |
| Confidence Level         | Low                               |
| Setting File             | ---                               |
| Simulation Activity File | ---                               |
| Design Nets Matched      | NA                                |
+--------------------------+-----------------------------------+


1.1 On-Chip Components
----------------------

+----------------+-----------+----------+-----------+-----------------+
| On-Chip        | Power (W) | Used     | Available | Utilization (%) |
+----------------+-----------+----------+-----------+-----------------+
| Slice Logic    |   421.479 |    47052 |       --- |             --- |
|   LUT as Logic |   395.155 |    25412 |     63400 |           40.08 |
|   F7/F8 Muxes  |    19.237 |     9693 |     63400 |           15.29 |
|   Register     |     7.079 |     8512 |    126800 |            6.71 |
|   BUFG         |     0.006 |        1 |        32 |            3.13 |
|   CARRY4       |     0.003 |        3 |     15850 |            0.02 |
|   Others       |     0.000 |       31 |       --- |             --- |
| Signals        |   319.986 |    20850 |       --- |             --- |
| I/O            |     0.354 |        7 |       210 |            3.33 |
| Static Power   |     0.797 |          |           |                 |
| Total          |   742.615 |          |           |                 |
+----------------+-----------+----------+-----------+-----------------+


1.2 Power Supply Summary
------------------------

+-----------+-------------+-----------+-------------+------------+
| Source    | Voltage (V) | Total (A) | Dynamic (A) | Static (A) |
+-----------+-------------+-----------+-------------+------------+
| Vccint    |       1.000 |   742.041 |     741.479 |      0.563 |
| Vccaux    |       1.800 |     0.105 |       0.012 |      0.093 |
| Vcco33    |       3.300 |     0.100 |       0.096 |      0.004 |
| Vcco25    |       2.500 |     0.000 |       0.000 |      0.000 |
| Vcco18    |       1.800 |     0.000 |       0.000 |      0.000 |
| Vcco15    |       1.500 |     0.000 |       0.000 |      0.000 |
| Vcco135   |       1.350 |     0.000 |       0.000 |      0.000 |
| Vcco12    |       1.200 |     0.000 |       0.000 |      0.000 |
| Vccaux_io |       1.800 |     0.000 |       0.000 |      0.000 |
| Vccbram   |       1.000 |     0.018 |       0.000 |      0.018 |
| MGTAVcc   |       1.000 |     0.000 |       0.000 |      0.000 |
| MGTAVtt   |       1.200 |     0.000 |       0.000 |      0.000 |
| Vccadc    |       1.800 |     0.020 |       0.000 |      0.020 |
+-----------+-------------+-----------+-------------+------------+


1.3 Confidence Level
--------------------

+-----------------------------+------------+--------------------------------------------------------+--------------------------------------------------------------------------------------------------------------------+
| User Input Data             | Confidence | Details                                                | Action                                                                                                             |
+-----------------------------+------------+--------------------------------------------------------+--------------------------------------------------------------------------------------------------------------------+
| Design implementation state | High       | Design is routed                                       |                                                                                                                    |
| Clock nodes activity        | Low        | User specified less than 75% of clocks                 | Provide missing clock activity with a constraint file, simulation results or by editing the "By Clock Domain" view |
| I/O nodes activity          | Low        | More than 75% of inputs are missing user specification | Provide missing input activity with simulation results or by editing the "By Resource Type -> I/Os" view           |
| Internal nodes activity     | Medium     | User specified less than 25% of internal nodes         | Provide missing internal nodes activity with simulation results or by editing the "By Resource Type" views         |
| Device models               | High       | Device models are Production                           |                                                                                                                    |
|                             |            |                                                        |                                                                                                                    |
| Overall confidence level    | Low        |                                                        |                                                                                                                    |
+-----------------------------+------------+--------------------------------------------------------+--------------------------------------------------------------------------------------------------------------------+


2. Settings
-----------

2.1 Environment
---------------

+-----------------------+--------------------------+
| Ambient Temp (C)      | 25.0                     |
| ThetaJA (C/W)         | 4.6                      |
| Airflow (LFM)         | 250                      |
| Heat Sink             | medium (Medium Profile)  |
| ThetaSA (C/W)         | 4.6                      |
| Board Selection       | medium (10"x10")         |
| # of Board Layers     | 12to15 (12 to 15 Layers) |
| Board Temperature (C) | 25.0                     |
+-----------------------+--------------------------+


2.2 Clock Constraints
---------------------

+-------+--------+-----------------+
| Clock | Domain | Constraint (ns) |
+-------+--------+-----------------+


3. Detailed Reports
-------------------

3.1 By Hierarchy
----------------

+-------------+-----------+
| Name        | Power (W) |
+-------------+-----------+
| AES_TOP     |   741.819 |
|   T1        |     0.890 |
|   u1        |   737.527 |
|     r1      |    38.666 |
|       t1    |     2.747 |
|         q0  |     0.134 |
|         q1  |     0.157 |
|         q10 |     0.181 |
|         q11 |     0.187 |
|         q12 |     0.128 |
|         q13 |     0.198 |
|         q14 |     0.171 |
|         q16 |     0.172 |
|         q2  |     0.195 |
|         q3  |     0.159 |
|         q4  |     0.165 |
|         q5  |     0.171 |
|         q6  |     0.171 |
|         q7  |     0.193 |
|         q8  |     0.185 |
|         q9  |     0.182 |
|       t3    |     4.541 |
|     r10     |    55.591 |
|       t1    |     4.050 |
|         q0  |     0.275 |
|         q1  |     0.220 |
|         q10 |     0.257 |
|         q11 |     0.280 |
|         q12 |     0.255 |
|         q13 |     0.221 |
|         q14 |     0.225 |
|         q16 |     0.244 |
|         q2  |     0.263 |
|         q3  |     0.260 |
|         q4  |     0.260 |
|         q5  |     0.240 |
|         q6  |     0.260 |
|         q7  |     0.275 |
|         q8  |     0.234 |
|         q9  |     0.283 |
|       t3    |     5.814 |
|     r11     |    54.959 |
|       t1    |     4.021 |
|         q0  |     0.257 |
|         q1  |     0.273 |
|         q10 |     0.215 |
|         q11 |     0.300 |
|         q12 |     0.237 |
|         q13 |     0.244 |
|         q14 |     0.263 |
|         q16 |     0.232 |
|         q2  |     0.252 |
|         q3  |     0.241 |
|         q4  |     0.255 |
|         q5  |     0.261 |
|         q6  |     0.244 |
|         q7  |     0.272 |
|         q8  |     0.239 |
|         q9  |     0.235 |
|       t3    |     5.739 |
|     r12     |    55.157 |
|       t1    |     3.945 |
|         q0  |     0.274 |
|         q1  |     0.262 |
|         q10 |     0.251 |
|         q11 |     0.243 |
|         q12 |     0.258 |
|         q13 |     0.239 |
|         q14 |     0.264 |
|         q16 |     0.226 |
|         q2  |     0.229 |
|         q3  |     0.242 |
|         q4  |     0.241 |
|         q5  |     0.236 |
|         q6  |     0.241 |
|         q7  |     0.269 |
|         q8  |     0.228 |
|         q9  |     0.240 |
|       t3    |     5.756 |
|     r13     |    55.177 |
|       t1    |     4.064 |
|         q0  |     0.229 |
|         q1  |     0.257 |
|         q10 |     0.247 |
|         q11 |     0.243 |
|         q12 |     0.243 |
|         q13 |     0.253 |
|         q14 |     0.261 |
|         q16 |     0.272 |
|         q2  |     0.271 |
|         q3  |     0.254 |
|         q4  |     0.236 |
|         q5  |     0.267 |
|         q6  |     0.265 |
|         q7  |     0.276 |
|         q8  |     0.251 |
|         q9  |     0.239 |
|       t3    |     5.442 |
|     r14     |     7.484 |
|       t1    |     6.101 |
|         q0  |     0.397 |
|         q1  |     0.433 |
|         q10 |     0.275 |
|         q11 |     0.451 |
|         q12 |     0.346 |
|         q13 |     0.416 |
|         q14 |     0.284 |
|         q16 |     0.428 |
|         q2  |     0.376 |
|         q3  |     0.375 |
|         q4  |     0.291 |
|         q5  |     0.445 |
|         q6  |     0.321 |
|         q7  |     0.481 |
|         q8  |     0.312 |
|         q9  |     0.469 |
|       t2    |     0.606 |
|     r2      |    55.439 |
|       t1    |     4.156 |
|         q0  |     0.252 |
|         q1  |     0.282 |
|         q10 |     0.229 |
|         q11 |     0.228 |
|         q12 |     0.243 |
|         q13 |     0.281 |
|         q14 |     0.246 |
|         q16 |     0.251 |
|         q2  |     0.250 |
|         q3  |     0.288 |
|         q4  |     0.240 |
|         q5  |     0.262 |
|         q6  |     0.340 |
|         q7  |     0.287 |
|         q8  |     0.238 |
|         q9  |     0.240 |
|       t3    |     5.755 |
|     r3      |    54.655 |
|       t1    |     4.067 |
|         q0  |     0.250 |
|         q1  |     0.278 |
|         q10 |     0.218 |
|         q11 |     0.255 |
|         q12 |     0.239 |
|         q13 |     0.242 |
|         q14 |     0.270 |
|         q16 |     0.257 |
|         q2  |     0.231 |
|         q3  |     0.251 |
|         q4  |     0.260 |
|         q5  |     0.277 |
|         q6  |     0.266 |
|         q7  |     0.248 |
|         q8  |     0.251 |
|         q9  |     0.276 |
|       t3    |     5.491 |
|     r4      |    54.915 |
|       t1    |     4.102 |
|         q0  |     0.256 |
|         q1  |     0.260 |
|         q10 |     0.272 |
|         q11 |     0.233 |
|         q12 |     0.243 |
|         q13 |     0.264 |
|         q14 |     0.251 |
|         q16 |     0.263 |
|         q2  |     0.268 |
|         q3  |     0.276 |
|         q4  |     0.263 |
|         q5  |     0.241 |
|         q6  |     0.265 |
|         q7  |     0.270 |
|         q8  |     0.223 |
|         q9  |     0.253 |
|       t3    |     5.715 |
|     r5      |    54.628 |
|       t1    |     3.972 |
|         q0  |     0.239 |
|         q1  |     0.236 |
|         q10 |     0.242 |
|         q11 |     0.264 |
|         q12 |     0.263 |
|         q13 |     0.251 |
|         q14 |     0.241 |
|         q16 |     0.242 |
|         q2  |     0.260 |
|         q3  |     0.240 |
|         q4  |     0.262 |
|         q5  |     0.235 |
|         q6  |     0.250 |
|         q7  |     0.244 |
|         q8  |     0.236 |
|         q9  |     0.268 |
|       t3    |     5.755 |
|     r6      |    55.601 |
|       t1    |     3.962 |
|         q0  |     0.243 |
|         q1  |     0.254 |
|         q10 |     0.234 |
|         q11 |     0.254 |
|         q12 |     0.222 |
|         q13 |     0.278 |
|         q14 |     0.232 |
|         q16 |     0.257 |
|         q2  |     0.226 |
|         q3  |     0.235 |
|         q4  |     0.233 |
|         q5  |     0.279 |
|         q6  |     0.239 |
|         q7  |     0.263 |
|         q8  |     0.261 |
|         q9  |     0.251 |
|       t3    |     5.829 |
|     r7      |    56.333 |
|       t1    |     4.176 |
|         q0  |     0.222 |
|         q1  |     0.246 |
|         q10 |     0.262 |
|         q11 |     0.270 |
|         q12 |     0.257 |
|         q13 |     0.234 |
|         q14 |     0.281 |
|         q16 |     0.263 |
|         q2  |     0.243 |
|         q3  |     0.260 |
|         q4  |     0.246 |
|         q5  |     0.280 |
|         q6  |     0.287 |
|         q7  |     0.268 |
|         q8  |     0.268 |
|         q9  |     0.288 |
|       t3    |     5.824 |
|     r8      |    55.306 |
|       t1    |     4.133 |
|         q0  |     0.260 |
|         q1  |     0.272 |
|         q10 |     0.240 |
|         q11 |     0.290 |
|         q12 |     0.256 |
|         q13 |     0.252 |
|         q14 |     0.224 |
|         q16 |     0.237 |
|         q2  |     0.292 |
|         q3  |     0.223 |
|         q4  |     0.280 |
|         q5  |     0.206 |
|         q6  |     0.258 |
|         q7  |     0.303 |
|         q8  |     0.256 |
|         q9  |     0.284 |
|       t3    |     5.668 |
|     r9      |    55.600 |
|       t1    |     4.131 |
|         q0  |     0.267 |
|         q1  |     0.308 |
|         q10 |     0.226 |
|         q11 |     0.243 |
|         q12 |     0.239 |
|         q13 |     0.247 |
|         q14 |     0.269 |
|         q16 |     0.319 |
|         q2  |     0.221 |
|         q3  |     0.247 |
|         q4  |     0.259 |
|         q5  |     0.242 |
|         q6  |     0.278 |
|         q7  |     0.260 |
|         q8  |     0.262 |
|         q9  |     0.245 |
|       t3    |     5.645 |
+-------------+-----------+


