Exception at PC 0x00007FFF61B2A388
Exception at PC 0x00007FFF61B2A388
Unable to capture context for thread 12024 in process 948, can not generate back trace
Unable to capture context for thread 4492 in process 948, can not generate back trace
Unable to capture context for thread 4676 in process 948, can not generate back trace
Exception at PC 0x00007FFF61B2A388
Unable to capture context for thread 12024 in process 948, can not generate back trace
Unable to capture context for thread 4492 in process 948, can not generate back trace
Unable to capture context for thread 4676 in process 948, can not generate back trace
Exception at PC 0x00007FFEEBE0BB93
Printing stacktrace...

Exception at PC 0x00007FFF61B2A388
Exception at PC 0x00007FFF61B2A388
Exception at PC 0x00007FFF61B2A388
Exception at PC 0x00007FFF61B2A388
Exception at PC 0x00007FFF61B2A388
Exception at PC 0x00007FFF61B2A388
Exception at PC 0x00007FFF61B2A388
Exception at PC 0x00007FFF61B2A388
Exception at PC 0x00007FFF61B2A388
Exception at PC 0x00007FFF61B2A388
Exception at PC 0x00007FFF61B2A388
Exception at PC 0x00007FFF61B2A388
Exception at PC 0x00007FFF61B2A388
Exception at PC 0x00007FFF61B2A388
Exception at PC 0x00007FFF61B2A388
Exception at PC 0x00007FFF61B2A388
Exception at PC 0x00007FFF61B2A388
[0]  [0x00007FFEEBE0BB93]
[1]  [0x00007FFEEBE0BB93]
[2]  [0x00007FFEEBE0B4A1]
[3]  [0x00007FFEEBE0B3EF]
[4]  [0x00007FFEEBDF19FE]
[5]  [0x00007FFEEBDF0ED1]
[6]  [0x00007FFEEBDF0D76]
[7]  [0x00007FFEEBD979F6]
[8]  [0x00007FFEEBD87AFB]
[9]  [0x00007FFEEBEAE90A]
[10]  [0x00007FFEEBEC9F87]
[11]  [0x00007FFEEBECA05F]
[12] (BaseThreadInitThunk+0x14) [0x00007FFF63903034]
[13] (RtlUserThreadStart+0x21) [0x00007FFF64AF1431]
Done
Exception at PC 0x00007FFEEBB11A52
Attemped to write at address 0x00007FFF37029BA4
Printing stacktrace...

[0]  [0x00007FFEEBB11A52]
[1]  [0x00007FFEEBB11A52]
[2]  [0x00007FFEEBB11AD4]
[3]  [0x00007FFEEBC53FF7]
[4]  [0x00007FFEEBB39128]
[5]  [0x00007FFEEBDEDFB9]
[6]  [0x00007FFEEBFBEF23]
[7]  [0x00007FFEEBECB06B]
[8]  [0x00007FFEEBEC08AF]
[9]  [0x00007FFEEBEC0A32]
[10] (RtlActivateActivationContextUnsafeFast+0x123) [0x00007FFF64AB4023]
[11] (LdrShutdownProcess+0x125) [0x00007FFF64AC09D5]
[12] (RtlExitUserProcess+0xd8) [0x00007FFF64AC0898]
[13] (FatalExit+0xa) [0x00007FFF6390B19A]
[14] (exit+0x75) [0x00007FFF622E9CE5]
[15] (initterm_e+0x235) [0x00007FFF622EA345]
[16]  [0x00000000004014CD]
[17]  [0x000000000040151B]
[18] (BaseThreadInitThunk+0x14) [0x00007FFF63903034]
[19] (RtlUserThreadStart+0x21) [0x00007FFF64AF1431]
Done
